00:13:08.252 INFO [LoggingOptions.configureLogEncoding] - Using the system default encoding
00:13:08.257 INFO [OpenTelemetryTracer.createTracer] - Using OpenTelemetry for tracing
00:13:08.387 INFO [BoundZmqEventBus.<init>] - XPUB binding to [binding to tcp://*:4442, advertising as tcp://192.168.56.1:4442], XSUB binding to [binding to tcp://*:4443, advertising as tcp://192.168.56.1:4443]
00:13:08.425 INFO [UnboundZmqEventBus.<init>] - Connecting to tcp://192.168.56.1:4442 and tcp://192.168.56.1:4443
00:13:08.443 INFO [UnboundZmqEventBus.<init>] - Sockets created
00:13:09.454 INFO [UnboundZmqEventBus.<init>] - Event bus ready
00:13:09.911 INFO [Hub.execute] - Started Selenium Hub 4.33.0 (revision 2c6aaad03a): http://localhost:4444
00:13:15.524 INFO [Node.<init>] - Binding additional locator mechanisms: relative
00:13:15.768 INFO [GridModel.setAvailability] - Switching Node 972144d7-bcb6-458c-975a-67fba2b68107 (uri: http://192.168.56.1:5555) from DOWN to UP
00:13:15.768 INFO [LocalDistributor.add] - Added node 972144d7-bcb6-458c-975a-67fba2b68107 at http://192.168.56.1:5555. Health check every 120s
00:13:15.770 INFO [Node.<init>] - Binding additional locator mechanisms: relative
00:13:15.853 INFO [GridModel.setAvailability] - Switching Node 3bbe9846-9ad8-4645-8a0d-86903a889391 (uri: http://192.168.56.1:7777) from DOWN to UP
00:13:15.853 INFO [LocalDistributor.add] - Added node 3bbe9846-9ad8-4645-8a0d-86903a889391 at http://192.168.56.1:7777. Health check every 120s
00:13:15.855 INFO [Node.<init>] - Binding additional locator mechanisms: relative
00:13:15.955 INFO [GridModel.setAvailability] - Switching Node b8d151f7-00e6-410e-bfa9-b152852881f2 (uri: http://192.168.56.1:6666) from DOWN to UP
00:13:15.956 INFO [LocalDistributor.add] - Added node b8d151f7-00e6-410e-bfa9-b152852881f2 at http://192.168.56.1:6666. Health check every 120s
00:13:20.133 INFO [LocalDistributor.newSession] - Session request received by the Distributor: 
 [Capabilities {browserName: chrome, goog:chromeOptions: {args: [--use-device-ui-for-media-s..., ----use-fake-ui-for-media-s...], extensions: []}, pageLoadStrategy: normal}]
00:13:20.912 INFO [LocalDistributor.newSession] - Session created by the Distributor. Id: 14bcfd40ee6ccf7510cf4d796526ebaa 
 Caps: Capabilities {acceptInsecureCerts: false, browserName: chrome, browserVersion: 137.0.7151.69, chrome: {chromedriverVersion: 137.0.7151.68 (2989ffee9373..., userDataDir: C:\Users\nhuph\AppData\Loca...}, fedcm:accounts: true, goog:chromeOptions: {debuggerAddress: localhost:52303}, networkConnectionEnabled: false, pageLoadStrategy: normal, platformName: Windows 11, proxy: {}, se:bidiEnabled: false, se:cdp: ws://192.168.56.1:4444/sess..., se:cdpVersion: 137.0.7151.69, setWindowRect: true, strictFileInteractability: false, timeouts: {implicit: 0, pageLoad: 300000, script: 30000}, unhandledPromptBehavior: dismiss and notify, webauthn:extension:credBlob: true, webauthn:extension:largeBlob: true, webauthn:extension:minPinLength: true, webauthn:extension:prf: true, webauthn:virtualAuthenticators: true}
00:13:34.716 INFO [LocalDistributor.newSession] - Session request received by the Distributor: 
 [Capabilities {browserName: chrome, goog:chromeOptions: {args: [--use-device-ui-for-media-s..., ----use-fake-ui-for-media-s...], extensions: []}, pageLoadStrategy: normal}]
00:13:35.530 INFO [LocalDistributor.newSession] - Session created by the Distributor. Id: 953f7bbbff397814c2360030e2f362fe 
 Caps: Capabilities {acceptInsecureCerts: false, browserName: chrome, browserVersion: 137.0.7151.69, chrome: {chromedriverVersion: 137.0.7151.68 (2989ffee9373..., userDataDir: C:\Users\nhuph\AppData\Loca...}, fedcm:accounts: true, goog:chromeOptions: {debuggerAddress: localhost:52367}, networkConnectionEnabled: false, pageLoadStrategy: normal, platformName: Windows 11, proxy: {}, se:bidiEnabled: false, se:cdp: ws://192.168.56.1:4444/sess..., se:cdpVersion: 137.0.7151.69, setWindowRect: true, strictFileInteractability: false, timeouts: {implicit: 0, pageLoad: 300000, script: 30000}, unhandledPromptBehavior: dismiss and notify, webauthn:extension:credBlob: true, webauthn:extension:largeBlob: true, webauthn:extension:minPinLength: true, webauthn:extension:prf: true, webauthn:virtualAuthenticators: true}
2025-06-08 00:14:05
Full thread dump Java HotSpot(TM) 64-Bit Server VM (23.0.1+11-39 mixed mode, sharing):

Threads class SMR info:
_java_thread_list=0x000001a1ebe49f30, length=69, elements={
0x000001a1eaafae80, 0x000001a1eaafc1b0, 0x000001a1eab01320, 0x000001a1eab02200,
0x000001a1eab03270, 0x000001a1eab048f0, 0x000001a1eab073d0, 0x000001a1eab08900,
0x000001a1c51c2610, 0x000001a1c51c3490, 0x000001a1c52fc0b0, 0x000001a1c5313890,
0x000001a1c5314520, 0x000001a1c5317fb0, 0x000001a1c58dbfc0, 0x000001a1c59c0af0,
0x000001a1c597f0b0, 0x000001a1c5a97420, 0x000001a1c5abdbf0, 0x000001a1c5ac0350,
0x000001a1c5abe280, 0x000001a1c5abe910, 0x000001a1c5abf630, 0x000001a1c5abefa0,
0x000001a1c5abced0, 0x000001a1c5abd560, 0x000001a1c5abfcc0, 0x000001a1c5102dc0,
0x000001a1c5104170, 0x000001a1c5104800, 0x000001a1c51020a0, 0x000001a1c5103ae0,
0x000001a1c5104e90, 0x000001a1c5103450, 0x000001a1c5102730, 0x000001a1c5254060,
0x000001a1c5255410, 0x000001a1c5252cb0, 0x000001a1c5255aa0, 0x000001a1c52546f0,
0x000001a1c5253340, 0x000001a1c5258200, 0x000001a1c52539d0, 0x000001a1c5256130,
0x000001a1c52567c0, 0x000001a1c5257b70, 0x000001a1c5256e50, 0x000001a1c5254d80,
0x000001a1c52574e0, 0x000001a1c5258890, 0x000001a1c5258f20, 0x000001a1c52595b0,
0x000001a1c5252620, 0x000001a1c5259c40, 0x000001a1eb76f1a0, 0x000001a1eb76b690,
0x000001a1eb76e480, 0x000001a1eb76a2e0, 0x000001a1eb76f830, 0x000001a1eb7688a0,
0x000001a1eb76d0d0, 0x000001a1eb76a970, 0x000001a1eb769c50, 0x000001a1eb76d760,
0x000001a1eb76bd20, 0x000001a1eb76c3b0, 0x000001a1eb76ddf0, 0x000001a1eb768f30,
0x000001a1eb76ca40
}

"Reference Handler" #9 [27604] daemon prio=10 os_prio=2 cpu=0.00ms elapsed=57.16s tid=0x000001a1eaafae80 nid=27604 waiting on condition  [0x0000003c7e4ff000]
   java.lang.Thread.State: RUNNABLE
	at java.lang.ref.Reference.waitForReferencePendingList(java.base@23.0.1/Native Method)
	at java.lang.ref.Reference.processPendingReferences(java.base@23.0.1/Reference.java:246)
	at java.lang.ref.Reference$ReferenceHandler.run(java.base@23.0.1/Reference.java:208)

"Finalizer" #10 [19768] daemon prio=8 os_prio=1 cpu=0.00ms elapsed=57.16s tid=0x000001a1eaafc1b0 nid=19768 in Object.wait()  [0x0000003c7e5fe000]
   java.lang.Thread.State: WAITING (on object monitor)
	at java.lang.Object.wait0(java.base@23.0.1/Native Method)
	- waiting on <0x000000068300c240> (a java.lang.ref.NativeReferenceQueue$Lock)
	at java.lang.Object.wait(java.base@23.0.1/Object.java:378)
	at java.lang.Object.wait(java.base@23.0.1/Object.java:352)
	at java.lang.ref.NativeReferenceQueue.await(java.base@23.0.1/NativeReferenceQueue.java:48)
	at java.lang.ref.ReferenceQueue.remove0(java.base@23.0.1/ReferenceQueue.java:166)
	at java.lang.ref.NativeReferenceQueue.remove(java.base@23.0.1/NativeReferenceQueue.java:89)
	- locked <0x000000068300c240> (a java.lang.ref.NativeReferenceQueue$Lock)
	at java.lang.ref.Finalizer$FinalizerThread.run(java.base@23.0.1/Finalizer.java:173)

"Signal Dispatcher" #11 [27300] daemon prio=9 os_prio=2 cpu=0.00ms elapsed=57.16s tid=0x000001a1eab01320 nid=27300 waiting on condition  [0x0000000000000000]
   java.lang.Thread.State: RUNNABLE

"Attach Listener" #12 [27228] daemon prio=5 os_prio=2 cpu=0.00ms elapsed=57.16s tid=0x000001a1eab02200 nid=27228 runnable  [0x0000000000000000]
   java.lang.Thread.State: RUNNABLE

"Service Thread" #13 [27060] daemon prio=9 os_prio=0 cpu=0.00ms elapsed=57.16s tid=0x000001a1eab03270 nid=27060 runnable  [0x0000000000000000]
   java.lang.Thread.State: RUNNABLE

"Monitor Deflation Thread" #14 [24872] daemon prio=9 os_prio=0 cpu=0.00ms elapsed=57.16s tid=0x000001a1eab048f0 nid=24872 runnable  [0x0000000000000000]
   java.lang.Thread.State: RUNNABLE

"C2 CompilerThread0" #15 [9816] daemon prio=9 os_prio=2 cpu=171.88ms elapsed=57.16s tid=0x000001a1eab073d0 nid=9816 waiting on condition  [0x0000000000000000]
   java.lang.Thread.State: RUNNABLE
   No compile task

"C1 CompilerThread0" #18 [9000] daemon prio=9 os_prio=2 cpu=187.50ms elapsed=57.16s tid=0x000001a1eab08900 nid=9000 waiting on condition  [0x0000000000000000]
   java.lang.Thread.State: RUNNABLE
   No compile task

"Notification Thread" #19 [21200] daemon prio=9 os_prio=0 cpu=0.00ms elapsed=57.16s tid=0x000001a1c51c2610 nid=21200 runnable  [0x0000000000000000]
   java.lang.Thread.State: RUNNABLE

"Common-Cleaner" #20 [18836] daemon prio=8 os_prio=1 cpu=0.00ms elapsed=57.16s tid=0x000001a1c51c3490 nid=18836 waiting on condition  [0x0000003c7edfe000]
   java.lang.Thread.State: TIMED_WAITING (parking)
	at jdk.internal.misc.Unsafe.park(java.base@23.0.1/Native Method)
	- parking to wait for  <0x000000068300cbf0> (a java.util.concurrent.locks.AbstractQueuedSynchronizer$ConditionObject)
	at java.util.concurrent.locks.LockSupport.parkNanos(java.base@23.0.1/LockSupport.java:269)
	at java.util.concurrent.locks.AbstractQueuedSynchronizer$ConditionObject.await(java.base@23.0.1/AbstractQueuedSynchronizer.java:1852)
	at java.lang.ref.ReferenceQueue.await(java.base@23.0.1/ReferenceQueue.java:79)
	at java.lang.ref.ReferenceQueue.remove0(java.base@23.0.1/ReferenceQueue.java:151)
	at java.lang.ref.ReferenceQueue.remove(java.base@23.0.1/ReferenceQueue.java:229)
	at jdk.internal.ref.CleanerImpl.run(java.base@23.0.1/CleanerImpl.java:140)
	at java.lang.Thread.runWith(java.base@23.0.1/Thread.java:1588)
	at java.lang.Thread.run(java.base@23.0.1/Thread.java:1575)
	at jdk.internal.misc.InnocuousThread.run(java.base@23.0.1/InnocuousThread.java:186)

"ForkJoinPool.commonPool-worker-1" #23 [25124] daemon prio=5 os_prio=0 cpu=0.00ms elapsed=57.09s tid=0x000001a1c52fc0b0 nid=25124 waiting on condition  [0x0000003c7f0ff000]
   java.lang.Thread.State: WAITING (parking)
	at jdk.internal.misc.Unsafe.park(java.base@23.0.1/Native Method)
	- parking to wait for  <0x000000068300bd20> (a java.util.concurrent.ForkJoinPool)
	at java.util.concurrent.ForkJoinPool.awaitWork(java.base@23.0.1/ForkJoinPool.java:2135)
	at java.util.concurrent.ForkJoinPool.deactivate(java.base@23.0.1/ForkJoinPool.java:2099)
	at java.util.concurrent.ForkJoinPool.runWorker(java.base@23.0.1/ForkJoinPool.java:2043)
	at java.util.concurrent.ForkJoinWorkerThread.run(java.base@23.0.1/ForkJoinWorkerThread.java:189)

"ForkJoinPool.commonPool-worker-2" #24 [12372] daemon prio=5 os_prio=0 cpu=0.00ms elapsed=57.09s tid=0x000001a1c5313890 nid=12372 waiting on condition  [0x0000003c7f1ff000]
   java.lang.Thread.State: WAITING (parking)
	at jdk.internal.misc.Unsafe.park(java.base@23.0.1/Native Method)
	- parking to wait for  <0x000000068300bd20> (a java.util.concurrent.ForkJoinPool)
	at java.util.concurrent.ForkJoinPool.awaitWork(java.base@23.0.1/ForkJoinPool.java:2135)
	at java.util.concurrent.ForkJoinPool.deactivate(java.base@23.0.1/ForkJoinPool.java:2099)
	at java.util.concurrent.ForkJoinPool.runWorker(java.base@23.0.1/ForkJoinPool.java:2043)
	at java.util.concurrent.ForkJoinWorkerThread.run(java.base@23.0.1/ForkJoinWorkerThread.java:189)

"ForkJoinPool.commonPool-worker-3" #25 [23176] daemon prio=5 os_prio=0 cpu=0.00ms elapsed=57.09s tid=0x000001a1c5314520 nid=23176 waiting on condition  [0x0000003c7f2fe000]
   java.lang.Thread.State: WAITING (parking)
	at jdk.internal.misc.Unsafe.park(java.base@23.0.1/Native Method)
	- parking to wait for  <0x000000068300bd20> (a java.util.concurrent.ForkJoinPool)
	at java.util.concurrent.ForkJoinPool.awaitWork(java.base@23.0.1/ForkJoinPool.java:2135)
	at java.util.concurrent.ForkJoinPool.deactivate(java.base@23.0.1/ForkJoinPool.java:2099)
	at java.util.concurrent.ForkJoinPool.runWorker(java.base@23.0.1/ForkJoinPool.java:2043)
	at java.util.concurrent.ForkJoinWorkerThread.run(java.base@23.0.1/ForkJoinWorkerThread.java:189)

"ForkJoinPool.commonPool-worker-4" #26 [18092] daemon prio=5 os_prio=0 cpu=0.00ms elapsed=57.09s tid=0x000001a1c5317fb0 nid=18092 waiting on condition  [0x0000003c7f3ff000]
   java.lang.Thread.State: WAITING (parking)
	at jdk.internal.misc.Unsafe.park(java.base@23.0.1/Native Method)
	- parking to wait for  <0x000000068300bd20> (a java.util.concurrent.ForkJoinPool)
	at java.util.concurrent.ForkJoinPool.awaitWork(java.base@23.0.1/ForkJoinPool.java:2135)
	at java.util.concurrent.ForkJoinPool.deactivate(java.base@23.0.1/ForkJoinPool.java:2099)
	at java.util.concurrent.ForkJoinPool.runWorker(java.base@23.0.1/ForkJoinPool.java:2043)
	at java.util.concurrent.ForkJoinWorkerThread.run(java.base@23.0.1/ForkJoinWorkerThread.java:189)

"reaper-1" #28 [26596] daemon prio=5 os_prio=0 cpu=0.00ms elapsed=56.79s tid=0x000001a1c58dbfc0 nid=26596 runnable  [0x0000003c7f4fe000]
   java.lang.Thread.State: RUNNABLE
	at sun.nio.ch.WEPoll.wait(java.base@23.0.1/Native Method)
	at sun.nio.ch.WEPollSelectorImpl.doSelect(java.base@23.0.1/WEPollSelectorImpl.java:114)
	at sun.nio.ch.SelectorImpl.lockAndDoSelect(java.base@23.0.1/SelectorImpl.java:130)
	- locked <0x000000068300c530> (a sun.nio.ch.Util$2)
	- locked <0x000000068300c4d0> (a sun.nio.ch.WEPollSelectorImpl)
	at sun.nio.ch.SelectorImpl.select(java.base@23.0.1/SelectorImpl.java:142)
	at zmq.poll.Poller.run(Poller.java:236)
	at java.lang.Thread.runWith(java.base@23.0.1/Thread.java:1588)
	at java.lang.Thread.run(java.base@23.0.1/Thread.java:1575)

"iothread-2" #29 [25880] daemon prio=5 os_prio=0 cpu=0.00ms elapsed=56.79s tid=0x000001a1c59c0af0 nid=25880 runnable  [0x0000003c7f5ff000]
   java.lang.Thread.State: RUNNABLE
	at sun.nio.ch.WEPoll.wait(java.base@23.0.1/Native Method)
	at sun.nio.ch.WEPollSelectorImpl.doSelect(java.base@23.0.1/WEPollSelectorImpl.java:114)
	at sun.nio.ch.SelectorImpl.lockAndDoSelect(java.base@23.0.1/SelectorImpl.java:130)
	- locked <0x000000068300dc88> (a sun.nio.ch.Util$2)
	- locked <0x000000068300dc28> (a sun.nio.ch.WEPollSelectorImpl)
	at sun.nio.ch.SelectorImpl.select(java.base@23.0.1/SelectorImpl.java:142)
	at zmq.poll.Poller.run(Poller.java:236)
	at java.lang.Thread.runWith(java.base@23.0.1/Thread.java:1588)
	at java.lang.Thread.run(java.base@23.0.1/Thread.java:1575)

"Message Bus Proxy" #30 [1564] daemon prio=5 os_prio=0 cpu=0.00ms elapsed=56.77s tid=0x000001a1c597f0b0 nid=1564 runnable  [0x0000003c7f6fe000]
   java.lang.Thread.State: RUNNABLE
	at sun.nio.ch.WEPoll.wait(java.base@23.0.1/Native Method)
	at sun.nio.ch.WEPollSelectorImpl.doSelect(java.base@23.0.1/WEPollSelectorImpl.java:114)
	at sun.nio.ch.SelectorImpl.lockAndDoSelect(java.base@23.0.1/SelectorImpl.java:130)
	- locked <0x000000068300c190> (a sun.nio.ch.Util$2)
	- locked <0x000000068300c130> (a sun.nio.ch.WEPollSelectorImpl)
	at sun.nio.ch.SelectorImpl.select(java.base@23.0.1/SelectorImpl.java:142)
	at zmq.ZMQ.poll(ZMQ.java:1055)
	at zmq.ZMQ.poll(ZMQ.java:963)
	at zmq.Proxy.start(Proxy.java:64)
	at zmq.Proxy.proxy(Proxy.java:17)
	at zmq.ZMQ.proxy(ZMQ.java:1131)
	at org.zeromq.ZMQ.proxy(ZMQ.java:360)
	at org.openqa.selenium.events.zeromq.BoundZmqEventBus.lambda$new$1(BoundZmqEventBus.java:70)
	at org.openqa.selenium.events.zeromq.BoundZmqEventBus$$Lambda/0x000001a181112560.call(Unknown Source)
	at java.util.concurrent.FutureTask.run(java.base@23.0.1/FutureTask.java:317)
	at java.util.concurrent.ThreadPoolExecutor.runWorker(java.base@23.0.1/ThreadPoolExecutor.java:1144)
	at java.util.concurrent.ThreadPoolExecutor$Worker.run(java.base@23.0.1/ThreadPoolExecutor.java:642)
	at java.lang.Thread.runWith(java.base@23.0.1/Thread.java:1588)
	at java.lang.Thread.run(java.base@23.0.1/Thread.java:1575)

"Event Bus Poller" #31 [27496] daemon prio=5 os_prio=0 cpu=31.25ms elapsed=56.74s tid=0x000001a1c5a97420 nid=27496 runnable  [0x0000003c7f8fe000]
   java.lang.Thread.State: RUNNABLE
	at sun.nio.ch.WEPoll.wait(java.base@23.0.1/Native Method)
	at sun.nio.ch.WEPollSelectorImpl.doSelect(java.base@23.0.1/WEPollSelectorImpl.java:114)
	at sun.nio.ch.SelectorImpl.lockAndDoSelect(java.base@23.0.1/SelectorImpl.java:130)
	- locked <0x000000068300d478> (a sun.nio.ch.Util$2)
	- locked <0x000000068300d418> (a sun.nio.ch.WEPollSelectorImpl)
	at sun.nio.ch.SelectorImpl.select(java.base@23.0.1/SelectorImpl.java:142)
	at zmq.ZMQ.poll(ZMQ.java:1061)
	at org.zeromq.ZMQ$Poller.poll(ZMQ.java:4251)
	at org.openqa.selenium.events.zeromq.UnboundZmqEventBus$PollingRunnable.run(UnboundZmqEventBus.java:244)
	at java.util.concurrent.Executors$RunnableAdapter.call(java.base@23.0.1/Executors.java:572)
	at java.util.concurrent.FutureTask.run(java.base@23.0.1/FutureTask.java:317)
	at java.util.concurrent.ThreadPoolExecutor.runWorker(java.base@23.0.1/ThreadPoolExecutor.java:1144)
	at java.util.concurrent.ThreadPoolExecutor$Worker.run(java.base@23.0.1/ThreadPoolExecutor.java:642)
	at java.lang.Thread.runWith(java.base@23.0.1/Thread.java:1588)
	at java.lang.Thread.run(java.base@23.0.1/Thread.java:1575)

"Local New Session Queue" #41 [12088] daemon prio=5 os_prio=0 cpu=0.00ms elapsed=55.61s tid=0x000001a1c5abdbf0 nid=12088 waiting on condition  [0x0000003c004ff000]
   java.lang.Thread.State: TIMED_WAITING (parking)
	at jdk.internal.misc.Unsafe.park(java.base@23.0.1/Native Method)
	- parking to wait for  <0x0000000682800078> (a java.util.concurrent.locks.AbstractQueuedSynchronizer$ConditionObject)
	at java.util.concurrent.locks.LockSupport.parkNanos(java.base@23.0.1/LockSupport.java:269)
	at java.util.concurrent.locks.AbstractQueuedSynchronizer$ConditionObject.awaitNanos(java.base@23.0.1/AbstractQueuedSynchronizer.java:1763)
	at java.util.concurrent.ScheduledThreadPoolExecutor$DelayedWorkQueue.take(java.base@23.0.1/ScheduledThreadPoolExecutor.java:1182)
	at java.util.concurrent.ScheduledThreadPoolExecutor$DelayedWorkQueue.take(java.base@23.0.1/ScheduledThreadPoolExecutor.java:899)
	at java.util.concurrent.ThreadPoolExecutor.getTask(java.base@23.0.1/ThreadPoolExecutor.java:1070)
	at java.util.concurrent.ThreadPoolExecutor.runWorker(java.base@23.0.1/ThreadPoolExecutor.java:1130)
	at java.util.concurrent.ThreadPoolExecutor$Worker.run(java.base@23.0.1/ThreadPoolExecutor.java:642)
	at java.lang.Thread.runWith(java.base@23.0.1/Thread.java:1588)
	at java.lang.Thread.run(java.base@23.0.1/Thread.java:1575)

"Local Distributor - Purge Dead Nodes" #42 [8052] daemon prio=5 os_prio=0 cpu=0.00ms elapsed=55.60s tid=0x000001a1c5ac0350 nid=8052 waiting on condition  [0x0000003c005fe000]
   java.lang.Thread.State: TIMED_WAITING (parking)
	at jdk.internal.misc.Unsafe.park(java.base@23.0.1/Native Method)
	- parking to wait for  <0x00000006828033f8> (a java.util.concurrent.locks.AbstractQueuedSynchronizer$ConditionObject)
	at java.util.concurrent.locks.LockSupport.parkNanos(java.base@23.0.1/LockSupport.java:269)
	at java.util.concurrent.locks.AbstractQueuedSynchronizer$ConditionObject.awaitNanos(java.base@23.0.1/AbstractQueuedSynchronizer.java:1763)
	at java.util.concurrent.ScheduledThreadPoolExecutor$DelayedWorkQueue.take(java.base@23.0.1/ScheduledThreadPoolExecutor.java:1182)
	at java.util.concurrent.ScheduledThreadPoolExecutor$DelayedWorkQueue.take(java.base@23.0.1/ScheduledThreadPoolExecutor.java:899)
	at java.util.concurrent.ThreadPoolExecutor.getTask(java.base@23.0.1/ThreadPoolExecutor.java:1070)
	at java.util.concurrent.ThreadPoolExecutor.runWorker(java.base@23.0.1/ThreadPoolExecutor.java:1130)
	at java.util.concurrent.ThreadPoolExecutor$Worker.run(java.base@23.0.1/ThreadPoolExecutor.java:642)
	at java.lang.Thread.runWith(java.base@23.0.1/Thread.java:1588)
	at java.lang.Thread.run(java.base@23.0.1/Thread.java:1575)

"Local Distributor - Node Health Check" #43 [5024] daemon prio=5 os_prio=0 cpu=0.00ms elapsed=55.60s tid=0x000001a1c5abe280 nid=5024 waiting on condition  [0x0000003c006fe000]
   java.lang.Thread.State: TIMED_WAITING (parking)
	at jdk.internal.misc.Unsafe.park(java.base@23.0.1/Native Method)
	- parking to wait for  <0x0000000682806778> (a java.util.concurrent.locks.AbstractQueuedSynchronizer$ConditionObject)
	at java.util.concurrent.locks.LockSupport.parkNanos(java.base@23.0.1/LockSupport.java:269)
	at java.util.concurrent.locks.AbstractQueuedSynchronizer$ConditionObject.awaitNanos(java.base@23.0.1/AbstractQueuedSynchronizer.java:1763)
	at java.util.concurrent.ScheduledThreadPoolExecutor$DelayedWorkQueue.take(java.base@23.0.1/ScheduledThreadPoolExecutor.java:1182)
	at java.util.concurrent.ScheduledThreadPoolExecutor$DelayedWorkQueue.take(java.base@23.0.1/ScheduledThreadPoolExecutor.java:899)
	at java.util.concurrent.ThreadPoolExecutor.getTask(java.base@23.0.1/ThreadPoolExecutor.java:1070)
	at java.util.concurrent.ThreadPoolExecutor.runWorker(java.base@23.0.1/ThreadPoolExecutor.java:1130)
	at java.util.concurrent.ThreadPoolExecutor$Worker.run(java.base@23.0.1/ThreadPoolExecutor.java:642)
	at java.lang.Thread.runWith(java.base@23.0.1/Thread.java:1588)
	at java.lang.Thread.run(java.base@23.0.1/Thread.java:1575)

"Local Distributor - New Session Queue" #44 [12956] daemon prio=5 os_prio=0 cpu=31.25ms elapsed=55.60s tid=0x000001a1c5abe910 nid=12956 runnable  [0x0000003c007ff000]
   java.lang.Thread.State: TIMED_WAITING (parking)
	at jdk.internal.misc.Unsafe.park(java.base@23.0.1/Native Method)
	- parking to wait for  <0x0000000682801a38> (a java.util.concurrent.locks.AbstractQueuedSynchronizer$ConditionObject)
	at java.util.concurrent.locks.LockSupport.parkNanos(java.base@23.0.1/LockSupport.java:269)
	at java.util.concurrent.locks.AbstractQueuedSynchronizer$ConditionObject.awaitNanos(java.base@23.0.1/AbstractQueuedSynchronizer.java:1763)
	at java.util.concurrent.ScheduledThreadPoolExecutor$DelayedWorkQueue.take(java.base@23.0.1/ScheduledThreadPoolExecutor.java:1182)
	at java.util.concurrent.ScheduledThreadPoolExecutor$DelayedWorkQueue.take(java.base@23.0.1/ScheduledThreadPoolExecutor.java:899)
	at java.util.concurrent.ThreadPoolExecutor.getTask(java.base@23.0.1/ThreadPoolExecutor.java:1070)
	at java.util.concurrent.ThreadPoolExecutor.runWorker(java.base@23.0.1/ThreadPoolExecutor.java:1130)
	at java.util.concurrent.ThreadPoolExecutor$Worker.run(java.base@23.0.1/ThreadPoolExecutor.java:642)
	at java.lang.Thread.runWith(java.base@23.0.1/Thread.java:1588)
	at java.lang.Thread.run(java.base@23.0.1/Thread.java:1575)

"HandleSession - Clean up http clients cache" #45 [7772] daemon prio=5 os_prio=0 cpu=0.00ms elapsed=55.60s tid=0x000001a1c5abf630 nid=7772 waiting on condition  [0x0000003c008fe000]
   java.lang.Thread.State: TIMED_WAITING (parking)
	at jdk.internal.misc.Unsafe.park(java.base@23.0.1/Native Method)
	- parking to wait for  <0x0000000682802718> (a java.util.concurrent.locks.AbstractQueuedSynchronizer$ConditionObject)
	at java.util.concurrent.locks.LockSupport.parkNanos(java.base@23.0.1/LockSupport.java:269)
	at java.util.concurrent.locks.AbstractQueuedSynchronizer$ConditionObject.awaitNanos(java.base@23.0.1/AbstractQueuedSynchronizer.java:1763)
	at java.util.concurrent.ScheduledThreadPoolExecutor$DelayedWorkQueue.take(java.base@23.0.1/ScheduledThreadPoolExecutor.java:1182)
	at java.util.concurrent.ScheduledThreadPoolExecutor$DelayedWorkQueue.take(java.base@23.0.1/ScheduledThreadPoolExecutor.java:899)
	at java.util.concurrent.ThreadPoolExecutor.getTask(java.base@23.0.1/ThreadPoolExecutor.java:1070)
	at java.util.concurrent.ThreadPoolExecutor.runWorker(java.base@23.0.1/ThreadPoolExecutor.java:1130)
	at java.util.concurrent.ThreadPoolExecutor$Worker.run(java.base@23.0.1/ThreadPoolExecutor.java:642)
	at java.lang.Thread.runWith(java.base@23.0.1/Thread.java:1588)
	at java.lang.Thread.run(java.base@23.0.1/Thread.java:1575)

"nioEventLoopGroup-2-1" #46 [5300] prio=10 os_prio=2 cpu=0.00ms elapsed=55.28s tid=0x000001a1c5abefa0 nid=5300 runnable  [0x0000003c009fe000]
   java.lang.Thread.State: RUNNABLE
	at sun.nio.ch.WEPoll.wait(java.base@23.0.1/Native Method)
	at sun.nio.ch.WEPollSelectorImpl.doSelect(java.base@23.0.1/WEPollSelectorImpl.java:114)
	at sun.nio.ch.SelectorImpl.lockAndDoSelect(java.base@23.0.1/SelectorImpl.java:130)
	- locked <0x0000000682800df0> (a io.netty.channel.nio.SelectedSelectionKeySet)
	- locked <0x0000000682800d90> (a sun.nio.ch.WEPollSelectorImpl)
	at sun.nio.ch.SelectorImpl.select(java.base@23.0.1/SelectorImpl.java:147)
	at io.netty.channel.nio.SelectedSelectionKeySetSelector.select(SelectedSelectionKeySetSelector.java:68)
	at io.netty.channel.nio.NioEventLoop.select(NioEventLoop.java:887)
	at io.netty.channel.nio.NioEventLoop.run(NioEventLoop.java:526)
	at io.netty.util.concurrent.SingleThreadEventExecutor$4.run(SingleThreadEventExecutor.java:998)
	at io.netty.util.internal.ThreadExecutorMap$2.run(ThreadExecutorMap.java:74)
	at io.netty.util.concurrent.FastThreadLocalRunnable.run(FastThreadLocalRunnable.java:30)
	at java.lang.Thread.runWith(java.base@23.0.1/Thread.java:1588)
	at java.lang.Thread.run(java.base@23.0.1/Thread.java:1575)

"DestroyJavaVM" #47 [2620] prio=5 os_prio=0 cpu=250.00ms elapsed=55.28s tid=0x000001a1c5abced0 nid=2620 waiting on condition  [0x0000000000000000]
   java.lang.Thread.State: RUNNABLE

"Event Bus Listener Notifier" #48 [26660] daemon prio=5 os_prio=0 cpu=15.62ms elapsed=49.68s tid=0x000001a1c5abd560 nid=26660 waiting on condition  [0x0000003c003fe000]
   java.lang.Thread.State: WAITING (parking)
	at jdk.internal.misc.Unsafe.park(java.base@23.0.1/Native Method)
	- parking to wait for  <0x000000068306eb40> (a java.util.concurrent.locks.AbstractQueuedSynchronizer$ConditionObject)
	at java.util.concurrent.locks.LockSupport.park(java.base@23.0.1/LockSupport.java:371)
	at java.util.concurrent.locks.AbstractQueuedSynchronizer$ConditionNode.block(java.base@23.0.1/AbstractQueuedSynchronizer.java:519)
	at java.util.concurrent.ForkJoinPool.unmanagedBlock(java.base@23.0.1/ForkJoinPool.java:4021)
	at java.util.concurrent.ForkJoinPool.managedBlock(java.base@23.0.1/ForkJoinPool.java:3967)
	at java.util.concurrent.locks.AbstractQueuedSynchronizer$ConditionObject.await(java.base@23.0.1/AbstractQueuedSynchronizer.java:1712)
	at java.util.concurrent.LinkedBlockingQueue.take(java.base@23.0.1/LinkedBlockingQueue.java:435)
	at java.util.concurrent.ThreadPoolExecutor.getTask(java.base@23.0.1/ThreadPoolExecutor.java:1070)
	at java.util.concurrent.ThreadPoolExecutor.runWorker(java.base@23.0.1/ThreadPoolExecutor.java:1130)
	at java.util.concurrent.ThreadPoolExecutor$Worker.run(java.base@23.0.1/ThreadPoolExecutor.java:642)
	at java.lang.Thread.runWith(java.base@23.0.1/Thread.java:1588)
	at java.lang.Thread.run(java.base@23.0.1/Thread.java:1575)

"Event Bus Listener Notifier" #49 [2408] daemon prio=5 os_prio=0 cpu=0.00ms elapsed=49.68s tid=0x000001a1c5abfcc0 nid=2408 waiting on condition  [0x0000003c00afe000]
   java.lang.Thread.State: WAITING (parking)
	at jdk.internal.misc.Unsafe.park(java.base@23.0.1/Native Method)
	- parking to wait for  <0x000000068306eb40> (a java.util.concurrent.locks.AbstractQueuedSynchronizer$ConditionObject)
	at java.util.concurrent.locks.LockSupport.park(java.base@23.0.1/LockSupport.java:371)
	at java.util.concurrent.locks.AbstractQueuedSynchronizer$ConditionNode.block(java.base@23.0.1/AbstractQueuedSynchronizer.java:519)
	at java.util.concurrent.ForkJoinPool.unmanagedBlock(java.base@23.0.1/ForkJoinPool.java:4021)
	at java.util.concurrent.ForkJoinPool.managedBlock(java.base@23.0.1/ForkJoinPool.java:3967)
	at java.util.concurrent.locks.AbstractQueuedSynchronizer$ConditionObject.await(java.base@23.0.1/AbstractQueuedSynchronizer.java:1712)
	at java.util.concurrent.LinkedBlockingQueue.take(java.base@23.0.1/LinkedBlockingQueue.java:435)
	at java.util.concurrent.ThreadPoolExecutor.getTask(java.base@23.0.1/ThreadPoolExecutor.java:1070)
	at java.util.concurrent.ThreadPoolExecutor.runWorker(java.base@23.0.1/ThreadPoolExecutor.java:1130)
	at java.util.concurrent.ThreadPoolExecutor$Worker.run(java.base@23.0.1/ThreadPoolExecutor.java:642)
	at java.lang.Thread.runWith(java.base@23.0.1/Thread.java:1588)
	at java.lang.Thread.run(java.base@23.0.1/Thread.java:1575)

"Event Bus Listener Notifier" #50 [24824] daemon prio=5 os_prio=0 cpu=15.62ms elapsed=49.67s tid=0x000001a1c5102dc0 nid=24824 waiting on condition  [0x0000003c00cff000]
   java.lang.Thread.State: WAITING (parking)
	at jdk.internal.misc.Unsafe.park(java.base@23.0.1/Native Method)
	- parking to wait for  <0x000000068306eb40> (a java.util.concurrent.locks.AbstractQueuedSynchronizer$ConditionObject)
	at java.util.concurrent.locks.LockSupport.park(java.base@23.0.1/LockSupport.java:371)
	at java.util.concurrent.locks.AbstractQueuedSynchronizer$ConditionNode.block(java.base@23.0.1/AbstractQueuedSynchronizer.java:519)
	at java.util.concurrent.ForkJoinPool.unmanagedBlock(java.base@23.0.1/ForkJoinPool.java:4021)
	at java.util.concurrent.ForkJoinPool.managedBlock(java.base@23.0.1/ForkJoinPool.java:3967)
	at java.util.concurrent.locks.AbstractQueuedSynchronizer$ConditionObject.await(java.base@23.0.1/AbstractQueuedSynchronizer.java:1712)
	at java.util.concurrent.LinkedBlockingQueue.take(java.base@23.0.1/LinkedBlockingQueue.java:435)
	at java.util.concurrent.ThreadPoolExecutor.getTask(java.base@23.0.1/ThreadPoolExecutor.java:1070)
	at java.util.concurrent.ThreadPoolExecutor.runWorker(java.base@23.0.1/ThreadPoolExecutor.java:1130)
	at java.util.concurrent.ThreadPoolExecutor$Worker.run(java.base@23.0.1/ThreadPoolExecutor.java:642)
	at java.lang.Thread.runWith(java.base@23.0.1/Thread.java:1588)
	at java.lang.Thread.run(java.base@23.0.1/Thread.java:1575)

"Event Bus Listener Notifier" #51 [25160] daemon prio=5 os_prio=0 cpu=0.00ms elapsed=49.67s tid=0x000001a1c5104170 nid=25160 waiting on condition  [0x0000003c00dfe000]
   java.lang.Thread.State: WAITING (parking)
	at jdk.internal.misc.Unsafe.park(java.base@23.0.1/Native Method)
	- parking to wait for  <0x000000068306eb40> (a java.util.concurrent.locks.AbstractQueuedSynchronizer$ConditionObject)
	at java.util.concurrent.locks.LockSupport.park(java.base@23.0.1/LockSupport.java:371)
	at java.util.concurrent.locks.AbstractQueuedSynchronizer$ConditionNode.block(java.base@23.0.1/AbstractQueuedSynchronizer.java:519)
	at java.util.concurrent.ForkJoinPool.unmanagedBlock(java.base@23.0.1/ForkJoinPool.java:4021)
	at java.util.concurrent.ForkJoinPool.managedBlock(java.base@23.0.1/ForkJoinPool.java:3967)
	at java.util.concurrent.locks.AbstractQueuedSynchronizer$ConditionObject.await(java.base@23.0.1/AbstractQueuedSynchronizer.java:1712)
	at java.util.concurrent.LinkedBlockingQueue.take(java.base@23.0.1/LinkedBlockingQueue.java:435)
	at java.util.concurrent.ThreadPoolExecutor.getTask(java.base@23.0.1/ThreadPoolExecutor.java:1070)
	at java.util.concurrent.ThreadPoolExecutor.runWorker(java.base@23.0.1/ThreadPoolExecutor.java:1130)
	at java.util.concurrent.ThreadPoolExecutor$Worker.run(java.base@23.0.1/ThreadPoolExecutor.java:642)
	at java.lang.Thread.runWith(java.base@23.0.1/Thread.java:1588)
	at java.lang.Thread.run(java.base@23.0.1/Thread.java:1575)

"Event Bus Listener Notifier" #52 [13100] daemon prio=5 os_prio=0 cpu=0.00ms elapsed=49.67s tid=0x000001a1c5104800 nid=13100 waiting on condition  [0x0000003c00efe000]
   java.lang.Thread.State: WAITING (parking)
	at jdk.internal.misc.Unsafe.park(java.base@23.0.1/Native Method)
	- parking to wait for  <0x000000068306eb40> (a java.util.concurrent.locks.AbstractQueuedSynchronizer$ConditionObject)
	at java.util.concurrent.locks.LockSupport.park(java.base@23.0.1/LockSupport.java:371)
	at java.util.concurrent.locks.AbstractQueuedSynchronizer$ConditionNode.block(java.base@23.0.1/AbstractQueuedSynchronizer.java:519)
	at java.util.concurrent.ForkJoinPool.unmanagedBlock(java.base@23.0.1/ForkJoinPool.java:4021)
	at java.util.concurrent.ForkJoinPool.managedBlock(java.base@23.0.1/ForkJoinPool.java:3967)
	at java.util.concurrent.locks.AbstractQueuedSynchronizer$ConditionObject.await(java.base@23.0.1/AbstractQueuedSynchronizer.java:1712)
	at java.util.concurrent.LinkedBlockingQueue.take(java.base@23.0.1/LinkedBlockingQueue.java:435)
	at java.util.concurrent.ThreadPoolExecutor.getTask(java.base@23.0.1/ThreadPoolExecutor.java:1070)
	at java.util.concurrent.ThreadPoolExecutor.runWorker(java.base@23.0.1/ThreadPoolExecutor.java:1130)
	at java.util.concurrent.ThreadPoolExecutor$Worker.run(java.base@23.0.1/ThreadPoolExecutor.java:642)
	at java.lang.Thread.runWith(java.base@23.0.1/Thread.java:1588)
	at java.lang.Thread.run(java.base@23.0.1/Thread.java:1575)

"Event Bus Listener Notifier" #53 [25228] daemon prio=5 os_prio=0 cpu=0.00ms elapsed=49.67s tid=0x000001a1c51020a0 nid=25228 waiting on condition  [0x0000003c00ffe000]
   java.lang.Thread.State: WAITING (parking)
	at jdk.internal.misc.Unsafe.park(java.base@23.0.1/Native Method)
	- parking to wait for  <0x000000068306eb40> (a java.util.concurrent.locks.AbstractQueuedSynchronizer$ConditionObject)
	at java.util.concurrent.locks.LockSupport.park(java.base@23.0.1/LockSupport.java:371)
	at java.util.concurrent.locks.AbstractQueuedSynchronizer$ConditionNode.block(java.base@23.0.1/AbstractQueuedSynchronizer.java:519)
	at java.util.concurrent.ForkJoinPool.unmanagedBlock(java.base@23.0.1/ForkJoinPool.java:4021)
	at java.util.concurrent.ForkJoinPool.managedBlock(java.base@23.0.1/ForkJoinPool.java:3967)
	at java.util.concurrent.locks.AbstractQueuedSynchronizer$ConditionObject.await(java.base@23.0.1/AbstractQueuedSynchronizer.java:1712)
	at java.util.concurrent.LinkedBlockingQueue.take(java.base@23.0.1/LinkedBlockingQueue.java:435)
	at java.util.concurrent.ThreadPoolExecutor.getTask(java.base@23.0.1/ThreadPoolExecutor.java:1070)
	at java.util.concurrent.ThreadPoolExecutor.runWorker(java.base@23.0.1/ThreadPoolExecutor.java:1130)
	at java.util.concurrent.ThreadPoolExecutor$Worker.run(java.base@23.0.1/ThreadPoolExecutor.java:642)
	at java.lang.Thread.runWith(java.base@23.0.1/Thread.java:1588)
	at java.lang.Thread.run(java.base@23.0.1/Thread.java:1575)

"HttpClient-1-SelectorManager" #56 [12016] daemon prio=5 os_prio=0 cpu=0.00ms elapsed=49.55s tid=0x000001a1c5103ae0 nid=12016 runnable  [0x0000003c012fe000]
   java.lang.Thread.State: RUNNABLE
	at sun.nio.ch.WEPoll.wait(java.base@23.0.1/Native Method)
	at sun.nio.ch.WEPollSelectorImpl.doSelect(java.base@23.0.1/WEPollSelectorImpl.java:114)
	at sun.nio.ch.SelectorImpl.lockAndDoSelect(java.base@23.0.1/SelectorImpl.java:130)
	- locked <0x0000000682801568> (a sun.nio.ch.Util$2)
	- locked <0x0000000682801508> (a sun.nio.ch.WEPollSelectorImpl)
	at sun.nio.ch.SelectorImpl.select(java.base@23.0.1/SelectorImpl.java:142)
	at jdk.internal.net.http.HttpClientImpl$SelectorManager.run(java.net.http@23.0.1/HttpClientImpl.java:1377)

"JdkHttpClient-0-0" #57 [22688] daemon prio=5 os_prio=0 cpu=0.00ms elapsed=49.54s tid=0x000001a1c5104e90 nid=22688 waiting on condition  [0x0000003c013fe000]
   java.lang.Thread.State: TIMED_WAITING (parking)
	at jdk.internal.misc.Unsafe.park(java.base@23.0.1/Native Method)
	- parking to wait for  <0x0000000682802b30> (a java.util.concurrent.SynchronousQueue$Transferer)
	at java.util.concurrent.locks.LockSupport.parkNanos(java.base@23.0.1/LockSupport.java:410)
	at java.util.concurrent.LinkedTransferQueue$DualNode.await(java.base@23.0.1/LinkedTransferQueue.java:452)
	at java.util.concurrent.SynchronousQueue$Transferer.xferLifo(java.base@23.0.1/SynchronousQueue.java:194)
	at java.util.concurrent.SynchronousQueue.xfer(java.base@23.0.1/SynchronousQueue.java:235)
	at java.util.concurrent.SynchronousQueue.poll(java.base@23.0.1/SynchronousQueue.java:338)
	at java.util.concurrent.ThreadPoolExecutor.getTask(java.base@23.0.1/ThreadPoolExecutor.java:1069)
	at java.util.concurrent.ThreadPoolExecutor.runWorker(java.base@23.0.1/ThreadPoolExecutor.java:1130)
	at java.util.concurrent.ThreadPoolExecutor$Worker.run(java.base@23.0.1/ThreadPoolExecutor.java:642)
	at java.lang.Thread.runWith(java.base@23.0.1/Thread.java:1588)
	at java.lang.Thread.run(java.base@23.0.1/Thread.java:1575)

"CompletableFutureDelayScheduler" #58 [17084] daemon prio=5 os_prio=0 cpu=0.00ms elapsed=49.54s tid=0x000001a1c5103450 nid=17084 waiting on condition  [0x0000003c014fe000]
   java.lang.Thread.State: TIMED_WAITING (parking)
	at jdk.internal.misc.Unsafe.park(java.base@23.0.1/Native Method)
	- parking to wait for  <0x0000000682804db8> (a java.util.concurrent.locks.AbstractQueuedSynchronizer$ConditionObject)
	at java.util.concurrent.locks.LockSupport.parkNanos(java.base@23.0.1/LockSupport.java:269)
	at java.util.concurrent.locks.AbstractQueuedSynchronizer$ConditionObject.awaitNanos(java.base@23.0.1/AbstractQueuedSynchronizer.java:1763)
	at java.util.concurrent.ScheduledThreadPoolExecutor$DelayedWorkQueue.take(java.base@23.0.1/ScheduledThreadPoolExecutor.java:1182)
	at java.util.concurrent.ScheduledThreadPoolExecutor$DelayedWorkQueue.take(java.base@23.0.1/ScheduledThreadPoolExecutor.java:899)
	at java.util.concurrent.ThreadPoolExecutor.getTask(java.base@23.0.1/ThreadPoolExecutor.java:1070)
	at java.util.concurrent.ThreadPoolExecutor.runWorker(java.base@23.0.1/ThreadPoolExecutor.java:1130)
	at java.util.concurrent.ThreadPoolExecutor$Worker.run(java.base@23.0.1/ThreadPoolExecutor.java:642)
	at java.lang.Thread.runWith(java.base@23.0.1/Thread.java:1588)
	at java.lang.Thread.run(java.base@23.0.1/Thread.java:1575)

"JdkHttpClient-0-1" #59 [24408] daemon prio=5 os_prio=0 cpu=0.00ms elapsed=49.52s tid=0x000001a1c5102730 nid=24408 waiting on condition  [0x0000003c015fe000]
   java.lang.Thread.State: TIMED_WAITING (parking)
	at jdk.internal.misc.Unsafe.park(java.base@23.0.1/Native Method)
	- parking to wait for  <0x0000000682802b30> (a java.util.concurrent.SynchronousQueue$Transferer)
	at java.util.concurrent.locks.LockSupport.parkNanos(java.base@23.0.1/LockSupport.java:410)
	at java.util.concurrent.LinkedTransferQueue$DualNode.await(java.base@23.0.1/LinkedTransferQueue.java:452)
	at java.util.concurrent.SynchronousQueue$Transferer.xferLifo(java.base@23.0.1/SynchronousQueue.java:194)
	at java.util.concurrent.SynchronousQueue.xfer(java.base@23.0.1/SynchronousQueue.java:235)
	at java.util.concurrent.SynchronousQueue.poll(java.base@23.0.1/SynchronousQueue.java:338)
	at java.util.concurrent.ThreadPoolExecutor.getTask(java.base@23.0.1/ThreadPoolExecutor.java:1069)
	at java.util.concurrent.ThreadPoolExecutor.runWorker(java.base@23.0.1/ThreadPoolExecutor.java:1130)
	at java.util.concurrent.ThreadPoolExecutor$Worker.run(java.base@23.0.1/ThreadPoolExecutor.java:642)
	at java.lang.Thread.runWith(java.base@23.0.1/Thread.java:1588)
	at java.lang.Thread.run(java.base@23.0.1/Thread.java:1575)

"JdkHttpClient-0-2" #60 [12044] daemon prio=5 os_prio=0 cpu=0.00ms elapsed=49.52s tid=0x000001a1c5254060 nid=12044 waiting on condition  [0x0000003c016ff000]
   java.lang.Thread.State: TIMED_WAITING (parking)
	at jdk.internal.misc.Unsafe.park(java.base@23.0.1/Native Method)
	- parking to wait for  <0x0000000682802b30> (a java.util.concurrent.SynchronousQueue$Transferer)
	at java.util.concurrent.locks.LockSupport.parkNanos(java.base@23.0.1/LockSupport.java:410)
	at java.util.concurrent.LinkedTransferQueue$DualNode.await(java.base@23.0.1/LinkedTransferQueue.java:452)
	at java.util.concurrent.SynchronousQueue$Transferer.xferLifo(java.base@23.0.1/SynchronousQueue.java:194)
	at java.util.concurrent.SynchronousQueue.xfer(java.base@23.0.1/SynchronousQueue.java:235)
	at java.util.concurrent.SynchronousQueue.poll(java.base@23.0.1/SynchronousQueue.java:338)
	at java.util.concurrent.ThreadPoolExecutor.getTask(java.base@23.0.1/ThreadPoolExecutor.java:1069)
	at java.util.concurrent.ThreadPoolExecutor.runWorker(java.base@23.0.1/ThreadPoolExecutor.java:1130)
	at java.util.concurrent.ThreadPoolExecutor$Worker.run(java.base@23.0.1/ThreadPoolExecutor.java:642)
	at java.lang.Thread.runWith(java.base@23.0.1/Thread.java:1588)
	at java.lang.Thread.run(java.base@23.0.1/Thread.java:1575)

"JdkHttpClient-0-3" #61 [23032] daemon prio=5 os_prio=0 cpu=0.00ms elapsed=49.52s tid=0x000001a1c5255410 nid=23032 waiting on condition  [0x0000003c017ff000]
   java.lang.Thread.State: TIMED_WAITING (parking)
	at jdk.internal.misc.Unsafe.park(java.base@23.0.1/Native Method)
	- parking to wait for  <0x0000000682802b30> (a java.util.concurrent.SynchronousQueue$Transferer)
	at java.util.concurrent.locks.LockSupport.parkNanos(java.base@23.0.1/LockSupport.java:410)
	at java.util.concurrent.LinkedTransferQueue$DualNode.await(java.base@23.0.1/LinkedTransferQueue.java:452)
	at java.util.concurrent.SynchronousQueue$Transferer.xferLifo(java.base@23.0.1/SynchronousQueue.java:194)
	at java.util.concurrent.SynchronousQueue.xfer(java.base@23.0.1/SynchronousQueue.java:235)
	at java.util.concurrent.SynchronousQueue.poll(java.base@23.0.1/SynchronousQueue.java:338)
	at java.util.concurrent.ThreadPoolExecutor.getTask(java.base@23.0.1/ThreadPoolExecutor.java:1069)
	at java.util.concurrent.ThreadPoolExecutor.runWorker(java.base@23.0.1/ThreadPoolExecutor.java:1130)
	at java.util.concurrent.ThreadPoolExecutor$Worker.run(java.base@23.0.1/ThreadPoolExecutor.java:642)
	at java.lang.Thread.runWith(java.base@23.0.1/Thread.java:1588)
	at java.lang.Thread.run(java.base@23.0.1/Thread.java:1575)

"Event Bus Publisher" #62 [19516] daemon prio=5 os_prio=0 cpu=0.00ms elapsed=49.42s tid=0x000001a1c5252cb0 nid=19516 waiting on condition  [0x0000003c018fe000]
   java.lang.Thread.State: WAITING (parking)
	at jdk.internal.misc.Unsafe.park(java.base@23.0.1/Native Method)
	- parking to wait for  <0x000000068306e610> (a java.util.concurrent.locks.AbstractQueuedSynchronizer$ConditionObject)
	at java.util.concurrent.locks.LockSupport.park(java.base@23.0.1/LockSupport.java:371)
	at java.util.concurrent.locks.AbstractQueuedSynchronizer$ConditionNode.block(java.base@23.0.1/AbstractQueuedSynchronizer.java:519)
	at java.util.concurrent.ForkJoinPool.unmanagedBlock(java.base@23.0.1/ForkJoinPool.java:4021)
	at java.util.concurrent.ForkJoinPool.managedBlock(java.base@23.0.1/ForkJoinPool.java:3967)
	at java.util.concurrent.locks.AbstractQueuedSynchronizer$ConditionObject.await(java.base@23.0.1/AbstractQueuedSynchronizer.java:1712)
	at java.util.concurrent.LinkedBlockingQueue.take(java.base@23.0.1/LinkedBlockingQueue.java:435)
	at java.util.concurrent.ThreadPoolExecutor.getTask(java.base@23.0.1/ThreadPoolExecutor.java:1070)
	at java.util.concurrent.ThreadPoolExecutor.runWorker(java.base@23.0.1/ThreadPoolExecutor.java:1130)
	at java.util.concurrent.ThreadPoolExecutor$Worker.run(java.base@23.0.1/ThreadPoolExecutor.java:642)
	at java.lang.Thread.runWith(java.base@23.0.1/Thread.java:1588)
	at java.lang.Thread.run(java.base@23.0.1/Thread.java:1575)

"HttpClient-2-SelectorManager" #63 [26044] daemon prio=5 os_prio=0 cpu=0.00ms elapsed=49.42s tid=0x000001a1c5255aa0 nid=26044 runnable  [0x0000003c019fe000]
   java.lang.Thread.State: RUNNABLE
	at sun.nio.ch.WEPoll.wait(java.base@23.0.1/Native Method)
	at sun.nio.ch.WEPollSelectorImpl.doSelect(java.base@23.0.1/WEPollSelectorImpl.java:114)
	at sun.nio.ch.SelectorImpl.lockAndDoSelect(java.base@23.0.1/SelectorImpl.java:130)
	- locked <0x0000000682802df0> (a sun.nio.ch.Util$2)
	- locked <0x0000000682802d90> (a sun.nio.ch.WEPollSelectorImpl)
	at sun.nio.ch.SelectorImpl.select(java.base@23.0.1/SelectorImpl.java:142)
	at jdk.internal.net.http.HttpClientImpl$SelectorManager.run(java.net.http@23.0.1/HttpClientImpl.java:1377)

"JdkHttpClient-1-0" #64 [9520] daemon prio=5 os_prio=0 cpu=0.00ms elapsed=49.42s tid=0x000001a1c52546f0 nid=9520 waiting on condition  [0x0000003c01afe000]
   java.lang.Thread.State: TIMED_WAITING (parking)
	at jdk.internal.misc.Unsafe.park(java.base@23.0.1/Native Method)
	- parking to wait for  <0x00000006828041c0> (a java.util.concurrent.SynchronousQueue$Transferer)
	at java.util.concurrent.locks.LockSupport.parkNanos(java.base@23.0.1/LockSupport.java:410)
	at java.util.concurrent.LinkedTransferQueue$DualNode.await(java.base@23.0.1/LinkedTransferQueue.java:452)
	at java.util.concurrent.SynchronousQueue$Transferer.xferLifo(java.base@23.0.1/SynchronousQueue.java:194)
	at java.util.concurrent.SynchronousQueue.xfer(java.base@23.0.1/SynchronousQueue.java:235)
	at java.util.concurrent.SynchronousQueue.poll(java.base@23.0.1/SynchronousQueue.java:338)
	at java.util.concurrent.ThreadPoolExecutor.getTask(java.base@23.0.1/ThreadPoolExecutor.java:1069)
	at java.util.concurrent.ThreadPoolExecutor.runWorker(java.base@23.0.1/ThreadPoolExecutor.java:1130)
	at java.util.concurrent.ThreadPoolExecutor$Worker.run(java.base@23.0.1/ThreadPoolExecutor.java:642)
	at java.lang.Thread.runWith(java.base@23.0.1/Thread.java:1588)
	at java.lang.Thread.run(java.base@23.0.1/Thread.java:1575)

"JdkHttpClient-1-1" #65 [27392] daemon prio=5 os_prio=0 cpu=0.00ms elapsed=49.41s tid=0x000001a1c5253340 nid=27392 waiting on condition  [0x0000003c01bfe000]
   java.lang.Thread.State: TIMED_WAITING (parking)
	at jdk.internal.misc.Unsafe.park(java.base@23.0.1/Native Method)
	- parking to wait for  <0x00000006828041c0> (a java.util.concurrent.SynchronousQueue$Transferer)
	at java.util.concurrent.locks.LockSupport.parkNanos(java.base@23.0.1/LockSupport.java:410)
	at java.util.concurrent.LinkedTransferQueue$DualNode.await(java.base@23.0.1/LinkedTransferQueue.java:452)
	at java.util.concurrent.SynchronousQueue$Transferer.xferLifo(java.base@23.0.1/SynchronousQueue.java:194)
	at java.util.concurrent.SynchronousQueue.xfer(java.base@23.0.1/SynchronousQueue.java:235)
	at java.util.concurrent.SynchronousQueue.poll(java.base@23.0.1/SynchronousQueue.java:338)
	at java.util.concurrent.ThreadPoolExecutor.getTask(java.base@23.0.1/ThreadPoolExecutor.java:1069)
	at java.util.concurrent.ThreadPoolExecutor.runWorker(java.base@23.0.1/ThreadPoolExecutor.java:1130)
	at java.util.concurrent.ThreadPoolExecutor$Worker.run(java.base@23.0.1/ThreadPoolExecutor.java:642)
	at java.lang.Thread.runWith(java.base@23.0.1/Thread.java:1588)
	at java.lang.Thread.run(java.base@23.0.1/Thread.java:1575)

"JdkHttpClient-1-2" #66 [24960] daemon prio=5 os_prio=0 cpu=0.00ms elapsed=49.41s tid=0x000001a1c5258200 nid=24960 waiting on condition  [0x0000003c01cfe000]
   java.lang.Thread.State: TIMED_WAITING (parking)
	at jdk.internal.misc.Unsafe.park(java.base@23.0.1/Native Method)
	- parking to wait for  <0x00000006828041c0> (a java.util.concurrent.SynchronousQueue$Transferer)
	at java.util.concurrent.locks.LockSupport.parkNanos(java.base@23.0.1/LockSupport.java:410)
	at java.util.concurrent.LinkedTransferQueue$DualNode.await(java.base@23.0.1/LinkedTransferQueue.java:452)
	at java.util.concurrent.SynchronousQueue$Transferer.xferLifo(java.base@23.0.1/SynchronousQueue.java:194)
	at java.util.concurrent.SynchronousQueue.xfer(java.base@23.0.1/SynchronousQueue.java:235)
	at java.util.concurrent.SynchronousQueue.poll(java.base@23.0.1/SynchronousQueue.java:338)
	at java.util.concurrent.ThreadPoolExecutor.getTask(java.base@23.0.1/ThreadPoolExecutor.java:1069)
	at java.util.concurrent.ThreadPoolExecutor.runWorker(java.base@23.0.1/ThreadPoolExecutor.java:1130)
	at java.util.concurrent.ThreadPoolExecutor$Worker.run(java.base@23.0.1/ThreadPoolExecutor.java:642)
	at java.lang.Thread.runWith(java.base@23.0.1/Thread.java:1588)
	at java.lang.Thread.run(java.base@23.0.1/Thread.java:1575)

"JdkHttpClient-1-3" #67 [25408] daemon prio=5 os_prio=0 cpu=0.00ms elapsed=49.41s tid=0x000001a1c52539d0 nid=25408 waiting on condition  [0x0000003c01dfe000]
   java.lang.Thread.State: TIMED_WAITING (parking)
	at jdk.internal.misc.Unsafe.park(java.base@23.0.1/Native Method)
	- parking to wait for  <0x00000006828041c0> (a java.util.concurrent.SynchronousQueue$Transferer)
	at java.util.concurrent.locks.LockSupport.parkNanos(java.base@23.0.1/LockSupport.java:410)
	at java.util.concurrent.LinkedTransferQueue$DualNode.await(java.base@23.0.1/LinkedTransferQueue.java:452)
	at java.util.concurrent.SynchronousQueue$Transferer.xferLifo(java.base@23.0.1/SynchronousQueue.java:194)
	at java.util.concurrent.SynchronousQueue.xfer(java.base@23.0.1/SynchronousQueue.java:235)
	at java.util.concurrent.SynchronousQueue.poll(java.base@23.0.1/SynchronousQueue.java:338)
	at java.util.concurrent.ThreadPoolExecutor.getTask(java.base@23.0.1/ThreadPoolExecutor.java:1069)
	at java.util.concurrent.ThreadPoolExecutor.runWorker(java.base@23.0.1/ThreadPoolExecutor.java:1130)
	at java.util.concurrent.ThreadPoolExecutor$Worker.run(java.base@23.0.1/ThreadPoolExecutor.java:642)
	at java.lang.Thread.runWith(java.base@23.0.1/Thread.java:1588)
	at java.lang.Thread.run(java.base@23.0.1/Thread.java:1575)

"HttpClient-3-SelectorManager" #68 [15920] daemon prio=5 os_prio=0 cpu=0.00ms elapsed=49.33s tid=0x000001a1c5256130 nid=15920 runnable  [0x0000003c01efe000]
   java.lang.Thread.State: RUNNABLE
	at sun.nio.ch.WEPoll.wait(java.base@23.0.1/Native Method)
	at sun.nio.ch.WEPollSelectorImpl.doSelect(java.base@23.0.1/WEPollSelectorImpl.java:114)
	at sun.nio.ch.SelectorImpl.lockAndDoSelect(java.base@23.0.1/SelectorImpl.java:130)
	- locked <0x0000000682804480> (a sun.nio.ch.Util$2)
	- locked <0x0000000682804420> (a sun.nio.ch.WEPollSelectorImpl)
	at sun.nio.ch.SelectorImpl.select(java.base@23.0.1/SelectorImpl.java:142)
	at jdk.internal.net.http.HttpClientImpl$SelectorManager.run(java.net.http@23.0.1/HttpClientImpl.java:1377)

"JdkHttpClient-2-0" #69 [8980] daemon prio=5 os_prio=0 cpu=0.00ms elapsed=49.33s tid=0x000001a1c52567c0 nid=8980 waiting on condition  [0x0000003c01ffe000]
   java.lang.Thread.State: TIMED_WAITING (parking)
	at jdk.internal.misc.Unsafe.park(java.base@23.0.1/Native Method)
	- parking to wait for  <0x0000000682803538> (a java.util.concurrent.SynchronousQueue$Transferer)
	at java.util.concurrent.locks.LockSupport.parkNanos(java.base@23.0.1/LockSupport.java:410)
	at java.util.concurrent.LinkedTransferQueue$DualNode.await(java.base@23.0.1/LinkedTransferQueue.java:452)
	at java.util.concurrent.SynchronousQueue$Transferer.xferLifo(java.base@23.0.1/SynchronousQueue.java:194)
	at java.util.concurrent.SynchronousQueue.xfer(java.base@23.0.1/SynchronousQueue.java:235)
	at java.util.concurrent.SynchronousQueue.poll(java.base@23.0.1/SynchronousQueue.java:338)
	at java.util.concurrent.ThreadPoolExecutor.getTask(java.base@23.0.1/ThreadPoolExecutor.java:1069)
	at java.util.concurrent.ThreadPoolExecutor.runWorker(java.base@23.0.1/ThreadPoolExecutor.java:1130)
	at java.util.concurrent.ThreadPoolExecutor$Worker.run(java.base@23.0.1/ThreadPoolExecutor.java:642)
	at java.lang.Thread.runWith(java.base@23.0.1/Thread.java:1588)
	at java.lang.Thread.run(java.base@23.0.1/Thread.java:1575)

"JdkHttpClient-2-1" #70 [4572] daemon prio=5 os_prio=0 cpu=0.00ms elapsed=49.33s tid=0x000001a1c5257b70 nid=4572 waiting on condition  [0x0000003c020fe000]
   java.lang.Thread.State: TIMED_WAITING (parking)
	at jdk.internal.misc.Unsafe.park(java.base@23.0.1/Native Method)
	- parking to wait for  <0x0000000682803538> (a java.util.concurrent.SynchronousQueue$Transferer)
	at java.util.concurrent.locks.LockSupport.parkNanos(java.base@23.0.1/LockSupport.java:410)
	at java.util.concurrent.LinkedTransferQueue$DualNode.await(java.base@23.0.1/LinkedTransferQueue.java:452)
	at java.util.concurrent.SynchronousQueue$Transferer.xferLifo(java.base@23.0.1/SynchronousQueue.java:194)
	at java.util.concurrent.SynchronousQueue.xfer(java.base@23.0.1/SynchronousQueue.java:235)
	at java.util.concurrent.SynchronousQueue.poll(java.base@23.0.1/SynchronousQueue.java:338)
	at java.util.concurrent.ThreadPoolExecutor.getTask(java.base@23.0.1/ThreadPoolExecutor.java:1069)
	at java.util.concurrent.ThreadPoolExecutor.runWorker(java.base@23.0.1/ThreadPoolExecutor.java:1130)
	at java.util.concurrent.ThreadPoolExecutor$Worker.run(java.base@23.0.1/ThreadPoolExecutor.java:642)
	at java.lang.Thread.runWith(java.base@23.0.1/Thread.java:1588)
	at java.lang.Thread.run(java.base@23.0.1/Thread.java:1575)

"JdkHttpClient-2-2" #71 [18896] daemon prio=5 os_prio=0 cpu=0.00ms elapsed=49.33s tid=0x000001a1c5256e50 nid=18896 waiting on condition  [0x0000003c021fe000]
   java.lang.Thread.State: TIMED_WAITING (parking)
	at jdk.internal.misc.Unsafe.park(java.base@23.0.1/Native Method)
	- parking to wait for  <0x0000000682803538> (a java.util.concurrent.SynchronousQueue$Transferer)
	at java.util.concurrent.locks.LockSupport.parkNanos(java.base@23.0.1/LockSupport.java:410)
	at java.util.concurrent.LinkedTransferQueue$DualNode.await(java.base@23.0.1/LinkedTransferQueue.java:452)
	at java.util.concurrent.SynchronousQueue$Transferer.xferLifo(java.base@23.0.1/SynchronousQueue.java:194)
	at java.util.concurrent.SynchronousQueue.xfer(java.base@23.0.1/SynchronousQueue.java:235)
	at java.util.concurrent.SynchronousQueue.poll(java.base@23.0.1/SynchronousQueue.java:338)
	at java.util.concurrent.ThreadPoolExecutor.getTask(java.base@23.0.1/ThreadPoolExecutor.java:1069)
	at java.util.concurrent.ThreadPoolExecutor.runWorker(java.base@23.0.1/ThreadPoolExecutor.java:1130)
	at java.util.concurrent.ThreadPoolExecutor$Worker.run(java.base@23.0.1/ThreadPoolExecutor.java:642)
	at java.lang.Thread.runWith(java.base@23.0.1/Thread.java:1588)
	at java.lang.Thread.run(java.base@23.0.1/Thread.java:1575)

"JdkHttpClient-2-3" #72 [26316] daemon prio=5 os_prio=0 cpu=0.00ms elapsed=49.33s tid=0x000001a1c5254d80 nid=26316 waiting on condition  [0x0000003c022fe000]
   java.lang.Thread.State: TIMED_WAITING (parking)
	at jdk.internal.misc.Unsafe.park(java.base@23.0.1/Native Method)
	- parking to wait for  <0x0000000682803538> (a java.util.concurrent.SynchronousQueue$Transferer)
	at java.util.concurrent.locks.LockSupport.parkNanos(java.base@23.0.1/LockSupport.java:410)
	at java.util.concurrent.LinkedTransferQueue$DualNode.await(java.base@23.0.1/LinkedTransferQueue.java:452)
	at java.util.concurrent.SynchronousQueue$Transferer.xferLifo(java.base@23.0.1/SynchronousQueue.java:194)
	at java.util.concurrent.SynchronousQueue.xfer(java.base@23.0.1/SynchronousQueue.java:235)
	at java.util.concurrent.SynchronousQueue.poll(java.base@23.0.1/SynchronousQueue.java:338)
	at java.util.concurrent.ThreadPoolExecutor.getTask(java.base@23.0.1/ThreadPoolExecutor.java:1069)
	at java.util.concurrent.ThreadPoolExecutor.runWorker(java.base@23.0.1/ThreadPoolExecutor.java:1130)
	at java.util.concurrent.ThreadPoolExecutor$Worker.run(java.base@23.0.1/ThreadPoolExecutor.java:642)
	at java.lang.Thread.runWith(java.base@23.0.1/Thread.java:1588)
	at java.lang.Thread.run(java.base@23.0.1/Thread.java:1575)

"nioEventLoopGroup-3-1" #73 [15696] prio=10 os_prio=2 cpu=15.62ms elapsed=45.13s tid=0x000001a1c52574e0 nid=15696 runnable  [0x0000003c002fe000]
   java.lang.Thread.State: RUNNABLE
	at sun.nio.ch.WEPoll.wait(java.base@23.0.1/Native Method)
	at sun.nio.ch.WEPollSelectorImpl.doSelect(java.base@23.0.1/WEPollSelectorImpl.java:114)
	at sun.nio.ch.SelectorImpl.lockAndDoSelect(java.base@23.0.1/SelectorImpl.java:130)
	- locked <0x0000000682805ba8> (a io.netty.channel.nio.SelectedSelectionKeySet)
	- locked <0x0000000682805b48> (a sun.nio.ch.WEPollSelectorImpl)
	at sun.nio.ch.SelectorImpl.select(java.base@23.0.1/SelectorImpl.java:147)
	at io.netty.channel.nio.SelectedSelectionKeySetSelector.select(SelectedSelectionKeySetSelector.java:68)
	at io.netty.channel.nio.NioEventLoop.select(NioEventLoop.java:887)
	at io.netty.channel.nio.NioEventLoop.run(NioEventLoop.java:526)
	at io.netty.util.concurrent.SingleThreadEventExecutor$4.run(SingleThreadEventExecutor.java:998)
	at io.netty.util.internal.ThreadExecutorMap$2.run(ThreadExecutorMap.java:74)
	at io.netty.util.concurrent.FastThreadLocalRunnable.run(FastThreadLocalRunnable.java:30)
	at java.lang.Thread.runWith(java.base@23.0.1/Thread.java:1588)
	at java.lang.Thread.run(java.base@23.0.1/Thread.java:1575)

"pool-1-thread-1" #74 [5828] prio=5 os_prio=0 cpu=15.62ms elapsed=45.10s tid=0x000001a1c5258890 nid=5828 waiting on condition  [0x0000003c00bff000]
   java.lang.Thread.State: TIMED_WAITING (parking)
	at jdk.internal.misc.Unsafe.park(java.base@23.0.1/Native Method)
	- parking to wait for  <0x0000000682882d38> (a java.util.concurrent.SynchronousQueue$Transferer)
	at java.util.concurrent.locks.LockSupport.parkNanos(java.base@23.0.1/LockSupport.java:410)
	at java.util.concurrent.LinkedTransferQueue$DualNode.await(java.base@23.0.1/LinkedTransferQueue.java:452)
	at java.util.concurrent.SynchronousQueue$Transferer.xferLifo(java.base@23.0.1/SynchronousQueue.java:194)
	at java.util.concurrent.SynchronousQueue.xfer(java.base@23.0.1/SynchronousQueue.java:235)
	at java.util.concurrent.SynchronousQueue.poll(java.base@23.0.1/SynchronousQueue.java:338)
	at java.util.concurrent.ThreadPoolExecutor.getTask(java.base@23.0.1/ThreadPoolExecutor.java:1069)
	at java.util.concurrent.ThreadPoolExecutor.runWorker(java.base@23.0.1/ThreadPoolExecutor.java:1130)
	at java.util.concurrent.ThreadPoolExecutor$Worker.run(java.base@23.0.1/ThreadPoolExecutor.java:642)
	at java.lang.Thread.runWith(java.base@23.0.1/Thread.java:1588)
	at java.lang.Thread.run(java.base@23.0.1/Thread.java:1575)

"Local Distributor - Session Creation" #75 [5852] daemon prio=5 os_prio=0 cpu=0.00ms elapsed=45.06s tid=0x000001a1c5258f20 nid=5852 waiting on condition  [0x0000003c023ff000]
   java.lang.Thread.State: WAITING (parking)
	at jdk.internal.misc.Unsafe.park(java.base@23.0.1/Native Method)
	- parking to wait for  <0x0000000682804f18> (a java.util.concurrent.locks.AbstractQueuedSynchronizer$ConditionObject)
	at java.util.concurrent.locks.LockSupport.park(java.base@23.0.1/LockSupport.java:371)
	at java.util.concurrent.locks.AbstractQueuedSynchronizer$ConditionNode.block(java.base@23.0.1/AbstractQueuedSynchronizer.java:519)
	at java.util.concurrent.ForkJoinPool.unmanagedBlock(java.base@23.0.1/ForkJoinPool.java:4021)
	at java.util.concurrent.ForkJoinPool.managedBlock(java.base@23.0.1/ForkJoinPool.java:3967)
	at java.util.concurrent.locks.AbstractQueuedSynchronizer$ConditionObject.await(java.base@23.0.1/AbstractQueuedSynchronizer.java:1712)
	at java.util.concurrent.LinkedBlockingQueue.take(java.base@23.0.1/LinkedBlockingQueue.java:435)
	at java.util.concurrent.ThreadPoolExecutor.getTask(java.base@23.0.1/ThreadPoolExecutor.java:1070)
	at java.util.concurrent.ThreadPoolExecutor.runWorker(java.base@23.0.1/ThreadPoolExecutor.java:1130)
	at java.util.concurrent.ThreadPoolExecutor$Worker.run(java.base@23.0.1/ThreadPoolExecutor.java:642)
	at java.lang.Thread.runWith(java.base@23.0.1/Thread.java:1588)
	at java.lang.Thread.run(java.base@23.0.1/Thread.java:1575)

"ForkJoinPool.commonPool-worker-5" #76 [9092] daemon prio=5 os_prio=0 cpu=0.00ms elapsed=45.05s tid=0x000001a1c52595b0 nid=9092 waiting on condition  [0x0000003c024fe000]
   java.lang.Thread.State: WAITING (parking)
	at jdk.internal.misc.Unsafe.park(java.base@23.0.1/Native Method)
	- parking to wait for  <0x000000068300bd20> (a java.util.concurrent.ForkJoinPool)
	at java.util.concurrent.ForkJoinPool.awaitWork(java.base@23.0.1/ForkJoinPool.java:2135)
	at java.util.concurrent.ForkJoinPool.deactivate(java.base@23.0.1/ForkJoinPool.java:2099)
	at java.util.concurrent.ForkJoinPool.runWorker(java.base@23.0.1/ForkJoinPool.java:2043)
	at java.util.concurrent.ForkJoinWorkerThread.run(java.base@23.0.1/ForkJoinWorkerThread.java:189)

"ForkJoinPool.commonPool-worker-6" #77 [18788] daemon prio=5 os_prio=0 cpu=0.00ms elapsed=45.05s tid=0x000001a1c5252620 nid=18788 waiting on condition  [0x0000003c025fe000]
   java.lang.Thread.State: WAITING (parking)
	at jdk.internal.misc.Unsafe.park(java.base@23.0.1/Native Method)
	- parking to wait for  <0x000000068300bd20> (a java.util.concurrent.ForkJoinPool)
	at java.util.concurrent.ForkJoinPool.awaitWork(java.base@23.0.1/ForkJoinPool.java:2135)
	at java.util.concurrent.ForkJoinPool.deactivate(java.base@23.0.1/ForkJoinPool.java:2099)
	at java.util.concurrent.ForkJoinPool.runWorker(java.base@23.0.1/ForkJoinPool.java:2043)
	at java.util.concurrent.ForkJoinWorkerThread.run(java.base@23.0.1/ForkJoinWorkerThread.java:189)

"ForkJoinPool.commonPool-worker-10" #81 [25784] daemon prio=5 os_prio=0 cpu=15.62ms elapsed=45.05s tid=0x000001a1c5259c40 nid=25784 waiting on condition  [0x0000003c026fe000]
   java.lang.Thread.State: WAITING (parking)
	at jdk.internal.misc.Unsafe.park(java.base@23.0.1/Native Method)
	- parking to wait for  <0x000000068300bd20> (a java.util.concurrent.ForkJoinPool)
	at java.util.concurrent.ForkJoinPool.awaitWork(java.base@23.0.1/ForkJoinPool.java:2135)
	at java.util.concurrent.ForkJoinPool.deactivate(java.base@23.0.1/ForkJoinPool.java:2099)
	at java.util.concurrent.ForkJoinPool.runWorker(java.base@23.0.1/ForkJoinPool.java:2043)
	at java.util.concurrent.ForkJoinWorkerThread.run(java.base@23.0.1/ForkJoinWorkerThread.java:189)

"ForkJoinPool.commonPool-worker-8" #79 [26028] daemon prio=5 os_prio=0 cpu=0.00ms elapsed=45.05s tid=0x000001a1eb76f1a0 nid=26028 waiting on condition  [0x0000003c027ff000]
   java.lang.Thread.State: WAITING (parking)
	at jdk.internal.misc.Unsafe.park(java.base@23.0.1/Native Method)
	- parking to wait for  <0x000000068300bd20> (a java.util.concurrent.ForkJoinPool)
	at java.util.concurrent.ForkJoinPool.awaitWork(java.base@23.0.1/ForkJoinPool.java:2135)
	at java.util.concurrent.ForkJoinPool.deactivate(java.base@23.0.1/ForkJoinPool.java:2099)
	at java.util.concurrent.ForkJoinPool.runWorker(java.base@23.0.1/ForkJoinPool.java:2043)
	at java.util.concurrent.ForkJoinWorkerThread.run(java.base@23.0.1/ForkJoinWorkerThread.java:189)

"ForkJoinPool.commonPool-worker-9" #80 [26472] daemon prio=5 os_prio=0 cpu=0.00ms elapsed=45.05s tid=0x000001a1eb76b690 nid=26472 waiting on condition  [0x0000003c028ff000]
   java.lang.Thread.State: WAITING (parking)
	at jdk.internal.misc.Unsafe.park(java.base@23.0.1/Native Method)
	- parking to wait for  <0x000000068300bd20> (a java.util.concurrent.ForkJoinPool)
	at java.util.concurrent.ForkJoinPool.awaitWork(java.base@23.0.1/ForkJoinPool.java:2135)
	at java.util.concurrent.ForkJoinPool.deactivate(java.base@23.0.1/ForkJoinPool.java:2099)
	at java.util.concurrent.ForkJoinPool.runWorker(java.base@23.0.1/ForkJoinPool.java:2043)
	at java.util.concurrent.ForkJoinWorkerThread.run(java.base@23.0.1/ForkJoinWorkerThread.java:189)

"ForkJoinPool.commonPool-worker-11" #82 [9252] daemon prio=5 os_prio=0 cpu=0.00ms elapsed=45.05s tid=0x000001a1eb76e480 nid=9252 waiting on condition  [0x0000003c029ff000]
   java.lang.Thread.State: WAITING (parking)
	at jdk.internal.misc.Unsafe.park(java.base@23.0.1/Native Method)
	- parking to wait for  <0x000000068300bd20> (a java.util.concurrent.ForkJoinPool)
	at java.util.concurrent.ForkJoinPool.awaitWork(java.base@23.0.1/ForkJoinPool.java:2135)
	at java.util.concurrent.ForkJoinPool.deactivate(java.base@23.0.1/ForkJoinPool.java:2099)
	at java.util.concurrent.ForkJoinPool.runWorker(java.base@23.0.1/ForkJoinPool.java:2043)
	at java.util.concurrent.ForkJoinWorkerThread.run(java.base@23.0.1/ForkJoinWorkerThread.java:189)

"ForkJoinPool.commonPool-worker-7" #78 [10148] daemon prio=5 os_prio=0 cpu=0.00ms elapsed=45.05s tid=0x000001a1eb76a2e0 nid=10148 waiting on condition  [0x0000003c02afe000]
   java.lang.Thread.State: TIMED_WAITING (parking)
	at jdk.internal.misc.Unsafe.park(java.base@23.0.1/Native Method)
	- parking to wait for  <0x000000068300bd20> (a java.util.concurrent.ForkJoinPool)
	at java.util.concurrent.ForkJoinPool.awaitWork(java.base@23.0.1/ForkJoinPool.java:2135)
	at java.util.concurrent.ForkJoinPool.deactivate(java.base@23.0.1/ForkJoinPool.java:2099)
	at java.util.concurrent.ForkJoinPool.runWorker(java.base@23.0.1/ForkJoinPool.java:2043)
	at java.util.concurrent.ForkJoinWorkerThread.run(java.base@23.0.1/ForkJoinWorkerThread.java:189)

"HttpClient-4-SelectorManager" #83 [22576] daemon prio=5 os_prio=0 cpu=15.62ms elapsed=44.27s tid=0x000001a1eb76f830 nid=22576 runnable  [0x0000003c02cff000]
   java.lang.Thread.State: RUNNABLE
	at sun.nio.ch.WEPoll.wait(java.base@23.0.1/Native Method)
	at sun.nio.ch.WEPollSelectorImpl.doSelect(java.base@23.0.1/WEPollSelectorImpl.java:114)
	at sun.nio.ch.SelectorImpl.lockAndDoSelect(java.base@23.0.1/SelectorImpl.java:130)
	- locked <0x0000000682805100> (a sun.nio.ch.Util$2)
	- locked <0x00000006828050a0> (a sun.nio.ch.WEPollSelectorImpl)
	at sun.nio.ch.SelectorImpl.select(java.base@23.0.1/SelectorImpl.java:142)
	at jdk.internal.net.http.HttpClientImpl$SelectorManager.run(java.net.http@23.0.1/HttpClientImpl.java:1377)

"JdkHttpClient-3-0" #84 [13112] daemon prio=5 os_prio=0 cpu=0.00ms elapsed=44.27s tid=0x000001a1eb7688a0 nid=13112 waiting on condition  [0x0000003c02dfe000]
   java.lang.Thread.State: TIMED_WAITING (parking)
	at jdk.internal.misc.Unsafe.park(java.base@23.0.1/Native Method)
	- parking to wait for  <0x00000006828039c0> (a java.util.concurrent.SynchronousQueue$Transferer)
	at java.util.concurrent.locks.LockSupport.parkNanos(java.base@23.0.1/LockSupport.java:410)
	at java.util.concurrent.LinkedTransferQueue$DualNode.await(java.base@23.0.1/LinkedTransferQueue.java:452)
	at java.util.concurrent.SynchronousQueue$Transferer.xferLifo(java.base@23.0.1/SynchronousQueue.java:194)
	at java.util.concurrent.SynchronousQueue.xfer(java.base@23.0.1/SynchronousQueue.java:235)
	at java.util.concurrent.SynchronousQueue.poll(java.base@23.0.1/SynchronousQueue.java:338)
	at java.util.concurrent.ThreadPoolExecutor.getTask(java.base@23.0.1/ThreadPoolExecutor.java:1069)
	at java.util.concurrent.ThreadPoolExecutor.runWorker(java.base@23.0.1/ThreadPoolExecutor.java:1130)
	at java.util.concurrent.ThreadPoolExecutor$Worker.run(java.base@23.0.1/ThreadPoolExecutor.java:642)
	at java.lang.Thread.runWith(java.base@23.0.1/Thread.java:1588)
	at java.lang.Thread.run(java.base@23.0.1/Thread.java:1575)

"JdkHttpClient-3-1" #85 [9844] daemon prio=5 os_prio=0 cpu=0.00ms elapsed=44.27s tid=0x000001a1eb76d0d0 nid=9844 waiting on condition  [0x0000003c02efe000]
   java.lang.Thread.State: TIMED_WAITING (parking)
	at jdk.internal.misc.Unsafe.park(java.base@23.0.1/Native Method)
	- parking to wait for  <0x00000006828039c0> (a java.util.concurrent.SynchronousQueue$Transferer)
	at java.util.concurrent.locks.LockSupport.parkNanos(java.base@23.0.1/LockSupport.java:410)
	at java.util.concurrent.LinkedTransferQueue$DualNode.await(java.base@23.0.1/LinkedTransferQueue.java:452)
	at java.util.concurrent.SynchronousQueue$Transferer.xferLifo(java.base@23.0.1/SynchronousQueue.java:194)
	at java.util.concurrent.SynchronousQueue.xfer(java.base@23.0.1/SynchronousQueue.java:235)
	at java.util.concurrent.SynchronousQueue.poll(java.base@23.0.1/SynchronousQueue.java:338)
	at java.util.concurrent.ThreadPoolExecutor.getTask(java.base@23.0.1/ThreadPoolExecutor.java:1069)
	at java.util.concurrent.ThreadPoolExecutor.runWorker(java.base@23.0.1/ThreadPoolExecutor.java:1130)
	at java.util.concurrent.ThreadPoolExecutor$Worker.run(java.base@23.0.1/ThreadPoolExecutor.java:642)
	at java.lang.Thread.runWith(java.base@23.0.1/Thread.java:1588)
	at java.lang.Thread.run(java.base@23.0.1/Thread.java:1575)

"JdkHttpClient-3-2" #86 [24020] daemon prio=5 os_prio=0 cpu=0.00ms elapsed=44.27s tid=0x000001a1eb76a970 nid=24020 waiting on condition  [0x0000003c02fff000]
   java.lang.Thread.State: TIMED_WAITING (parking)
	at jdk.internal.misc.Unsafe.park(java.base@23.0.1/Native Method)
	- parking to wait for  <0x00000006828039c0> (a java.util.concurrent.SynchronousQueue$Transferer)
	at java.util.concurrent.locks.LockSupport.parkNanos(java.base@23.0.1/LockSupport.java:410)
	at java.util.concurrent.LinkedTransferQueue$DualNode.await(java.base@23.0.1/LinkedTransferQueue.java:452)
	at java.util.concurrent.SynchronousQueue$Transferer.xferLifo(java.base@23.0.1/SynchronousQueue.java:194)
	at java.util.concurrent.SynchronousQueue.xfer(java.base@23.0.1/SynchronousQueue.java:235)
	at java.util.concurrent.SynchronousQueue.poll(java.base@23.0.1/SynchronousQueue.java:338)
	at java.util.concurrent.ThreadPoolExecutor.getTask(java.base@23.0.1/ThreadPoolExecutor.java:1069)
	at java.util.concurrent.ThreadPoolExecutor.runWorker(java.base@23.0.1/ThreadPoolExecutor.java:1130)
	at java.util.concurrent.ThreadPoolExecutor$Worker.run(java.base@23.0.1/ThreadPoolExecutor.java:642)
	at java.lang.Thread.runWith(java.base@23.0.1/Thread.java:1588)
	at java.lang.Thread.run(java.base@23.0.1/Thread.java:1575)

"JdkHttpClient-3-3" #87 [25216] daemon prio=5 os_prio=0 cpu=15.62ms elapsed=44.27s tid=0x000001a1eb769c50 nid=25216 waiting on condition  [0x0000003c030fe000]
   java.lang.Thread.State: TIMED_WAITING (parking)
	at jdk.internal.misc.Unsafe.park(java.base@23.0.1/Native Method)
	- parking to wait for  <0x00000006828039c0> (a java.util.concurrent.SynchronousQueue$Transferer)
	at java.util.concurrent.locks.LockSupport.parkNanos(java.base@23.0.1/LockSupport.java:410)
	at java.util.concurrent.LinkedTransferQueue$DualNode.await(java.base@23.0.1/LinkedTransferQueue.java:452)
	at java.util.concurrent.SynchronousQueue$Transferer.xferLifo(java.base@23.0.1/SynchronousQueue.java:194)
	at java.util.concurrent.SynchronousQueue.xfer(java.base@23.0.1/SynchronousQueue.java:235)
	at java.util.concurrent.SynchronousQueue.poll(java.base@23.0.1/SynchronousQueue.java:338)
	at java.util.concurrent.ThreadPoolExecutor.getTask(java.base@23.0.1/ThreadPoolExecutor.java:1069)
	at java.util.concurrent.ThreadPoolExecutor.runWorker(java.base@23.0.1/ThreadPoolExecutor.java:1130)
	at java.util.concurrent.ThreadPoolExecutor$Worker.run(java.base@23.0.1/ThreadPoolExecutor.java:642)
	at java.lang.Thread.runWith(java.base@23.0.1/Thread.java:1588)
	at java.lang.Thread.run(java.base@23.0.1/Thread.java:1575)

"nioEventLoopGroup-3-2" #88 [3592] prio=10 os_prio=2 cpu=31.25ms elapsed=30.51s tid=0x000001a1eb76d760 nid=3592 runnable  [0x0000003c02bfe000]
   java.lang.Thread.State: RUNNABLE
	at sun.nio.ch.WEPoll.wait(java.base@23.0.1/Native Method)
	at sun.nio.ch.WEPollSelectorImpl.doSelect(java.base@23.0.1/WEPollSelectorImpl.java:114)
	at sun.nio.ch.SelectorImpl.lockAndDoSelect(java.base@23.0.1/SelectorImpl.java:130)
	- locked <0x0000000682805ec0> (a io.netty.channel.nio.SelectedSelectionKeySet)
	- locked <0x0000000682805e60> (a sun.nio.ch.WEPollSelectorImpl)
	at sun.nio.ch.SelectorImpl.select(java.base@23.0.1/SelectorImpl.java:147)
	at io.netty.channel.nio.SelectedSelectionKeySetSelector.select(SelectedSelectionKeySetSelector.java:68)
	at io.netty.channel.nio.NioEventLoop.select(NioEventLoop.java:887)
	at io.netty.channel.nio.NioEventLoop.run(NioEventLoop.java:526)
	at io.netty.util.concurrent.SingleThreadEventExecutor$4.run(SingleThreadEventExecutor.java:998)
	at io.netty.util.internal.ThreadExecutorMap$2.run(ThreadExecutorMap.java:74)
	at io.netty.util.concurrent.FastThreadLocalRunnable.run(FastThreadLocalRunnable.java:30)
	at java.lang.Thread.runWith(java.base@23.0.1/Thread.java:1588)
	at java.lang.Thread.run(java.base@23.0.1/Thread.java:1575)

"Local Distributor - Session Creation" #89 [23980] daemon prio=5 os_prio=0 cpu=15.62ms elapsed=30.48s tid=0x000001a1eb76bd20 nid=23980 waiting on condition  [0x0000003c031fe000]
   java.lang.Thread.State: WAITING (parking)
	at jdk.internal.misc.Unsafe.park(java.base@23.0.1/Native Method)
	- parking to wait for  <0x0000000682804f18> (a java.util.concurrent.locks.AbstractQueuedSynchronizer$ConditionObject)
	at java.util.concurrent.locks.LockSupport.park(java.base@23.0.1/LockSupport.java:371)
	at java.util.concurrent.locks.AbstractQueuedSynchronizer$ConditionNode.block(java.base@23.0.1/AbstractQueuedSynchronizer.java:519)
	at java.util.concurrent.ForkJoinPool.unmanagedBlock(java.base@23.0.1/ForkJoinPool.java:4021)
	at java.util.concurrent.ForkJoinPool.managedBlock(java.base@23.0.1/ForkJoinPool.java:3967)
	at java.util.concurrent.locks.AbstractQueuedSynchronizer$ConditionObject.await(java.base@23.0.1/AbstractQueuedSynchronizer.java:1712)
	at java.util.concurrent.LinkedBlockingQueue.take(java.base@23.0.1/LinkedBlockingQueue.java:435)
	at java.util.concurrent.ThreadPoolExecutor.getTask(java.base@23.0.1/ThreadPoolExecutor.java:1070)
	at java.util.concurrent.ThreadPoolExecutor.runWorker(java.base@23.0.1/ThreadPoolExecutor.java:1130)
	at java.util.concurrent.ThreadPoolExecutor$Worker.run(java.base@23.0.1/ThreadPoolExecutor.java:642)
	at java.lang.Thread.runWith(java.base@23.0.1/Thread.java:1588)
	at java.lang.Thread.run(java.base@23.0.1/Thread.java:1575)

"HttpClient-5-SelectorManager" #90 [25312] daemon prio=5 os_prio=0 cpu=15.62ms elapsed=29.66s tid=0x000001a1eb76c3b0 nid=25312 runnable  [0x0000003c032fe000]
   java.lang.Thread.State: RUNNABLE
	at sun.nio.ch.WEPoll.wait(java.base@23.0.1/Native Method)
	at sun.nio.ch.WEPollSelectorImpl.doSelect(java.base@23.0.1/WEPollSelectorImpl.java:114)
	at sun.nio.ch.SelectorImpl.lockAndDoSelect(java.base@23.0.1/SelectorImpl.java:130)
	- locked <0x00000006858650c0> (a sun.nio.ch.Util$2)
	- locked <0x0000000685865060> (a sun.nio.ch.WEPollSelectorImpl)
	at sun.nio.ch.SelectorImpl.select(java.base@23.0.1/SelectorImpl.java:142)
	at jdk.internal.net.http.HttpClientImpl$SelectorManager.run(java.net.http@23.0.1/HttpClientImpl.java:1377)

"JdkHttpClient-4-0" #91 [27352] daemon prio=5 os_prio=0 cpu=0.00ms elapsed=29.66s tid=0x000001a1eb76ddf0 nid=27352 waiting on condition  [0x0000003c033ff000]
   java.lang.Thread.State: TIMED_WAITING (parking)
	at jdk.internal.misc.Unsafe.park(java.base@23.0.1/Native Method)
	- parking to wait for  <0x00000006858b0c30> (a java.util.concurrent.SynchronousQueue$Transferer)
	at java.util.concurrent.locks.LockSupport.parkNanos(java.base@23.0.1/LockSupport.java:410)
	at java.util.concurrent.LinkedTransferQueue$DualNode.await(java.base@23.0.1/LinkedTransferQueue.java:452)
	at java.util.concurrent.SynchronousQueue$Transferer.xferLifo(java.base@23.0.1/SynchronousQueue.java:194)
	at java.util.concurrent.SynchronousQueue.xfer(java.base@23.0.1/SynchronousQueue.java:235)
	at java.util.concurrent.SynchronousQueue.poll(java.base@23.0.1/SynchronousQueue.java:338)
	at java.util.concurrent.ThreadPoolExecutor.getTask(java.base@23.0.1/ThreadPoolExecutor.java:1069)
	at java.util.concurrent.ThreadPoolExecutor.runWorker(java.base@23.0.1/ThreadPoolExecutor.java:1130)
	at java.util.concurrent.ThreadPoolExecutor$Worker.run(java.base@23.0.1/ThreadPoolExecutor.java:642)
	at java.lang.Thread.runWith(java.base@23.0.1/Thread.java:1588)
	at java.lang.Thread.run(java.base@23.0.1/Thread.java:1575)

"JdkHttpClient-4-1" #92 [17792] daemon prio=5 os_prio=0 cpu=15.62ms elapsed=29.66s tid=0x000001a1eb768f30 nid=17792 waiting on condition  [0x0000003c034fe000]
   java.lang.Thread.State: TIMED_WAITING (parking)
	at jdk.internal.misc.Unsafe.park(java.base@23.0.1/Native Method)
	- parking to wait for  <0x00000006858b0c30> (a java.util.concurrent.SynchronousQueue$Transferer)
	at java.util.concurrent.locks.LockSupport.parkNanos(java.base@23.0.1/LockSupport.java:410)
	at java.util.concurrent.LinkedTransferQueue$DualNode.await(java.base@23.0.1/LinkedTransferQueue.java:452)
	at java.util.concurrent.SynchronousQueue$Transferer.xferLifo(java.base@23.0.1/SynchronousQueue.java:194)
	at java.util.concurrent.SynchronousQueue.xfer(java.base@23.0.1/SynchronousQueue.java:235)
	at java.util.concurrent.SynchronousQueue.poll(java.base@23.0.1/SynchronousQueue.java:338)
	at java.util.concurrent.ThreadPoolExecutor.getTask(java.base@23.0.1/ThreadPoolExecutor.java:1069)
	at java.util.concurrent.ThreadPoolExecutor.runWorker(java.base@23.0.1/ThreadPoolExecutor.java:1130)
	at java.util.concurrent.ThreadPoolExecutor$Worker.run(java.base@23.0.1/ThreadPoolExecutor.java:642)
	at java.lang.Thread.runWith(java.base@23.0.1/Thread.java:1588)
	at java.lang.Thread.run(java.base@23.0.1/Thread.java:1575)

"JdkHttpClient-4-2" #93 [25088] daemon prio=5 os_prio=0 cpu=15.62ms elapsed=29.66s tid=0x000001a1eb76ca40 nid=25088 waiting on condition  [0x0000003c035fe000]
   java.lang.Thread.State: TIMED_WAITING (parking)
	at jdk.internal.misc.Unsafe.park(java.base@23.0.1/Native Method)
	- parking to wait for  <0x00000006858b0c30> (a java.util.concurrent.SynchronousQueue$Transferer)
	at java.util.concurrent.locks.LockSupport.parkNanos(java.base@23.0.1/LockSupport.java:410)
	at java.util.concurrent.LinkedTransferQueue$DualNode.await(java.base@23.0.1/LinkedTransferQueue.java:452)
	at java.util.concurrent.SynchronousQueue$Transferer.xferLifo(java.base@23.0.1/SynchronousQueue.java:194)
	at java.util.concurrent.SynchronousQueue.xfer(java.base@23.0.1/SynchronousQueue.java:235)
	at java.util.concurrent.SynchronousQueue.poll(java.base@23.0.1/SynchronousQueue.java:338)
	at java.util.concurrent.ThreadPoolExecutor.getTask(java.base@23.0.1/ThreadPoolExecutor.java:1069)
	at java.util.concurrent.ThreadPoolExecutor.runWorker(java.base@23.0.1/ThreadPoolExecutor.java:1130)
	at java.util.concurrent.ThreadPoolExecutor$Worker.run(java.base@23.0.1/ThreadPoolExecutor.java:642)
	at java.lang.Thread.runWith(java.base@23.0.1/Thread.java:1588)
	at java.lang.Thread.run(java.base@23.0.1/Thread.java:1575)

"G1 Conc#2" os_prio=2 cpu=0.00ms elapsed=49.62s tid=0x000001a1c5aae8b0 nid=21128 runnable  

"G1 Conc#1" os_prio=2 cpu=0.00ms elapsed=49.62s tid=0x000001a1c5aae150 nid=18212 runnable  

"GC Thread#9" os_prio=2 cpu=15.62ms elapsed=56.74s tid=0x000001a1c5aadda0 nid=15828 runnable  

"GC Thread#8" os_prio=2 cpu=0.00ms elapsed=56.75s tid=0x000001a1c5aaf010 nid=13412 runnable  

"GC Thread#4" os_prio=2 cpu=0.00ms elapsed=56.75s tid=0x000001a1c5aacae0 nid=12384 runnable  

"GC Thread#6" os_prio=2 cpu=0.00ms elapsed=56.75s tid=0x000001a1c5aad240 nid=3044 runnable  

"GC Thread#5" os_prio=2 cpu=0.00ms elapsed=56.75s tid=0x000001a1c5aace90 nid=9144 runnable  

"GC Thread#7" os_prio=2 cpu=0.00ms elapsed=56.75s tid=0x000001a1c5aad9f0 nid=8552 runnable  

"GC Thread#3" os_prio=2 cpu=15.62ms elapsed=56.75s tid=0x000001a1c5aac730 nid=12316 runnable  

"GC Thread#2" os_prio=2 cpu=0.00ms elapsed=56.75s tid=0x000001a1c5aabf70 nid=7804 runnable  

"GC Thread#1" os_prio=2 cpu=0.00ms elapsed=56.75s tid=0x000001a1c5a98d40 nid=22376 runnable  

"VM Thread" os_prio=2 cpu=0.00ms elapsed=57.18s tid=0x000001a1eaae2570 nid=5628 runnable  

"VM Periodic Task Thread" os_prio=2 cpu=0.00ms elapsed=57.18s tid=0x000001a1eaacbde0 nid=26312 waiting on condition  

"G1 Service" os_prio=2 cpu=0.00ms elapsed=57.19s tid=0x000001a1ea99c280 nid=2756 runnable  

"G1 Refine#0" os_prio=2 cpu=0.00ms elapsed=57.19s tid=0x000001a1c90ae880 nid=1336 runnable  

"G1 Conc#0" os_prio=2 cpu=0.00ms elapsed=57.19s tid=0x000001a1c9083d10 nid=25488 runnable  

"G1 Main Marker" os_prio=2 cpu=0.00ms elapsed=57.19s tid=0x000001a1c90821f0 nid=6700 runnable  

"GC Thread#0" os_prio=2 cpu=0.00ms elapsed=57.19s tid=0x000001a1c9071b70 nid=21372 runnable  

JNI global refs: 15, weak refs: 0

Heap
 garbage-first heap   total reserved 6250496K, committed 65536K, used 44793K [0x0000000682800000, 0x0000000800000000)
  region size 4096K, 4 young (16384K), 1 survivors (4096K)
 Metaspace       used 28838K, committed 29248K, reserved 1114112K
  class space    used 3723K, committed 3904K, reserved 1048576K

00:14:05.783 INFO [GridModel.release] - Releasing slot for session id 14bcfd40ee6ccf7510cf4d796526ebaa
00:14:05.783 INFO [LocalSessionMap.remove] - Deleted session from local Session Map, Id: 14bcfd40ee6ccf7510cf4d796526ebaa
00:14:05.969 INFO [GridModel.release] - Releasing slot for session id 953f7bbbff397814c2360030e2f362fe
00:14:05.969 INFO [LocalSessionMap.remove] - Deleted session from local Session Map, Id: 953f7bbbff397814c2360030e2f362fe
