20:38:16.914 INFO [LoggingOptions.configureLogEncoding] - Using the system default encoding
20:38:16.920 INFO [OpenTelemetryTracer.createTracer] - Using OpenTelemetry for tracing
20:38:17.077 INFO [UnboundZmqEventBus.<init>] - Connecting to tcp://0.0.0.0:4442 and tcp://0.0.0.0:4443
20:38:17.126 INFO [UnboundZmqEventBus.<init>] - Sockets created
20:38:18.137 INFO [UnboundZmqEventBus.<init>] - Event bus ready
20:38:18.268 INFO [NodeServer.createHandlers] - Reporting self as: http://192.168.56.1:5555
20:38:18.292 INFO [NodeOptions.getSessionFactories] - Detected 12 available processors
20:38:18.293 INFO [NodeOptions.discoverDrivers] - Looking for existing drivers on the PATH.
20:38:18.293 INFO [NodeOptions.discoverDrivers] - Add '--selenium-manager true' to the startup command to setup drivers automatically.
20:38:18.431 WARN [SeleniumManager.lambda$runCommand$1] - Unable to discover proper msedgedriver version in offline mode
20:38:18.489 WARN [SeleniumManager.lambda$runCommand$1] - Unable to discover proper geckodriver version in offline mode
20:38:18.551 WARN [SeleniumManager.lambda$runCommand$1] - Unable to discover proper IEDriverServer version in offline mode
20:38:18.586 INFO [NodeOptions.report] - Adding Internet Explorer for {"browserName": "internet explorer","platformName": "Windows 11"} 1 times
20:38:18.588 INFO [NodeOptions.report] - Adding Firefox for {"browserName": "firefox","platformName": "Windows 11"} 12 times
20:38:18.589 INFO [NodeOptions.report] - Adding Edge for {"browserName": "MicrosoftEdge","platformName": "Windows 11"} 12 times
20:38:18.590 INFO [NodeOptions.report] - Adding Chrome for {"browserName": "chrome","platformName": "Windows 11"} 12 times
20:38:18.639 INFO [Node.<init>] - Binding additional locator mechanisms: relative
20:38:18.845 INFO [NodeServer$2.start] - Starting registration process for Node http://192.168.56.1:5555
20:38:18.846 INFO [NodeServer.execute] - Started Selenium node 4.33.0 (revision 2c6aaad03a): http://192.168.56.1:5555
20:38:18.867 INFO [NodeServer$2.lambda$start$2] - Sending registration event...
20:38:19.153 INFO [NodeServer.lambda$createHandlers$2] - Node has been added
20:38:24.566 INFO [LocalNode.newSession] - Session created by the Node. Id: 3f583fcd2b9b449998ef0bb76f21ed89, Caps: Capabilities {acceptInsecureCerts: false, browserName: chrome, browserVersion: 137.0.7151.69, chrome: {chromedriverVersion: 137.0.7151.68 (2989ffee9373..., userDataDir: C:\Users\nhuph\AppData\Loca...}, fedcm:accounts: true, goog:chromeOptions: {debuggerAddress: localhost:56191}, networkConnectionEnabled: false, pageLoadStrategy: normal, platformName: Windows 11, proxy: Proxy(), se:bidiEnabled: false, se:cdp: ws://192.168.56.1:4444/sess..., se:cdpVersion: 137.0.7151.69, setWindowRect: true, strictFileInteractability: false, timeouts: {implicit: 0, pageLoad: 300000, script: 30000}, unhandledPromptBehavior: dismiss and notify, webauthn:extension:credBlob: true, webauthn:extension:largeBlob: true, webauthn:extension:minPinLength: true, webauthn:extension:prf: true, webauthn:virtualAuthenticators: true}
20:39:13.577 INFO [LocalNode.stopTimedOutSession] - Session id 3f583fcd2b9b449998ef0bb76f21ed89 is stopping on demand...
20:39:13.577 INFO [SessionSlot.stop] - Stopping session 3f583fcd2b9b449998ef0bb76f21ed89
2025-06-09 20:39:13
Full thread dump Java HotSpot(TM) 64-Bit Server VM (23.0.1+11-39 mixed mode, sharing):

Threads class SMR info:
_java_thread_list=0x0000025d91ca0550, length=35, elements={
0x0000025d9141e1a0, 0x0000025d91ba2400, 0x0000025d91ba9080, 0x0000025d91ba89f0,
0x0000025d91ba8360, 0x0000025d91ba7640, 0x0000025d91bbd890, 0x0000025d91bc0f70,
0x0000025d91ba9710, 0x0000025d91ba9da0, 0x0000025d91baa430, 0x0000025d91ba6fb0,
0x0000025d91ba7cd0, 0x0000025d91ef0eb0, 0x0000025d91ef6400, 0x0000025d91ef3610,
0x0000025d91ef1bd0, 0x0000025d91ef0820, 0x0000025d91ef28f0, 0x0000025d91ef5d70,
0x0000025d91ef2260, 0x0000025d91ef1540, 0x0000025d91ef5050, 0x0000025d91ef4330,
0x0000025d91ef2f80, 0x0000025d91ef49c0, 0x0000025d91eefb00, 0x0000025d91ef56e0,
0x0000025d91ef6a90, 0x0000025d91ef7120, 0x0000025dd74dbfe0, 0x0000025dd74dda20,
0x0000025dd74d7e40, 0x0000025dd74d8b60, 0x0000025dd74d9880
}

"Reference Handler" #9 [3940] daemon prio=10 os_prio=2 cpu=0.00ms elapsed=57.24s tid=0x0000025d9141e1a0 nid=3940 waiting on condition  [0x000000e3fc3ff000]
   java.lang.Thread.State: RUNNABLE
	at java.lang.ref.Reference.waitForReferencePendingList(java.base@23.0.1/Native Method)
	at java.lang.ref.Reference.processPendingReferences(java.base@23.0.1/Reference.java:246)
	at java.lang.ref.Reference$ReferenceHandler.run(java.base@23.0.1/Reference.java:208)

"Finalizer" #10 [16788] daemon prio=8 os_prio=1 cpu=0.00ms elapsed=57.24s tid=0x0000025d91ba2400 nid=16788 in Object.wait()  [0x000000e3fc4ff000]
   java.lang.Thread.State: WAITING (on object monitor)
	at java.lang.Object.wait0(java.base@23.0.1/Native Method)
	- waiting on <0x000000068300ddb8> (a java.lang.ref.NativeReferenceQueue$Lock)
	at java.lang.Object.wait(java.base@23.0.1/Object.java:378)
	at java.lang.Object.wait(java.base@23.0.1/Object.java:352)
	at java.lang.ref.NativeReferenceQueue.await(java.base@23.0.1/NativeReferenceQueue.java:48)
	at java.lang.ref.ReferenceQueue.remove0(java.base@23.0.1/ReferenceQueue.java:166)
	at java.lang.ref.NativeReferenceQueue.remove(java.base@23.0.1/NativeReferenceQueue.java:89)
	- locked <0x000000068300ddb8> (a java.lang.ref.NativeReferenceQueue$Lock)
	at java.lang.ref.Finalizer$FinalizerThread.run(java.base@23.0.1/Finalizer.java:173)

"Signal Dispatcher" #11 [26580] daemon prio=9 os_prio=2 cpu=0.00ms elapsed=57.24s tid=0x0000025d91ba9080 nid=26580 waiting on condition  [0x0000000000000000]
   java.lang.Thread.State: RUNNABLE

"Attach Listener" #12 [26052] daemon prio=5 os_prio=2 cpu=0.00ms elapsed=57.24s tid=0x0000025d91ba89f0 nid=26052 runnable  [0x0000000000000000]
   java.lang.Thread.State: RUNNABLE

"Service Thread" #13 [5164] daemon prio=9 os_prio=0 cpu=0.00ms elapsed=57.24s tid=0x0000025d91ba8360 nid=5164 runnable  [0x0000000000000000]
   java.lang.Thread.State: RUNNABLE

"Monitor Deflation Thread" #14 [21440] daemon prio=9 os_prio=0 cpu=0.00ms elapsed=57.24s tid=0x0000025d91ba7640 nid=21440 runnable  [0x0000000000000000]
   java.lang.Thread.State: RUNNABLE

"C2 CompilerThread0" #15 [8104] daemon prio=9 os_prio=2 cpu=78.12ms elapsed=57.24s tid=0x0000025d91bbd890 nid=8104 waiting on condition  [0x0000000000000000]
   java.lang.Thread.State: RUNNABLE
   No compile task

"C1 CompilerThread0" #18 [4060] daemon prio=9 os_prio=2 cpu=62.50ms elapsed=57.24s tid=0x0000025d91bc0f70 nid=4060 waiting on condition  [0x0000000000000000]
   java.lang.Thread.State: RUNNABLE
   No compile task

"Notification Thread" #19 [27344] daemon prio=9 os_prio=0 cpu=0.00ms elapsed=57.23s tid=0x0000025d91ba9710 nid=27344 runnable  [0x0000000000000000]
   java.lang.Thread.State: RUNNABLE

"Common-Cleaner" #20 [25252] daemon prio=8 os_prio=1 cpu=0.00ms elapsed=57.23s tid=0x0000025d91ba9da0 nid=25252 waiting on condition  [0x000000e3fccfe000]
   java.lang.Thread.State: TIMED_WAITING (parking)
	at jdk.internal.misc.Unsafe.park(java.base@23.0.1/Native Method)
	- parking to wait for  <0x000000068300f730> (a java.util.concurrent.locks.AbstractQueuedSynchronizer$ConditionObject)
	at java.util.concurrent.locks.LockSupport.parkNanos(java.base@23.0.1/LockSupport.java:269)
	at java.util.concurrent.locks.AbstractQueuedSynchronizer$ConditionObject.await(java.base@23.0.1/AbstractQueuedSynchronizer.java:1852)
	at java.lang.ref.ReferenceQueue.await(java.base@23.0.1/ReferenceQueue.java:79)
	at java.lang.ref.ReferenceQueue.remove0(java.base@23.0.1/ReferenceQueue.java:151)
	at java.lang.ref.ReferenceQueue.remove(java.base@23.0.1/ReferenceQueue.java:229)
	at jdk.internal.ref.CleanerImpl.run(java.base@23.0.1/CleanerImpl.java:140)
	at java.lang.Thread.runWith(java.base@23.0.1/Thread.java:1588)
	at java.lang.Thread.run(java.base@23.0.1/Thread.java:1575)
	at jdk.internal.misc.InnocuousThread.run(java.base@23.0.1/InnocuousThread.java:186)

"ForkJoinPool.commonPool-worker-1" #23 [8804] daemon prio=5 os_prio=0 cpu=0.00ms elapsed=57.16s tid=0x0000025d91baa430 nid=8804 waiting on condition  [0x000000e3fcffe000]
   java.lang.Thread.State: WAITING (parking)
	at jdk.internal.misc.Unsafe.park(java.base@23.0.1/Native Method)
	- parking to wait for  <0x000000068300e5f8> (a java.util.concurrent.ForkJoinPool)
	at java.util.concurrent.ForkJoinPool.awaitWork(java.base@23.0.1/ForkJoinPool.java:2135)
	at java.util.concurrent.ForkJoinPool.deactivate(java.base@23.0.1/ForkJoinPool.java:2099)
	at java.util.concurrent.ForkJoinPool.runWorker(java.base@23.0.1/ForkJoinPool.java:2043)
	at java.util.concurrent.ForkJoinWorkerThread.run(java.base@23.0.1/ForkJoinWorkerThread.java:189)

"ForkJoinPool.commonPool-worker-2" #24 [26504] daemon prio=5 os_prio=0 cpu=0.00ms elapsed=57.16s tid=0x0000025d91ba6fb0 nid=26504 waiting on condition  [0x000000e3fd0ff000]
   java.lang.Thread.State: TIMED_WAITING (parking)
	at jdk.internal.misc.Unsafe.park(java.base@23.0.1/Native Method)
	- parking to wait for  <0x000000068300e5f8> (a java.util.concurrent.ForkJoinPool)
	at java.util.concurrent.ForkJoinPool.awaitWork(java.base@23.0.1/ForkJoinPool.java:2135)
	at java.util.concurrent.ForkJoinPool.deactivate(java.base@23.0.1/ForkJoinPool.java:2099)
	at java.util.concurrent.ForkJoinPool.runWorker(java.base@23.0.1/ForkJoinPool.java:2043)
	at java.util.concurrent.ForkJoinWorkerThread.run(java.base@23.0.1/ForkJoinWorkerThread.java:189)

"ForkJoinPool.commonPool-worker-3" #25 [25568] daemon prio=5 os_prio=0 cpu=0.00ms elapsed=57.16s tid=0x0000025d91ba7cd0 nid=25568 waiting on condition  [0x000000e3fd1ff000]
   java.lang.Thread.State: WAITING (parking)
	at jdk.internal.misc.Unsafe.park(java.base@23.0.1/Native Method)
	- parking to wait for  <0x000000068300e5f8> (a java.util.concurrent.ForkJoinPool)
	at java.util.concurrent.ForkJoinPool.awaitWork(java.base@23.0.1/ForkJoinPool.java:2135)
	at java.util.concurrent.ForkJoinPool.deactivate(java.base@23.0.1/ForkJoinPool.java:2099)
	at java.util.concurrent.ForkJoinPool.runWorker(java.base@23.0.1/ForkJoinPool.java:2043)
	at java.util.concurrent.ForkJoinWorkerThread.run(java.base@23.0.1/ForkJoinWorkerThread.java:189)

"ForkJoinPool.commonPool-worker-4" #26 [16808] daemon prio=5 os_prio=0 cpu=0.00ms elapsed=57.16s tid=0x0000025d91ef0eb0 nid=16808 waiting on condition  [0x000000e3fd2ff000]
   java.lang.Thread.State: WAITING (parking)
	at jdk.internal.misc.Unsafe.park(java.base@23.0.1/Native Method)
	- parking to wait for  <0x000000068300e5f8> (a java.util.concurrent.ForkJoinPool)
	at java.util.concurrent.ForkJoinPool.awaitWork(java.base@23.0.1/ForkJoinPool.java:2135)
	at java.util.concurrent.ForkJoinPool.deactivate(java.base@23.0.1/ForkJoinPool.java:2099)
	at java.util.concurrent.ForkJoinPool.runWorker(java.base@23.0.1/ForkJoinPool.java:2043)
	at java.util.concurrent.ForkJoinWorkerThread.run(java.base@23.0.1/ForkJoinWorkerThread.java:189)

"ForkJoinPool.commonPool-worker-5" #27 [21068] daemon prio=5 os_prio=0 cpu=0.00ms elapsed=57.16s tid=0x0000025d91ef6400 nid=21068 waiting on condition  [0x000000e3fd3fe000]
   java.lang.Thread.State: WAITING (parking)
	at jdk.internal.misc.Unsafe.park(java.base@23.0.1/Native Method)
	- parking to wait for  <0x000000068300e5f8> (a java.util.concurrent.ForkJoinPool)
	at java.util.concurrent.ForkJoinPool.awaitWork(java.base@23.0.1/ForkJoinPool.java:2135)
	at java.util.concurrent.ForkJoinPool.deactivate(java.base@23.0.1/ForkJoinPool.java:2099)
	at java.util.concurrent.ForkJoinPool.runWorker(java.base@23.0.1/ForkJoinPool.java:2043)
	at java.util.concurrent.ForkJoinWorkerThread.run(java.base@23.0.1/ForkJoinWorkerThread.java:189)

"reaper-1" #29 [29412] daemon prio=5 os_prio=0 cpu=0.00ms elapsed=56.77s tid=0x0000025d91ef3610 nid=29412 runnable  [0x000000e3fd4ff000]
   java.lang.Thread.State: RUNNABLE
	at sun.nio.ch.WEPoll.wait(java.base@23.0.1/Native Method)
	at sun.nio.ch.WEPollSelectorImpl.doSelect(java.base@23.0.1/WEPollSelectorImpl.java:114)
	at sun.nio.ch.SelectorImpl.lockAndDoSelect(java.base@23.0.1/SelectorImpl.java:130)
	- locked <0x0000000683011688> (a sun.nio.ch.Util$2)
	- locked <0x0000000683011628> (a sun.nio.ch.WEPollSelectorImpl)
	at sun.nio.ch.SelectorImpl.select(java.base@23.0.1/SelectorImpl.java:142)
	at zmq.poll.Poller.run(Poller.java:236)
	at java.lang.Thread.runWith(java.base@23.0.1/Thread.java:1588)
	at java.lang.Thread.run(java.base@23.0.1/Thread.java:1575)

"iothread-2" #30 [29680] daemon prio=5 os_prio=0 cpu=0.00ms elapsed=56.77s tid=0x0000025d91ef1bd0 nid=29680 runnable  [0x000000e3fd5ff000]
   java.lang.Thread.State: RUNNABLE
	at sun.nio.ch.WEPoll.wait(java.base@23.0.1/Native Method)
	at sun.nio.ch.WEPollSelectorImpl.doSelect(java.base@23.0.1/WEPollSelectorImpl.java:114)
	at sun.nio.ch.SelectorImpl.lockAndDoSelect(java.base@23.0.1/SelectorImpl.java:130)
	- locked <0x000000068300e0a8> (a sun.nio.ch.Util$2)
	- locked <0x000000068300e048> (a sun.nio.ch.WEPollSelectorImpl)
	at sun.nio.ch.SelectorImpl.select(java.base@23.0.1/SelectorImpl.java:142)
	at zmq.poll.Poller.run(Poller.java:236)
	at java.lang.Thread.runWith(java.base@23.0.1/Thread.java:1588)
	at java.lang.Thread.run(java.base@23.0.1/Thread.java:1575)

"Event Bus Poller" #40 [2912] daemon prio=5 os_prio=0 cpu=0.00ms elapsed=56.74s tid=0x0000025d91ef0820 nid=2912 runnable  [0x000000e3fe0fe000]
   java.lang.Thread.State: RUNNABLE
	at sun.nio.ch.WEPoll.wait(java.base@23.0.1/Native Method)
	at sun.nio.ch.WEPollSelectorImpl.doSelect(java.base@23.0.1/WEPollSelectorImpl.java:114)
	at sun.nio.ch.SelectorImpl.lockAndDoSelect(java.base@23.0.1/SelectorImpl.java:130)
	- locked <0x00000006984096f0> (a sun.nio.ch.Util$2)
	- locked <0x0000000698409690> (a sun.nio.ch.WEPollSelectorImpl)
	at sun.nio.ch.SelectorImpl.select(java.base@23.0.1/SelectorImpl.java:142)
	at zmq.ZMQ.poll(ZMQ.java:1061)
	at org.zeromq.ZMQ$Poller.poll(ZMQ.java:4251)
	at org.openqa.selenium.events.zeromq.UnboundZmqEventBus$PollingRunnable.run(UnboundZmqEventBus.java:244)
	at java.util.concurrent.Executors$RunnableAdapter.call(java.base@23.0.1/Executors.java:572)
	at java.util.concurrent.FutureTask.run(java.base@23.0.1/FutureTask.java:317)
	at java.util.concurrent.ThreadPoolExecutor.runWorker(java.base@23.0.1/ThreadPoolExecutor.java:1144)
	at java.util.concurrent.ThreadPoolExecutor$Worker.run(java.base@23.0.1/ThreadPoolExecutor.java:642)
	at java.lang.Thread.runWith(java.base@23.0.1/Thread.java:1588)
	at java.lang.Thread.run(java.base@23.0.1/Thread.java:1575)

"Local Node - Session Cleanup http://192.168.56.1:5555" #46 [26924] daemon prio=5 os_prio=0 cpu=0.00ms elapsed=55.20s tid=0x0000025d91ef28f0 nid=26924 waiting on condition  [0x000000e3fcefe000]
   java.lang.Thread.State: TIMED_WAITING (parking)
	at jdk.internal.misc.Unsafe.park(java.base@23.0.1/Native Method)
	- parking to wait for  <0x0000000698412ca8> (a java.util.concurrent.locks.AbstractQueuedSynchronizer$ConditionObject)
	at java.util.concurrent.locks.LockSupport.parkNanos(java.base@23.0.1/LockSupport.java:269)
	at java.util.concurrent.locks.AbstractQueuedSynchronizer$ConditionObject.awaitNanos(java.base@23.0.1/AbstractQueuedSynchronizer.java:1763)
	at java.util.concurrent.ScheduledThreadPoolExecutor$DelayedWorkQueue.take(java.base@23.0.1/ScheduledThreadPoolExecutor.java:1182)
	at java.util.concurrent.ScheduledThreadPoolExecutor$DelayedWorkQueue.take(java.base@23.0.1/ScheduledThreadPoolExecutor.java:899)
	at java.util.concurrent.ThreadPoolExecutor.getTask(java.base@23.0.1/ThreadPoolExecutor.java:1070)
	at java.util.concurrent.ThreadPoolExecutor.runWorker(java.base@23.0.1/ThreadPoolExecutor.java:1130)
	at java.util.concurrent.ThreadPoolExecutor$Worker.run(java.base@23.0.1/ThreadPoolExecutor.java:642)
	at java.lang.Thread.runWith(java.base@23.0.1/Thread.java:1588)
	at java.lang.Thread.run(java.base@23.0.1/Thread.java:1575)

"UploadTempFile Cleanup Node http://192.168.56.1:5555" #47 [21016] daemon prio=5 os_prio=0 cpu=0.00ms elapsed=55.20s tid=0x0000025d91ef5d70 nid=21016 waiting on condition  [0x000000e3fe1ff000]
   java.lang.Thread.State: TIMED_WAITING (parking)
	at jdk.internal.misc.Unsafe.park(java.base@23.0.1/Native Method)
	- parking to wait for  <0x000000069841c2c0> (a java.util.concurrent.locks.AbstractQueuedSynchronizer$ConditionObject)
	at java.util.concurrent.locks.LockSupport.parkNanos(java.base@23.0.1/LockSupport.java:269)
	at java.util.concurrent.locks.AbstractQueuedSynchronizer$ConditionObject.awaitNanos(java.base@23.0.1/AbstractQueuedSynchronizer.java:1763)
	at java.util.concurrent.ScheduledThreadPoolExecutor$DelayedWorkQueue.take(java.base@23.0.1/ScheduledThreadPoolExecutor.java:1182)
	at java.util.concurrent.ScheduledThreadPoolExecutor$DelayedWorkQueue.take(java.base@23.0.1/ScheduledThreadPoolExecutor.java:899)
	at java.util.concurrent.ThreadPoolExecutor.getTask(java.base@23.0.1/ThreadPoolExecutor.java:1070)
	at java.util.concurrent.ThreadPoolExecutor.runWorker(java.base@23.0.1/ThreadPoolExecutor.java:1130)
	at java.util.concurrent.ThreadPoolExecutor$Worker.run(java.base@23.0.1/ThreadPoolExecutor.java:642)
	at java.lang.Thread.runWith(java.base@23.0.1/Thread.java:1588)
	at java.lang.Thread.run(java.base@23.0.1/Thread.java:1575)

"DownloadTempFile Cleanup Node http://192.168.56.1:5555" #48 [25528] daemon prio=5 os_prio=0 cpu=0.00ms elapsed=55.20s tid=0x0000025d91ef2260 nid=25528 waiting on condition  [0x000000e3fe2ff000]
   java.lang.Thread.State: TIMED_WAITING (parking)
	at jdk.internal.misc.Unsafe.park(java.base@23.0.1/Native Method)
	- parking to wait for  <0x00000006984258d8> (a java.util.concurrent.locks.AbstractQueuedSynchronizer$ConditionObject)
	at java.util.concurrent.locks.LockSupport.parkNanos(java.base@23.0.1/LockSupport.java:269)
	at java.util.concurrent.locks.AbstractQueuedSynchronizer$ConditionObject.awaitNanos(java.base@23.0.1/AbstractQueuedSynchronizer.java:1763)
	at java.util.concurrent.ScheduledThreadPoolExecutor$DelayedWorkQueue.take(java.base@23.0.1/ScheduledThreadPoolExecutor.java:1182)
	at java.util.concurrent.ScheduledThreadPoolExecutor$DelayedWorkQueue.take(java.base@23.0.1/ScheduledThreadPoolExecutor.java:899)
	at java.util.concurrent.ThreadPoolExecutor.getTask(java.base@23.0.1/ThreadPoolExecutor.java:1070)
	at java.util.concurrent.ThreadPoolExecutor.runWorker(java.base@23.0.1/ThreadPoolExecutor.java:1130)
	at java.util.concurrent.ThreadPoolExecutor$Worker.run(java.base@23.0.1/ThreadPoolExecutor.java:642)
	at java.lang.Thread.runWith(java.base@23.0.1/Thread.java:1588)
	at java.lang.Thread.run(java.base@23.0.1/Thread.java:1575)

"HeartBeat Node http://192.168.56.1:5555" #49 [9024] daemon prio=5 os_prio=0 cpu=0.00ms elapsed=55.20s tid=0x0000025d91ef1540 nid=9024 waiting on condition  [0x000000e3fe3ff000]
   java.lang.Thread.State: TIMED_WAITING (parking)
	at jdk.internal.misc.Unsafe.park(java.base@23.0.1/Native Method)
	- parking to wait for  <0x000000069842eef0> (a java.util.concurrent.locks.AbstractQueuedSynchronizer$ConditionObject)
	at java.util.concurrent.locks.LockSupport.parkNanos(java.base@23.0.1/LockSupport.java:269)
	at java.util.concurrent.locks.AbstractQueuedSynchronizer$ConditionObject.awaitNanos(java.base@23.0.1/AbstractQueuedSynchronizer.java:1763)
	at java.util.concurrent.ScheduledThreadPoolExecutor$DelayedWorkQueue.take(java.base@23.0.1/ScheduledThreadPoolExecutor.java:1182)
	at java.util.concurrent.ScheduledThreadPoolExecutor$DelayedWorkQueue.take(java.base@23.0.1/ScheduledThreadPoolExecutor.java:899)
	at java.util.concurrent.ThreadPoolExecutor.getTask(java.base@23.0.1/ThreadPoolExecutor.java:1070)
	at java.util.concurrent.ThreadPoolExecutor.runWorker(java.base@23.0.1/ThreadPoolExecutor.java:1130)
	at java.util.concurrent.ThreadPoolExecutor$Worker.run(java.base@23.0.1/ThreadPoolExecutor.java:642)
	at java.lang.Thread.runWith(java.base@23.0.1/Thread.java:1588)
	at java.lang.Thread.run(java.base@23.0.1/Thread.java:1575)

"nioEventLoopGroup-2-1" #51 [18020] prio=10 os_prio=2 cpu=0.00ms elapsed=55.03s tid=0x0000025d91ef5050 nid=18020 runnable  [0x000000e3fe4fe000]
   java.lang.Thread.State: RUNNABLE
	at sun.nio.ch.WEPoll.wait(java.base@23.0.1/Native Method)
	at sun.nio.ch.WEPollSelectorImpl.doSelect(java.base@23.0.1/WEPollSelectorImpl.java:114)
	at sun.nio.ch.SelectorImpl.lockAndDoSelect(java.base@23.0.1/SelectorImpl.java:130)
	- locked <0x0000000698438570> (a io.netty.channel.nio.SelectedSelectionKeySet)
	- locked <0x0000000698438510> (a sun.nio.ch.WEPollSelectorImpl)
	at sun.nio.ch.SelectorImpl.select(java.base@23.0.1/SelectorImpl.java:147)
	at io.netty.channel.nio.SelectedSelectionKeySetSelector.select(SelectedSelectionKeySetSelector.java:68)
	at io.netty.channel.nio.NioEventLoop.select(NioEventLoop.java:887)
	at io.netty.channel.nio.NioEventLoop.run(NioEventLoop.java:526)
	at io.netty.util.concurrent.SingleThreadEventExecutor$4.run(SingleThreadEventExecutor.java:998)
	at io.netty.util.internal.ThreadExecutorMap$2.run(ThreadExecutorMap.java:74)
	at io.netty.util.concurrent.FastThreadLocalRunnable.run(FastThreadLocalRunnable.java:30)
	at java.lang.Thread.runWith(java.base@23.0.1/Thread.java:1588)
	at java.lang.Thread.run(java.base@23.0.1/Thread.java:1575)

"DestroyJavaVM" #53 [6768] prio=5 os_prio=0 cpu=187.50ms elapsed=55.03s tid=0x0000025d91ef4330 nid=6768 waiting on condition  [0x0000000000000000]
   java.lang.Thread.State: RUNNABLE

"Event Bus Publisher" #54 [26648] daemon prio=5 os_prio=0 cpu=0.00ms elapsed=55.01s tid=0x0000025d91ef2f80 nid=26648 waiting on condition  [0x000000e3fe6fe000]
   java.lang.Thread.State: WAITING (parking)
	at jdk.internal.misc.Unsafe.park(java.base@23.0.1/Native Method)
	- parking to wait for  <0x00000006830d8630> (a java.util.concurrent.locks.AbstractQueuedSynchronizer$ConditionObject)
	at java.util.concurrent.locks.LockSupport.park(java.base@23.0.1/LockSupport.java:371)
	at java.util.concurrent.locks.AbstractQueuedSynchronizer$ConditionNode.block(java.base@23.0.1/AbstractQueuedSynchronizer.java:519)
	at java.util.concurrent.ForkJoinPool.unmanagedBlock(java.base@23.0.1/ForkJoinPool.java:4021)
	at java.util.concurrent.ForkJoinPool.managedBlock(java.base@23.0.1/ForkJoinPool.java:3967)
	at java.util.concurrent.locks.AbstractQueuedSynchronizer$ConditionObject.await(java.base@23.0.1/AbstractQueuedSynchronizer.java:1712)
	at java.util.concurrent.LinkedBlockingQueue.take(java.base@23.0.1/LinkedBlockingQueue.java:435)
	at java.util.concurrent.ThreadPoolExecutor.getTask(java.base@23.0.1/ThreadPoolExecutor.java:1070)
	at java.util.concurrent.ThreadPoolExecutor.runWorker(java.base@23.0.1/ThreadPoolExecutor.java:1130)
	at java.util.concurrent.ThreadPoolExecutor$Worker.run(java.base@23.0.1/ThreadPoolExecutor.java:642)
	at java.lang.Thread.runWith(java.base@23.0.1/Thread.java:1588)
	at java.lang.Thread.run(java.base@23.0.1/Thread.java:1575)

"nioEventLoopGroup-3-1" #55 [29500] prio=10 os_prio=2 cpu=0.00ms elapsed=54.81s tid=0x0000025d91ef49c0 nid=29500 runnable  [0x000000e3fcdff000]
   java.lang.Thread.State: RUNNABLE
	at sun.nio.ch.WEPoll.wait(java.base@23.0.1/Native Method)
	at sun.nio.ch.WEPollSelectorImpl.doSelect(java.base@23.0.1/WEPollSelectorImpl.java:114)
	at sun.nio.ch.SelectorImpl.lockAndDoSelect(java.base@23.0.1/SelectorImpl.java:130)
	- locked <0x000000069844b1a0> (a io.netty.channel.nio.SelectedSelectionKeySet)
	- locked <0x000000069844b140> (a sun.nio.ch.WEPollSelectorImpl)
	at sun.nio.ch.SelectorImpl.select(java.base@23.0.1/SelectorImpl.java:147)
	at io.netty.channel.nio.SelectedSelectionKeySetSelector.select(SelectedSelectionKeySetSelector.java:68)
	at io.netty.channel.nio.NioEventLoop.select(NioEventLoop.java:887)
	at io.netty.channel.nio.NioEventLoop.run(NioEventLoop.java:526)
	at io.netty.util.concurrent.SingleThreadEventExecutor$4.run(SingleThreadEventExecutor.java:998)
	at io.netty.util.internal.ThreadExecutorMap$2.run(ThreadExecutorMap.java:74)
	at io.netty.util.concurrent.FastThreadLocalRunnable.run(FastThreadLocalRunnable.java:30)
	at java.lang.Thread.runWith(java.base@23.0.1/Thread.java:1588)
	at java.lang.Thread.run(java.base@23.0.1/Thread.java:1575)

"pool-2-thread-1" #56 [2920] prio=5 os_prio=0 cpu=15.62ms elapsed=54.77s tid=0x0000025d91eefb00 nid=2920 waiting on condition  [0x000000e3fe7ff000]
   java.lang.Thread.State: TIMED_WAITING (parking)
	at jdk.internal.misc.Unsafe.park(java.base@23.0.1/Native Method)
	- parking to wait for  <0x00000006984a85a0> (a java.util.concurrent.SynchronousQueue$Transferer)
	at java.util.concurrent.locks.LockSupport.parkNanos(java.base@23.0.1/LockSupport.java:410)
	at java.util.concurrent.LinkedTransferQueue$DualNode.await(java.base@23.0.1/LinkedTransferQueue.java:452)
	at java.util.concurrent.SynchronousQueue$Transferer.xferLifo(java.base@23.0.1/SynchronousQueue.java:194)
	at java.util.concurrent.SynchronousQueue.xfer(java.base@23.0.1/SynchronousQueue.java:235)
	at java.util.concurrent.SynchronousQueue.poll(java.base@23.0.1/SynchronousQueue.java:338)
	at java.util.concurrent.ThreadPoolExecutor.getTask(java.base@23.0.1/ThreadPoolExecutor.java:1069)
	at java.util.concurrent.ThreadPoolExecutor.runWorker(java.base@23.0.1/ThreadPoolExecutor.java:1130)
	at java.util.concurrent.ThreadPoolExecutor$Worker.run(java.base@23.0.1/ThreadPoolExecutor.java:642)
	at java.lang.Thread.runWith(java.base@23.0.1/Thread.java:1588)
	at java.lang.Thread.run(java.base@23.0.1/Thread.java:1575)

"Event Bus Listener Notifier" #57 [17816] daemon prio=5 os_prio=0 cpu=0.00ms elapsed=54.72s tid=0x0000025d91ef56e0 nid=17816 waiting on condition  [0x000000e3fe9fe000]
   java.lang.Thread.State: WAITING (parking)
	at jdk.internal.misc.Unsafe.park(java.base@23.0.1/Native Method)
	- parking to wait for  <0x00000006830d9658> (a java.util.concurrent.locks.AbstractQueuedSynchronizer$ConditionObject)
	at java.util.concurrent.locks.LockSupport.park(java.base@23.0.1/LockSupport.java:371)
	at java.util.concurrent.locks.AbstractQueuedSynchronizer$ConditionNode.block(java.base@23.0.1/AbstractQueuedSynchronizer.java:519)
	at java.util.concurrent.ForkJoinPool.unmanagedBlock(java.base@23.0.1/ForkJoinPool.java:4021)
	at java.util.concurrent.ForkJoinPool.managedBlock(java.base@23.0.1/ForkJoinPool.java:3967)
	at java.util.concurrent.locks.AbstractQueuedSynchronizer$ConditionObject.await(java.base@23.0.1/AbstractQueuedSynchronizer.java:1712)
	at java.util.concurrent.LinkedBlockingQueue.take(java.base@23.0.1/LinkedBlockingQueue.java:435)
	at java.util.concurrent.ThreadPoolExecutor.getTask(java.base@23.0.1/ThreadPoolExecutor.java:1070)
	at java.util.concurrent.ThreadPoolExecutor.runWorker(java.base@23.0.1/ThreadPoolExecutor.java:1130)
	at java.util.concurrent.ThreadPoolExecutor$Worker.run(java.base@23.0.1/ThreadPoolExecutor.java:642)
	at java.lang.Thread.runWith(java.base@23.0.1/Thread.java:1588)
	at java.lang.Thread.run(java.base@23.0.1/Thread.java:1575)

"Event Bus Listener Notifier" #58 [28984] daemon prio=5 os_prio=0 cpu=0.00ms elapsed=54.64s tid=0x0000025d91ef6a90 nid=28984 waiting on condition  [0x000000e3fe8fe000]
   java.lang.Thread.State: WAITING (parking)
	at jdk.internal.misc.Unsafe.park(java.base@23.0.1/Native Method)
	- parking to wait for  <0x00000006830d9658> (a java.util.concurrent.locks.AbstractQueuedSynchronizer$ConditionObject)
	at java.util.concurrent.locks.LockSupport.park(java.base@23.0.1/LockSupport.java:371)
	at java.util.concurrent.locks.AbstractQueuedSynchronizer$ConditionNode.block(java.base@23.0.1/AbstractQueuedSynchronizer.java:519)
	at java.util.concurrent.ForkJoinPool.unmanagedBlock(java.base@23.0.1/ForkJoinPool.java:4021)
	at java.util.concurrent.ForkJoinPool.managedBlock(java.base@23.0.1/ForkJoinPool.java:3967)
	at java.util.concurrent.locks.AbstractQueuedSynchronizer$ConditionObject.await(java.base@23.0.1/AbstractQueuedSynchronizer.java:1712)
	at java.util.concurrent.LinkedBlockingQueue.take(java.base@23.0.1/LinkedBlockingQueue.java:435)
	at java.util.concurrent.ThreadPoolExecutor.getTask(java.base@23.0.1/ThreadPoolExecutor.java:1070)
	at java.util.concurrent.ThreadPoolExecutor.runWorker(java.base@23.0.1/ThreadPoolExecutor.java:1130)
	at java.util.concurrent.ThreadPoolExecutor$Worker.run(java.base@23.0.1/ThreadPoolExecutor.java:642)
	at java.lang.Thread.runWith(java.base@23.0.1/Thread.java:1588)
	at java.lang.Thread.run(java.base@23.0.1/Thread.java:1575)

"Event Bus Listener Notifier" #59 [24432] daemon prio=5 os_prio=0 cpu=0.00ms elapsed=54.56s tid=0x0000025d91ef7120 nid=24432 waiting on condition  [0x000000e3feafe000]
   java.lang.Thread.State: WAITING (parking)
	at jdk.internal.misc.Unsafe.park(java.base@23.0.1/Native Method)
	- parking to wait for  <0x00000006830d9658> (a java.util.concurrent.locks.AbstractQueuedSynchronizer$ConditionObject)
	at java.util.concurrent.locks.LockSupport.park(java.base@23.0.1/LockSupport.java:371)
	at java.util.concurrent.locks.AbstractQueuedSynchronizer$ConditionNode.block(java.base@23.0.1/AbstractQueuedSynchronizer.java:519)
	at java.util.concurrent.ForkJoinPool.unmanagedBlock(java.base@23.0.1/ForkJoinPool.java:4021)
	at java.util.concurrent.ForkJoinPool.managedBlock(java.base@23.0.1/ForkJoinPool.java:3967)
	at java.util.concurrent.locks.AbstractQueuedSynchronizer$ConditionObject.await(java.base@23.0.1/AbstractQueuedSynchronizer.java:1712)
	at java.util.concurrent.LinkedBlockingQueue.take(java.base@23.0.1/LinkedBlockingQueue.java:435)
	at java.util.concurrent.ThreadPoolExecutor.getTask(java.base@23.0.1/ThreadPoolExecutor.java:1070)
	at java.util.concurrent.ThreadPoolExecutor.runWorker(java.base@23.0.1/ThreadPoolExecutor.java:1130)
	at java.util.concurrent.ThreadPoolExecutor$Worker.run(java.base@23.0.1/ThreadPoolExecutor.java:642)
	at java.lang.Thread.runWith(java.base@23.0.1/Thread.java:1588)
	at java.lang.Thread.run(java.base@23.0.1/Thread.java:1575)

"UrlChecker-2" #64 [29268] daemon prio=5 os_prio=0 cpu=0.00ms elapsed=50.02s tid=0x0000025dd74dbfe0 nid=29268 waiting on condition  [0x000000e3feeff000]
   java.lang.Thread.State: TIMED_WAITING (parking)
	at jdk.internal.misc.Unsafe.park(java.base@23.0.1/Native Method)
	- parking to wait for  <0x0000000698441f88> (a java.util.concurrent.SynchronousQueue$Transferer)
	at java.util.concurrent.locks.LockSupport.parkNanos(java.base@23.0.1/LockSupport.java:410)
	at java.util.concurrent.LinkedTransferQueue$DualNode.await(java.base@23.0.1/LinkedTransferQueue.java:452)
	at java.util.concurrent.SynchronousQueue$Transferer.xferLifo(java.base@23.0.1/SynchronousQueue.java:194)
	at java.util.concurrent.SynchronousQueue.xfer(java.base@23.0.1/SynchronousQueue.java:235)
	at java.util.concurrent.SynchronousQueue.poll(java.base@23.0.1/SynchronousQueue.java:338)
	at java.util.concurrent.ThreadPoolExecutor.getTask(java.base@23.0.1/ThreadPoolExecutor.java:1069)
	at java.util.concurrent.ThreadPoolExecutor.runWorker(java.base@23.0.1/ThreadPoolExecutor.java:1130)
	at java.util.concurrent.ThreadPoolExecutor$Worker.run(java.base@23.0.1/ThreadPoolExecutor.java:642)
	at java.lang.Thread.runWith(java.base@23.0.1/Thread.java:1588)
	at java.lang.Thread.run(java.base@23.0.1/Thread.java:1575)

"CompletableFutureDelayScheduler" #70 [26528] daemon prio=5 os_prio=0 cpu=0.00ms elapsed=49.89s tid=0x0000025dd74dda20 nid=26528 waiting on condition  [0x000000e3ff5ff000]
   java.lang.Thread.State: TIMED_WAITING (parking)
	at jdk.internal.misc.Unsafe.park(java.base@23.0.1/Native Method)
	- parking to wait for  <0x000000069a5af9b0> (a java.util.concurrent.locks.AbstractQueuedSynchronizer$ConditionObject)
	at java.util.concurrent.locks.LockSupport.parkNanos(java.base@23.0.1/LockSupport.java:269)
	at java.util.concurrent.locks.AbstractQueuedSynchronizer$ConditionObject.awaitNanos(java.base@23.0.1/AbstractQueuedSynchronizer.java:1763)
	at java.util.concurrent.ScheduledThreadPoolExecutor$DelayedWorkQueue.take(java.base@23.0.1/ScheduledThreadPoolExecutor.java:1182)
	at java.util.concurrent.ScheduledThreadPoolExecutor$DelayedWorkQueue.take(java.base@23.0.1/ScheduledThreadPoolExecutor.java:899)
	at java.util.concurrent.ThreadPoolExecutor.getTask(java.base@23.0.1/ThreadPoolExecutor.java:1070)
	at java.util.concurrent.ThreadPoolExecutor.runWorker(java.base@23.0.1/ThreadPoolExecutor.java:1130)
	at java.util.concurrent.ThreadPoolExecutor$Worker.run(java.base@23.0.1/ThreadPoolExecutor.java:642)
	at java.lang.Thread.runWith(java.base@23.0.1/Thread.java:1588)
	at java.lang.Thread.run(java.base@23.0.1/Thread.java:1575)

"nioEventLoopGroup-3-2" #74 [25716] prio=10 os_prio=2 cpu=0.00ms elapsed=49.29s tid=0x0000025dd74d7e40 nid=25716 runnable  [0x000000e3ff0fe000]
   java.lang.Thread.State: RUNNABLE
	at sun.nio.ch.WEPoll.wait(java.base@23.0.1/Native Method)
	at sun.nio.ch.WEPollSelectorImpl.doSelect(java.base@23.0.1/WEPollSelectorImpl.java:114)
	at sun.nio.ch.SelectorImpl.lockAndDoSelect(java.base@23.0.1/SelectorImpl.java:130)
	- locked <0x0000000698075778> (a io.netty.channel.nio.SelectedSelectionKeySet)
	- locked <0x00000006980767a0> (a sun.nio.ch.WEPollSelectorImpl)
	at sun.nio.ch.SelectorImpl.select(java.base@23.0.1/SelectorImpl.java:147)
	at io.netty.channel.nio.SelectedSelectionKeySetSelector.select(SelectedSelectionKeySetSelector.java:68)
	at io.netty.channel.nio.NioEventLoop.select(NioEventLoop.java:887)
	at io.netty.channel.nio.NioEventLoop.run(NioEventLoop.java:526)
	at io.netty.util.concurrent.SingleThreadEventExecutor$4.run(SingleThreadEventExecutor.java:998)
	at io.netty.util.internal.ThreadExecutorMap$2.run(ThreadExecutorMap.java:74)
	at io.netty.util.concurrent.FastThreadLocalRunnable.run(FastThreadLocalRunnable.java:30)
	at java.lang.Thread.runWith(java.base@23.0.1/Thread.java:1588)
	at java.lang.Thread.run(java.base@23.0.1/Thread.java:1575)

"nioEventLoopGroup-3-3" #75 [27452] prio=10 os_prio=2 cpu=0.00ms elapsed=5.71s tid=0x0000025dd74d8b60 nid=27452 runnable  [0x000000e3feffe000]
   java.lang.Thread.State: RUNNABLE
	at sun.nio.ch.WEPoll.wait(java.base@23.0.1/Native Method)
	at sun.nio.ch.WEPollSelectorImpl.doSelect(java.base@23.0.1/WEPollSelectorImpl.java:114)
	at sun.nio.ch.SelectorImpl.lockAndDoSelect(java.base@23.0.1/SelectorImpl.java:130)
	- locked <0x0000000698071960> (a io.netty.channel.nio.SelectedSelectionKeySet)
	- locked <0x0000000698072988> (a sun.nio.ch.WEPollSelectorImpl)
	at sun.nio.ch.SelectorImpl.select(java.base@23.0.1/SelectorImpl.java:147)
	at io.netty.channel.nio.SelectedSelectionKeySetSelector.select(SelectedSelectionKeySetSelector.java:68)
	at io.netty.channel.nio.NioEventLoop.select(NioEventLoop.java:887)
	at io.netty.channel.nio.NioEventLoop.run(NioEventLoop.java:526)
	at io.netty.util.concurrent.SingleThreadEventExecutor$4.run(SingleThreadEventExecutor.java:998)
	at io.netty.util.internal.ThreadExecutorMap$2.run(ThreadExecutorMap.java:74)
	at io.netty.util.concurrent.FastThreadLocalRunnable.run(FastThreadLocalRunnable.java:30)
	at java.lang.Thread.runWith(java.base@23.0.1/Thread.java:1588)
	at java.lang.Thread.run(java.base@23.0.1/Thread.java:1575)

"Keep-Alive-Timer" #76 [27012] daemon prio=8 os_prio=1 cpu=0.00ms elapsed=0.32s tid=0x0000025dd74d9880 nid=27012 waiting on condition  [0x000000e3ff9ff000]
   java.lang.Thread.State: TIMED_WAITING (sleeping)
	at java.lang.Thread.sleepNanos0(java.base@23.0.1/Native Method)
	at java.lang.Thread.sleepNanos(java.base@23.0.1/Thread.java:496)
	at java.lang.Thread.sleep(java.base@23.0.1/Thread.java:527)
	at sun.net.www.http.KeepAliveCache.run(java.base@23.0.1/KeepAliveCache.java:238)
	at java.lang.Thread.runWith(java.base@23.0.1/Thread.java:1588)
	at java.lang.Thread.run(java.base@23.0.1/Thread.java:1575)
	at jdk.internal.misc.InnocuousThread.run(java.base@23.0.1/InnocuousThread.java:186)

"G1 Conc#2" os_prio=2 cpu=0.00ms elapsed=49.91s tid=0x0000025dd74f50a0 nid=23756 runnable  

"G1 Conc#1" os_prio=2 cpu=0.00ms elapsed=49.92s tid=0x0000025dd74f4cf0 nid=26252 runnable  

"GC Thread#9" os_prio=2 cpu=0.00ms elapsed=56.76s tid=0x0000025dd7598e70 nid=5676 runnable  

"GC Thread#8" os_prio=2 cpu=0.00ms elapsed=56.76s tid=0x0000025dd7598710 nid=12992 runnable  

"GC Thread#7" os_prio=2 cpu=0.00ms elapsed=56.76s tid=0x0000025dd7597fb0 nid=23020 runnable  

"GC Thread#2" os_prio=2 cpu=0.00ms elapsed=56.76s tid=0x0000025dd75c3310 nid=25116 runnable  

"GC Thread#5" os_prio=2 cpu=0.00ms elapsed=56.76s tid=0x0000025dd75c4a50 nid=25892 runnable  

"GC Thread#4" os_prio=2 cpu=0.00ms elapsed=56.76s tid=0x0000025dd75c3e80 nid=10628 runnable  

"GC Thread#3" os_prio=2 cpu=0.00ms elapsed=56.76s tid=0x0000025dd75c36c0 nid=5696 runnable  

"GC Thread#6" os_prio=2 cpu=0.00ms elapsed=56.76s tid=0x0000025dd759e5b0 nid=25964 runnable  

"GC Thread#1" os_prio=2 cpu=0.00ms elapsed=56.76s tid=0x0000025dd75c2f60 nid=28476 runnable  

"VM Thread" os_prio=2 cpu=0.00ms elapsed=57.25s tid=0x0000025d91407380 nid=13016 runnable  

"VM Periodic Task Thread" os_prio=2 cpu=0.00ms elapsed=57.25s tid=0x0000025d913f5ae0 nid=25932 waiting on condition  

"G1 Service" os_prio=2 cpu=0.00ms elapsed=57.27s tid=0x0000025d912c7110 nid=10752 runnable  

"G1 Refine#0" os_prio=2 cpu=0.00ms elapsed=57.27s tid=0x0000025d912c6680 nid=24808 runnable  

"G1 Conc#0" os_prio=2 cpu=0.00ms elapsed=57.27s tid=0x0000025defb80160 nid=2632 runnable  

"G1 Main Marker" os_prio=2 cpu=0.00ms elapsed=57.27s tid=0x0000025defb7f740 nid=23776 runnable  

"GC Thread#0" os_prio=2 cpu=15.62ms elapsed=57.27s tid=0x0000025defb55120 nid=332 runnable  

JNI global refs: 15, weak refs: 0

Heap
 garbage-first heap   total reserved 6250496K, committed 57344K, used 52627K [0x0000000682800000, 0x0000000800000000)
  region size 4096K, 8 young (32768K), 2 survivors (8192K)
 Metaspace       used 24187K, committed 24576K, reserved 1114112K
  class space    used 3063K, committed 3200K, reserved 1048576K

