20:58:35.379 INFO [LoggingOptions.configureLogEncoding] - Using the system default encoding
20:58:35.384 INFO [OpenTelemetryTracer.createTracer] - Using OpenTelemetry for tracing
20:58:35.542 INFO [UnboundZmqEventBus.<init>] - Connecting to tcp://0.0.0.0:4442 and tcp://0.0.0.0:4443
20:58:35.594 INFO [UnboundZmqEventBus.<init>] - Sockets created
20:58:36.611 INFO [UnboundZmqEventBus.<init>] - Event bus ready
20:58:36.756 INFO [NodeServer.createHandlers] - Reporting self as: http://192.168.56.1:6666
20:58:36.778 INFO [NodeOptions.getSessionFactories] - Detected 12 available processors
20:58:36.779 INFO [NodeOptions.discoverDrivers] - Looking for existing drivers on the PATH.
20:58:36.780 INFO [NodeOptions.discoverDrivers] - Add '--selenium-manager true' to the startup command to setup drivers automatically.
20:58:36.900 WARN [SeleniumManager.lambda$runCommand$1] - Unable to discover proper msedgedriver version in offline mode
20:58:36.961 WARN [SeleniumManager.lambda$runCommand$1] - Unable to discover proper geckodriver version in offline mode
20:58:37.023 WARN [SeleniumManager.lambda$runCommand$1] - Unable to discover proper IEDriverServer version in offline mode
20:58:37.056 INFO [NodeOptions.report] - Adding Firefox for {"browserName": "firefox","platformName": "Windows 11"} 12 times
20:58:37.057 INFO [NodeOptions.report] - Adding Chrome for {"browserName": "chrome","platformName": "Windows 11"} 12 times
20:58:37.058 INFO [NodeOptions.report] - Adding Edge for {"browserName": "MicrosoftEdge","platformName": "Windows 11"} 12 times
20:58:37.059 INFO [NodeOptions.report] - Adding Internet Explorer for {"browserName": "internet explorer","platformName": "Windows 11"} 1 times
20:58:37.105 INFO [Node.<init>] - Binding additional locator mechanisms: relative
20:58:37.305 INFO [NodeServer$2.start] - Starting registration process for Node http://192.168.56.1:6666
20:58:37.306 INFO [NodeServer.execute] - Started Selenium node 4.33.0 (revision 2c6aaad03a): http://192.168.56.1:6666
20:58:37.329 INFO [NodeServer$2.lambda$start$2] - Sending registration event...
20:58:37.698 INFO [NodeServer.lambda$createHandlers$2] - Node has been added
20:58:42.877 INFO [LocalNode.newSession] - Session created by the Node. Id: 492df3e045716fb698adabb2b7e41808, Caps: Capabilities {acceptInsecureCerts: false, browserName: chrome, browserVersion: 137.0.7151.69, chrome: {chromedriverVersion: 137.0.7151.68 (2989ffee9373..., userDataDir: C:\Users\nhuph\AppData\Loca...}, fedcm:accounts: true, goog:chromeOptions: {debuggerAddress: localhost:57204}, networkConnectionEnabled: false, pageLoadStrategy: normal, platformName: Windows 11, proxy: Proxy(), se:bidiEnabled: false, se:cdp: ws://192.168.56.1:4444/sess..., se:cdpVersion: 137.0.7151.69, setWindowRect: true, strictFileInteractability: false, timeouts: {implicit: 0, pageLoad: 300000, script: 30000}, unhandledPromptBehavior: dismiss and notify, webauthn:extension:credBlob: true, webauthn:extension:largeBlob: true, webauthn:extension:minPinLength: true, webauthn:extension:prf: true, webauthn:virtualAuthenticators: true}
20:59:34.569 INFO [LocalNode.stopTimedOutSession] - Session id 492df3e045716fb698adabb2b7e41808 is stopping on demand...
20:59:34.569 INFO [SessionSlot.stop] - Stopping session 492df3e045716fb698adabb2b7e41808
2025-06-09 20:59:34
Full thread dump Java HotSpot(TM) 64-Bit Server VM (23.0.1+11-39 mixed mode, sharing):

Threads class SMR info:
_java_thread_list=0x0000011bc7adee20, length=35, elements={
0x0000011bc6b23100, 0x0000011bc6b24020, 0x0000011bc6b28090, 0x0000011bc6b28e40,
0x0000011bc6b318b0, 0x0000011bc6b32440, 0x0000011bc6b351e0, 0x0000011bc70a3750,
0x0000011bc7248f60, 0x0000011bc724b630, 0x0000011bc73f8f10, 0x0000011bc73f9580,
0x0000011bc73fbc00, 0x0000011bc73fe280, 0x0000011bc73fe8f0, 0x0000011bc7a85a40,
0x0000011bc7be8e70, 0x0000011bc79e5fa0, 0x0000011bc79e6630, 0x0000011bc79e6cc0,
0x0000011bc79e5910, 0x0000011c0d7a2130, 0x0000011c0d7a4200, 0x0000011c0d7a1410,
0x0000011c0d7a4890, 0x0000011c0d7a27c0, 0x0000011c0d7a0060, 0x0000011c0d7a06f0,
0x0000011c0d7a34e0, 0x0000011c0d7a3b70, 0x0000011c0d7a7680, 0x0000011c0d7a5c40,
0x0000011bc71c9330, 0x0000011bc71c5820, 0x0000011bc71c6540
}

"Reference Handler" #9 [17532] daemon prio=10 os_prio=2 cpu=0.00ms elapsed=59.86s tid=0x0000011bc6b23100 nid=17532 waiting on condition  [0x0000000d4bfff000]
   java.lang.Thread.State: RUNNABLE
	at java.lang.ref.Reference.waitForReferencePendingList(java.base@23.0.1/Native Method)
	at java.lang.ref.Reference.processPendingReferences(java.base@23.0.1/Reference.java:246)
	at java.lang.ref.Reference$ReferenceHandler.run(java.base@23.0.1/Reference.java:208)

"Finalizer" #10 [23952] daemon prio=8 os_prio=1 cpu=0.00ms elapsed=59.86s tid=0x0000011bc6b24020 nid=23952 in Object.wait()  [0x0000000d4c0ff000]
   java.lang.Thread.State: WAITING (on object monitor)
	at java.lang.Object.wait0(java.base@23.0.1/Native Method)
	- waiting on <0x0000000683029a98> (a java.lang.ref.NativeReferenceQueue$Lock)
	at java.lang.Object.wait(java.base@23.0.1/Object.java:378)
	at java.lang.Object.wait(java.base@23.0.1/Object.java:352)
	at java.lang.ref.NativeReferenceQueue.await(java.base@23.0.1/NativeReferenceQueue.java:48)
	at java.lang.ref.ReferenceQueue.remove0(java.base@23.0.1/ReferenceQueue.java:166)
	at java.lang.ref.NativeReferenceQueue.remove(java.base@23.0.1/NativeReferenceQueue.java:89)
	- locked <0x0000000683029a98> (a java.lang.ref.NativeReferenceQueue$Lock)
	at java.lang.ref.Finalizer$FinalizerThread.run(java.base@23.0.1/Finalizer.java:173)

"Signal Dispatcher" #11 [27836] daemon prio=9 os_prio=2 cpu=0.00ms elapsed=59.86s tid=0x0000011bc6b28090 nid=27836 waiting on condition  [0x0000000000000000]
   java.lang.Thread.State: RUNNABLE

"Attach Listener" #12 [27240] daemon prio=5 os_prio=2 cpu=0.00ms elapsed=59.86s tid=0x0000011bc6b28e40 nid=27240 runnable  [0x0000000000000000]
   java.lang.Thread.State: RUNNABLE

"Service Thread" #13 [29008] daemon prio=9 os_prio=0 cpu=0.00ms elapsed=59.86s tid=0x0000011bc6b318b0 nid=29008 runnable  [0x0000000000000000]
   java.lang.Thread.State: RUNNABLE

"Monitor Deflation Thread" #14 [4676] daemon prio=9 os_prio=0 cpu=0.00ms elapsed=59.86s tid=0x0000011bc6b32440 nid=4676 runnable  [0x0000000000000000]
   java.lang.Thread.State: RUNNABLE

"C2 CompilerThread0" #15 [11352] daemon prio=9 os_prio=2 cpu=93.75ms elapsed=59.86s tid=0x0000011bc6b351e0 nid=11352 waiting on condition  [0x0000000000000000]
   java.lang.Thread.State: RUNNABLE
   No compile task

"C1 CompilerThread0" #18 [28088] daemon prio=9 os_prio=2 cpu=93.75ms elapsed=59.86s tid=0x0000011bc70a3750 nid=28088 waiting on condition  [0x0000000000000000]
   java.lang.Thread.State: RUNNABLE
   No compile task

"Notification Thread" #19 [26388] daemon prio=9 os_prio=0 cpu=0.00ms elapsed=59.85s tid=0x0000011bc7248f60 nid=26388 runnable  [0x0000000000000000]
   java.lang.Thread.State: RUNNABLE

"Common-Cleaner" #20 [3212] daemon prio=8 os_prio=1 cpu=0.00ms elapsed=59.85s tid=0x0000011bc724b630 nid=3212 waiting on condition  [0x0000000d4c8fe000]
   java.lang.Thread.State: TIMED_WAITING (parking)
	at jdk.internal.misc.Unsafe.park(java.base@23.0.1/Native Method)
	- parking to wait for  <0x000000068302a980> (a java.util.concurrent.locks.AbstractQueuedSynchronizer$ConditionObject)
	at java.util.concurrent.locks.LockSupport.parkNanos(java.base@23.0.1/LockSupport.java:269)
	at java.util.concurrent.locks.AbstractQueuedSynchronizer$ConditionObject.await(java.base@23.0.1/AbstractQueuedSynchronizer.java:1852)
	at java.lang.ref.ReferenceQueue.await(java.base@23.0.1/ReferenceQueue.java:79)
	at java.lang.ref.ReferenceQueue.remove0(java.base@23.0.1/ReferenceQueue.java:151)
	at java.lang.ref.ReferenceQueue.remove(java.base@23.0.1/ReferenceQueue.java:229)
	at jdk.internal.ref.CleanerImpl.run(java.base@23.0.1/CleanerImpl.java:140)
	at java.lang.Thread.runWith(java.base@23.0.1/Thread.java:1588)
	at java.lang.Thread.run(java.base@23.0.1/Thread.java:1575)
	at jdk.internal.misc.InnocuousThread.run(java.base@23.0.1/InnocuousThread.java:186)

"ForkJoinPool.commonPool-worker-1" #23 [27500] daemon prio=5 os_prio=0 cpu=0.00ms elapsed=59.78s tid=0x0000011bc73f8f10 nid=27500 waiting on condition  [0x0000000d4cbff000]
   java.lang.Thread.State: WAITING (parking)
	at jdk.internal.misc.Unsafe.park(java.base@23.0.1/Native Method)
	- parking to wait for  <0x0000000683029040> (a java.util.concurrent.ForkJoinPool)
	at java.util.concurrent.ForkJoinPool.awaitWork(java.base@23.0.1/ForkJoinPool.java:2135)
	at java.util.concurrent.ForkJoinPool.deactivate(java.base@23.0.1/ForkJoinPool.java:2099)
	at java.util.concurrent.ForkJoinPool.runWorker(java.base@23.0.1/ForkJoinPool.java:2043)
	at java.util.concurrent.ForkJoinWorkerThread.run(java.base@23.0.1/ForkJoinWorkerThread.java:189)

"ForkJoinPool.commonPool-worker-2" #24 [26544] daemon prio=5 os_prio=0 cpu=0.00ms elapsed=59.78s tid=0x0000011bc73f9580 nid=26544 waiting on condition  [0x0000000d4ccff000]
   java.lang.Thread.State: TIMED_WAITING (parking)
	at jdk.internal.misc.Unsafe.park(java.base@23.0.1/Native Method)
	- parking to wait for  <0x0000000683029040> (a java.util.concurrent.ForkJoinPool)
	at java.util.concurrent.ForkJoinPool.awaitWork(java.base@23.0.1/ForkJoinPool.java:2135)
	at java.util.concurrent.ForkJoinPool.deactivate(java.base@23.0.1/ForkJoinPool.java:2099)
	at java.util.concurrent.ForkJoinPool.runWorker(java.base@23.0.1/ForkJoinPool.java:2043)
	at java.util.concurrent.ForkJoinWorkerThread.run(java.base@23.0.1/ForkJoinWorkerThread.java:189)

"ForkJoinPool.commonPool-worker-3" #25 [1340] daemon prio=5 os_prio=0 cpu=0.00ms elapsed=59.78s tid=0x0000011bc73fbc00 nid=1340 waiting on condition  [0x0000000d4cdff000]
   java.lang.Thread.State: WAITING (parking)
	at jdk.internal.misc.Unsafe.park(java.base@23.0.1/Native Method)
	- parking to wait for  <0x0000000683029040> (a java.util.concurrent.ForkJoinPool)
	at java.util.concurrent.ForkJoinPool.awaitWork(java.base@23.0.1/ForkJoinPool.java:2135)
	at java.util.concurrent.ForkJoinPool.deactivate(java.base@23.0.1/ForkJoinPool.java:2099)
	at java.util.concurrent.ForkJoinPool.runWorker(java.base@23.0.1/ForkJoinPool.java:2043)
	at java.util.concurrent.ForkJoinWorkerThread.run(java.base@23.0.1/ForkJoinWorkerThread.java:189)

"ForkJoinPool.commonPool-worker-4" #26 [19356] daemon prio=5 os_prio=0 cpu=0.00ms elapsed=59.78s tid=0x0000011bc73fe280 nid=19356 waiting on condition  [0x0000000d4ceff000]
   java.lang.Thread.State: WAITING (parking)
	at jdk.internal.misc.Unsafe.park(java.base@23.0.1/Native Method)
	- parking to wait for  <0x0000000683029040> (a java.util.concurrent.ForkJoinPool)
	at java.util.concurrent.ForkJoinPool.awaitWork(java.base@23.0.1/ForkJoinPool.java:2135)
	at java.util.concurrent.ForkJoinPool.deactivate(java.base@23.0.1/ForkJoinPool.java:2099)
	at java.util.concurrent.ForkJoinPool.runWorker(java.base@23.0.1/ForkJoinPool.java:2043)
	at java.util.concurrent.ForkJoinWorkerThread.run(java.base@23.0.1/ForkJoinWorkerThread.java:189)

"ForkJoinPool.commonPool-worker-5" #27 [24756] daemon prio=5 os_prio=0 cpu=0.00ms elapsed=59.78s tid=0x0000011bc73fe8f0 nid=24756 waiting on condition  [0x0000000d4cffe000]
   java.lang.Thread.State: WAITING (parking)
	at jdk.internal.misc.Unsafe.park(java.base@23.0.1/Native Method)
	- parking to wait for  <0x0000000683029040> (a java.util.concurrent.ForkJoinPool)
	at java.util.concurrent.ForkJoinPool.awaitWork(java.base@23.0.1/ForkJoinPool.java:2135)
	at java.util.concurrent.ForkJoinPool.deactivate(java.base@23.0.1/ForkJoinPool.java:2099)
	at java.util.concurrent.ForkJoinPool.runWorker(java.base@23.0.1/ForkJoinPool.java:2043)
	at java.util.concurrent.ForkJoinWorkerThread.run(java.base@23.0.1/ForkJoinWorkerThread.java:189)

"reaper-1" #29 [10580] daemon prio=5 os_prio=0 cpu=0.00ms elapsed=59.39s tid=0x0000011bc7a85a40 nid=10580 runnable  [0x0000000d4d0fe000]
   java.lang.Thread.State: RUNNABLE
	at sun.nio.ch.WEPoll.wait(java.base@23.0.1/Native Method)
	at sun.nio.ch.WEPollSelectorImpl.doSelect(java.base@23.0.1/WEPollSelectorImpl.java:114)
	at sun.nio.ch.SelectorImpl.lockAndDoSelect(java.base@23.0.1/SelectorImpl.java:130)
	- locked <0x000000068302b740> (a sun.nio.ch.Util$2)
	- locked <0x000000068302b6e0> (a sun.nio.ch.WEPollSelectorImpl)
	at sun.nio.ch.SelectorImpl.select(java.base@23.0.1/SelectorImpl.java:142)
	at zmq.poll.Poller.run(Poller.java:236)
	at java.lang.Thread.runWith(java.base@23.0.1/Thread.java:1588)
	at java.lang.Thread.run(java.base@23.0.1/Thread.java:1575)

"iothread-2" #30 [24972] daemon prio=5 os_prio=0 cpu=0.00ms elapsed=59.39s tid=0x0000011bc7be8e70 nid=24972 runnable  [0x0000000d4d1ff000]
   java.lang.Thread.State: RUNNABLE
	at sun.nio.ch.WEPoll.wait(java.base@23.0.1/Native Method)
	at sun.nio.ch.WEPollSelectorImpl.doSelect(java.base@23.0.1/WEPollSelectorImpl.java:114)
	at sun.nio.ch.SelectorImpl.lockAndDoSelect(java.base@23.0.1/SelectorImpl.java:130)
	- locked <0x00000006830294b0> (a sun.nio.ch.Util$2)
	- locked <0x0000000683029450> (a sun.nio.ch.WEPollSelectorImpl)
	at sun.nio.ch.SelectorImpl.select(java.base@23.0.1/SelectorImpl.java:142)
	at zmq.poll.Poller.run(Poller.java:236)
	at java.lang.Thread.runWith(java.base@23.0.1/Thread.java:1588)
	at java.lang.Thread.run(java.base@23.0.1/Thread.java:1575)

"Event Bus Poller" #40 [29080] daemon prio=5 os_prio=0 cpu=15.62ms elapsed=59.36s tid=0x0000011bc79e5fa0 nid=29080 runnable  [0x0000000d4dcff000]
   java.lang.Thread.State: RUNNABLE
	at sun.nio.ch.WEPoll.wait(java.base@23.0.1/Native Method)
	at sun.nio.ch.WEPollSelectorImpl.doSelect(java.base@23.0.1/WEPollSelectorImpl.java:114)
	at sun.nio.ch.SelectorImpl.lockAndDoSelect(java.base@23.0.1/SelectorImpl.java:130)
	- locked <0x0000000698409208> (a sun.nio.ch.Util$2)
	- locked <0x00000006984091a8> (a sun.nio.ch.WEPollSelectorImpl)
	at sun.nio.ch.SelectorImpl.select(java.base@23.0.1/SelectorImpl.java:142)
	at zmq.ZMQ.poll(ZMQ.java:1061)
	at org.zeromq.ZMQ$Poller.poll(ZMQ.java:4251)
	at org.openqa.selenium.events.zeromq.UnboundZmqEventBus$PollingRunnable.run(UnboundZmqEventBus.java:244)
	at java.util.concurrent.Executors$RunnableAdapter.call(java.base@23.0.1/Executors.java:572)
	at java.util.concurrent.FutureTask.run(java.base@23.0.1/FutureTask.java:317)
	at java.util.concurrent.ThreadPoolExecutor.runWorker(java.base@23.0.1/ThreadPoolExecutor.java:1144)
	at java.util.concurrent.ThreadPoolExecutor$Worker.run(java.base@23.0.1/ThreadPoolExecutor.java:642)
	at java.lang.Thread.runWith(java.base@23.0.1/Thread.java:1588)
	at java.lang.Thread.run(java.base@23.0.1/Thread.java:1575)

"Local Node - Session Cleanup http://192.168.56.1:6666" #46 [9924] daemon prio=5 os_prio=0 cpu=0.00ms elapsed=57.82s tid=0x0000011bc79e6630 nid=9924 waiting on condition  [0x0000000d4ddff000]
   java.lang.Thread.State: TIMED_WAITING (parking)
	at jdk.internal.misc.Unsafe.park(java.base@23.0.1/Native Method)
	- parking to wait for  <0x000000069841b408> (a java.util.concurrent.locks.AbstractQueuedSynchronizer$ConditionObject)
	at java.util.concurrent.locks.LockSupport.parkNanos(java.base@23.0.1/LockSupport.java:269)
	at java.util.concurrent.locks.AbstractQueuedSynchronizer$ConditionObject.awaitNanos(java.base@23.0.1/AbstractQueuedSynchronizer.java:1763)
	at java.util.concurrent.ScheduledThreadPoolExecutor$DelayedWorkQueue.take(java.base@23.0.1/ScheduledThreadPoolExecutor.java:1182)
	at java.util.concurrent.ScheduledThreadPoolExecutor$DelayedWorkQueue.take(java.base@23.0.1/ScheduledThreadPoolExecutor.java:899)
	at java.util.concurrent.ThreadPoolExecutor.getTask(java.base@23.0.1/ThreadPoolExecutor.java:1070)
	at java.util.concurrent.ThreadPoolExecutor.runWorker(java.base@23.0.1/ThreadPoolExecutor.java:1130)
	at java.util.concurrent.ThreadPoolExecutor$Worker.run(java.base@23.0.1/ThreadPoolExecutor.java:642)
	at java.lang.Thread.runWith(java.base@23.0.1/Thread.java:1588)
	at java.lang.Thread.run(java.base@23.0.1/Thread.java:1575)

"UploadTempFile Cleanup Node http://192.168.56.1:6666" #47 [29512] daemon prio=5 os_prio=0 cpu=0.00ms elapsed=57.82s tid=0x0000011bc79e6cc0 nid=29512 waiting on condition  [0x0000000d4defe000]
   java.lang.Thread.State: TIMED_WAITING (parking)
	at jdk.internal.misc.Unsafe.park(java.base@23.0.1/Native Method)
	- parking to wait for  <0x00000006984122d8> (a java.util.concurrent.locks.AbstractQueuedSynchronizer$ConditionObject)
	at java.util.concurrent.locks.LockSupport.parkNanos(java.base@23.0.1/LockSupport.java:269)
	at java.util.concurrent.locks.AbstractQueuedSynchronizer$ConditionObject.awaitNanos(java.base@23.0.1/AbstractQueuedSynchronizer.java:1763)
	at java.util.concurrent.ScheduledThreadPoolExecutor$DelayedWorkQueue.take(java.base@23.0.1/ScheduledThreadPoolExecutor.java:1182)
	at java.util.concurrent.ScheduledThreadPoolExecutor$DelayedWorkQueue.take(java.base@23.0.1/ScheduledThreadPoolExecutor.java:899)
	at java.util.concurrent.ThreadPoolExecutor.getTask(java.base@23.0.1/ThreadPoolExecutor.java:1070)
	at java.util.concurrent.ThreadPoolExecutor.runWorker(java.base@23.0.1/ThreadPoolExecutor.java:1130)
	at java.util.concurrent.ThreadPoolExecutor$Worker.run(java.base@23.0.1/ThreadPoolExecutor.java:642)
	at java.lang.Thread.runWith(java.base@23.0.1/Thread.java:1588)
	at java.lang.Thread.run(java.base@23.0.1/Thread.java:1575)

"DownloadTempFile Cleanup Node http://192.168.56.1:6666" #48 [29656] daemon prio=5 os_prio=0 cpu=0.00ms elapsed=57.82s tid=0x0000011bc79e5910 nid=29656 waiting on condition  [0x0000000d4dffe000]
   java.lang.Thread.State: TIMED_WAITING (parking)
	at jdk.internal.misc.Unsafe.park(java.base@23.0.1/Native Method)
	- parking to wait for  <0x0000000698424538> (a java.util.concurrent.locks.AbstractQueuedSynchronizer$ConditionObject)
	at java.util.concurrent.locks.LockSupport.parkNanos(java.base@23.0.1/LockSupport.java:269)
	at java.util.concurrent.locks.AbstractQueuedSynchronizer$ConditionObject.awaitNanos(java.base@23.0.1/AbstractQueuedSynchronizer.java:1763)
	at java.util.concurrent.ScheduledThreadPoolExecutor$DelayedWorkQueue.take(java.base@23.0.1/ScheduledThreadPoolExecutor.java:1182)
	at java.util.concurrent.ScheduledThreadPoolExecutor$DelayedWorkQueue.take(java.base@23.0.1/ScheduledThreadPoolExecutor.java:899)
	at java.util.concurrent.ThreadPoolExecutor.getTask(java.base@23.0.1/ThreadPoolExecutor.java:1070)
	at java.util.concurrent.ThreadPoolExecutor.runWorker(java.base@23.0.1/ThreadPoolExecutor.java:1130)
	at java.util.concurrent.ThreadPoolExecutor$Worker.run(java.base@23.0.1/ThreadPoolExecutor.java:642)
	at java.lang.Thread.runWith(java.base@23.0.1/Thread.java:1588)
	at java.lang.Thread.run(java.base@23.0.1/Thread.java:1575)

"HeartBeat Node http://192.168.56.1:6666" #49 [25704] daemon prio=5 os_prio=0 cpu=0.00ms elapsed=57.82s tid=0x0000011c0d7a2130 nid=25704 waiting on condition  [0x0000000d4e0fe000]
   java.lang.Thread.State: TIMED_WAITING (parking)
	at jdk.internal.misc.Unsafe.park(java.base@23.0.1/Native Method)
	- parking to wait for  <0x000000069842d668> (a java.util.concurrent.locks.AbstractQueuedSynchronizer$ConditionObject)
	at java.util.concurrent.locks.LockSupport.parkNanos(java.base@23.0.1/LockSupport.java:269)
	at java.util.concurrent.locks.AbstractQueuedSynchronizer$ConditionObject.awaitNanos(java.base@23.0.1/AbstractQueuedSynchronizer.java:1763)
	at java.util.concurrent.ScheduledThreadPoolExecutor$DelayedWorkQueue.take(java.base@23.0.1/ScheduledThreadPoolExecutor.java:1182)
	at java.util.concurrent.ScheduledThreadPoolExecutor$DelayedWorkQueue.take(java.base@23.0.1/ScheduledThreadPoolExecutor.java:899)
	at java.util.concurrent.ThreadPoolExecutor.getTask(java.base@23.0.1/ThreadPoolExecutor.java:1070)
	at java.util.concurrent.ThreadPoolExecutor.runWorker(java.base@23.0.1/ThreadPoolExecutor.java:1130)
	at java.util.concurrent.ThreadPoolExecutor$Worker.run(java.base@23.0.1/ThreadPoolExecutor.java:642)
	at java.lang.Thread.runWith(java.base@23.0.1/Thread.java:1588)
	at java.lang.Thread.run(java.base@23.0.1/Thread.java:1575)

"nioEventLoopGroup-2-1" #51 [27292] prio=10 os_prio=2 cpu=0.00ms elapsed=57.66s tid=0x0000011c0d7a4200 nid=27292 runnable  [0x0000000d4e1fe000]
   java.lang.Thread.State: RUNNABLE
	at sun.nio.ch.WEPoll.wait(java.base@23.0.1/Native Method)
	at sun.nio.ch.WEPollSelectorImpl.doSelect(java.base@23.0.1/WEPollSelectorImpl.java:114)
	at sun.nio.ch.SelectorImpl.lockAndDoSelect(java.base@23.0.1/SelectorImpl.java:130)
	- locked <0x0000000698436800> (a io.netty.channel.nio.SelectedSelectionKeySet)
	- locked <0x00000006984367a0> (a sun.nio.ch.WEPollSelectorImpl)
	at sun.nio.ch.SelectorImpl.select(java.base@23.0.1/SelectorImpl.java:147)
	at io.netty.channel.nio.SelectedSelectionKeySetSelector.select(SelectedSelectionKeySetSelector.java:68)
	at io.netty.channel.nio.NioEventLoop.select(NioEventLoop.java:887)
	at io.netty.channel.nio.NioEventLoop.run(NioEventLoop.java:526)
	at io.netty.util.concurrent.SingleThreadEventExecutor$4.run(SingleThreadEventExecutor.java:998)
	at io.netty.util.internal.ThreadExecutorMap$2.run(ThreadExecutorMap.java:74)
	at io.netty.util.concurrent.FastThreadLocalRunnable.run(FastThreadLocalRunnable.java:30)
	at java.lang.Thread.runWith(java.base@23.0.1/Thread.java:1588)
	at java.lang.Thread.run(java.base@23.0.1/Thread.java:1575)

"DestroyJavaVM" #53 [21356] prio=5 os_prio=0 cpu=140.62ms elapsed=57.65s tid=0x0000011c0d7a1410 nid=21356 waiting on condition  [0x0000000000000000]
   java.lang.Thread.State: RUNNABLE

"Event Bus Publisher" #54 [27804] daemon prio=5 os_prio=0 cpu=0.00ms elapsed=57.63s tid=0x0000011c0d7a4890 nid=27804 waiting on condition  [0x0000000d4e3ff000]
   java.lang.Thread.State: WAITING (parking)
	at jdk.internal.misc.Unsafe.park(java.base@23.0.1/Native Method)
	- parking to wait for  <0x000000068306e5f0> (a java.util.concurrent.locks.AbstractQueuedSynchronizer$ConditionObject)
	at java.util.concurrent.locks.LockSupport.park(java.base@23.0.1/LockSupport.java:371)
	at java.util.concurrent.locks.AbstractQueuedSynchronizer$ConditionNode.block(java.base@23.0.1/AbstractQueuedSynchronizer.java:519)
	at java.util.concurrent.ForkJoinPool.unmanagedBlock(java.base@23.0.1/ForkJoinPool.java:4021)
	at java.util.concurrent.ForkJoinPool.managedBlock(java.base@23.0.1/ForkJoinPool.java:3967)
	at java.util.concurrent.locks.AbstractQueuedSynchronizer$ConditionObject.await(java.base@23.0.1/AbstractQueuedSynchronizer.java:1712)
	at java.util.concurrent.LinkedBlockingQueue.take(java.base@23.0.1/LinkedBlockingQueue.java:435)
	at java.util.concurrent.ThreadPoolExecutor.getTask(java.base@23.0.1/ThreadPoolExecutor.java:1070)
	at java.util.concurrent.ThreadPoolExecutor.runWorker(java.base@23.0.1/ThreadPoolExecutor.java:1130)
	at java.util.concurrent.ThreadPoolExecutor$Worker.run(java.base@23.0.1/ThreadPoolExecutor.java:642)
	at java.lang.Thread.runWith(java.base@23.0.1/Thread.java:1588)
	at java.lang.Thread.run(java.base@23.0.1/Thread.java:1575)

"Event Bus Listener Notifier" #55 [5240] daemon prio=5 os_prio=0 cpu=0.00ms elapsed=57.34s tid=0x0000011c0d7a27c0 nid=5240 waiting on condition  [0x0000000d4c9ff000]
   java.lang.Thread.State: WAITING (parking)
	at jdk.internal.misc.Unsafe.park(java.base@23.0.1/Native Method)
	- parking to wait for  <0x00000006831428e8> (a java.util.concurrent.locks.AbstractQueuedSynchronizer$ConditionObject)
	at java.util.concurrent.locks.LockSupport.park(java.base@23.0.1/LockSupport.java:371)
	at java.util.concurrent.locks.AbstractQueuedSynchronizer$ConditionNode.block(java.base@23.0.1/AbstractQueuedSynchronizer.java:519)
	at java.util.concurrent.ForkJoinPool.unmanagedBlock(java.base@23.0.1/ForkJoinPool.java:4021)
	at java.util.concurrent.ForkJoinPool.managedBlock(java.base@23.0.1/ForkJoinPool.java:3967)
	at java.util.concurrent.locks.AbstractQueuedSynchronizer$ConditionObject.await(java.base@23.0.1/AbstractQueuedSynchronizer.java:1712)
	at java.util.concurrent.LinkedBlockingQueue.take(java.base@23.0.1/LinkedBlockingQueue.java:435)
	at java.util.concurrent.ThreadPoolExecutor.getTask(java.base@23.0.1/ThreadPoolExecutor.java:1070)
	at java.util.concurrent.ThreadPoolExecutor.runWorker(java.base@23.0.1/ThreadPoolExecutor.java:1130)
	at java.util.concurrent.ThreadPoolExecutor$Worker.run(java.base@23.0.1/ThreadPoolExecutor.java:642)
	at java.lang.Thread.runWith(java.base@23.0.1/Thread.java:1588)
	at java.lang.Thread.run(java.base@23.0.1/Thread.java:1575)

"nioEventLoopGroup-3-1" #56 [21612] prio=10 os_prio=2 cpu=0.00ms elapsed=57.34s tid=0x0000011c0d7a0060 nid=21612 runnable  [0x0000000d4cafe000]
   java.lang.Thread.State: RUNNABLE
	at sun.nio.ch.WEPoll.wait(java.base@23.0.1/Native Method)
	at sun.nio.ch.WEPollSelectorImpl.doSelect(java.base@23.0.1/WEPollSelectorImpl.java:114)
	at sun.nio.ch.SelectorImpl.lockAndDoSelect(java.base@23.0.1/SelectorImpl.java:130)
	- locked <0x0000000698400100> (a io.netty.channel.nio.SelectedSelectionKeySet)
	- locked <0x00000006984000a0> (a sun.nio.ch.WEPollSelectorImpl)
	at sun.nio.ch.SelectorImpl.select(java.base@23.0.1/SelectorImpl.java:147)
	at io.netty.channel.nio.SelectedSelectionKeySetSelector.select(SelectedSelectionKeySetSelector.java:68)
	at io.netty.channel.nio.NioEventLoop.select(NioEventLoop.java:887)
	at io.netty.channel.nio.NioEventLoop.run(NioEventLoop.java:526)
	at io.netty.util.concurrent.SingleThreadEventExecutor$4.run(SingleThreadEventExecutor.java:998)
	at io.netty.util.internal.ThreadExecutorMap$2.run(ThreadExecutorMap.java:74)
	at io.netty.util.concurrent.FastThreadLocalRunnable.run(FastThreadLocalRunnable.java:30)
	at java.lang.Thread.runWith(java.base@23.0.1/Thread.java:1588)
	at java.lang.Thread.run(java.base@23.0.1/Thread.java:1575)

"pool-2-thread-1" #57 [1584] prio=5 os_prio=0 cpu=31.25ms elapsed=57.30s tid=0x0000011c0d7a06f0 nid=1584 waiting on condition  [0x0000000d4e4fe000]
   java.lang.Thread.State: TIMED_WAITING (parking)
	at jdk.internal.misc.Unsafe.park(java.base@23.0.1/Native Method)
	- parking to wait for  <0x00000006984755b8> (a java.util.concurrent.SynchronousQueue$Transferer)
	at java.util.concurrent.locks.LockSupport.parkNanos(java.base@23.0.1/LockSupport.java:410)
	at java.util.concurrent.LinkedTransferQueue$DualNode.await(java.base@23.0.1/LinkedTransferQueue.java:452)
	at java.util.concurrent.SynchronousQueue$Transferer.xferLifo(java.base@23.0.1/SynchronousQueue.java:194)
	at java.util.concurrent.SynchronousQueue.xfer(java.base@23.0.1/SynchronousQueue.java:235)
	at java.util.concurrent.SynchronousQueue.poll(java.base@23.0.1/SynchronousQueue.java:338)
	at java.util.concurrent.ThreadPoolExecutor.getTask(java.base@23.0.1/ThreadPoolExecutor.java:1069)
	at java.util.concurrent.ThreadPoolExecutor.runWorker(java.base@23.0.1/ThreadPoolExecutor.java:1130)
	at java.util.concurrent.ThreadPoolExecutor$Worker.run(java.base@23.0.1/ThreadPoolExecutor.java:642)
	at java.lang.Thread.runWith(java.base@23.0.1/Thread.java:1588)
	at java.lang.Thread.run(java.base@23.0.1/Thread.java:1575)

"Event Bus Listener Notifier" #58 [10232] daemon prio=5 os_prio=0 cpu=0.00ms elapsed=57.26s tid=0x0000011c0d7a34e0 nid=10232 waiting on condition  [0x0000000d4e6ff000]
   java.lang.Thread.State: WAITING (parking)
	at jdk.internal.misc.Unsafe.park(java.base@23.0.1/Native Method)
	- parking to wait for  <0x00000006831428e8> (a java.util.concurrent.locks.AbstractQueuedSynchronizer$ConditionObject)
	at java.util.concurrent.locks.LockSupport.park(java.base@23.0.1/LockSupport.java:371)
	at java.util.concurrent.locks.AbstractQueuedSynchronizer$ConditionNode.block(java.base@23.0.1/AbstractQueuedSynchronizer.java:519)
	at java.util.concurrent.ForkJoinPool.unmanagedBlock(java.base@23.0.1/ForkJoinPool.java:4021)
	at java.util.concurrent.ForkJoinPool.managedBlock(java.base@23.0.1/ForkJoinPool.java:3967)
	at java.util.concurrent.locks.AbstractQueuedSynchronizer$ConditionObject.await(java.base@23.0.1/AbstractQueuedSynchronizer.java:1712)
	at java.util.concurrent.LinkedBlockingQueue.take(java.base@23.0.1/LinkedBlockingQueue.java:435)
	at java.util.concurrent.ThreadPoolExecutor.getTask(java.base@23.0.1/ThreadPoolExecutor.java:1070)
	at java.util.concurrent.ThreadPoolExecutor.runWorker(java.base@23.0.1/ThreadPoolExecutor.java:1130)
	at java.util.concurrent.ThreadPoolExecutor$Worker.run(java.base@23.0.1/ThreadPoolExecutor.java:642)
	at java.lang.Thread.runWith(java.base@23.0.1/Thread.java:1588)
	at java.lang.Thread.run(java.base@23.0.1/Thread.java:1575)

"Event Bus Listener Notifier" #59 [24228] daemon prio=5 os_prio=0 cpu=0.00ms elapsed=57.18s tid=0x0000011c0d7a3b70 nid=24228 waiting on condition  [0x0000000d4e7ff000]
   java.lang.Thread.State: WAITING (parking)
	at jdk.internal.misc.Unsafe.park(java.base@23.0.1/Native Method)
	- parking to wait for  <0x00000006831428e8> (a java.util.concurrent.locks.AbstractQueuedSynchronizer$ConditionObject)
	at java.util.concurrent.locks.LockSupport.park(java.base@23.0.1/LockSupport.java:371)
	at java.util.concurrent.locks.AbstractQueuedSynchronizer$ConditionNode.block(java.base@23.0.1/AbstractQueuedSynchronizer.java:519)
	at java.util.concurrent.ForkJoinPool.unmanagedBlock(java.base@23.0.1/ForkJoinPool.java:4021)
	at java.util.concurrent.ForkJoinPool.managedBlock(java.base@23.0.1/ForkJoinPool.java:3967)
	at java.util.concurrent.locks.AbstractQueuedSynchronizer$ConditionObject.await(java.base@23.0.1/AbstractQueuedSynchronizer.java:1712)
	at java.util.concurrent.LinkedBlockingQueue.take(java.base@23.0.1/LinkedBlockingQueue.java:435)
	at java.util.concurrent.ThreadPoolExecutor.getTask(java.base@23.0.1/ThreadPoolExecutor.java:1070)
	at java.util.concurrent.ThreadPoolExecutor.runWorker(java.base@23.0.1/ThreadPoolExecutor.java:1130)
	at java.util.concurrent.ThreadPoolExecutor$Worker.run(java.base@23.0.1/ThreadPoolExecutor.java:642)
	at java.lang.Thread.runWith(java.base@23.0.1/Thread.java:1588)
	at java.lang.Thread.run(java.base@23.0.1/Thread.java:1575)

"UrlChecker-2" #64 [12388] daemon prio=5 os_prio=0 cpu=0.00ms elapsed=52.73s tid=0x0000011c0d7a7680 nid=12388 waiting on condition  [0x0000000d4eafe000]
   java.lang.Thread.State: TIMED_WAITING (parking)
	at jdk.internal.misc.Unsafe.park(java.base@23.0.1/Native Method)
	- parking to wait for  <0x000000069843fd30> (a java.util.concurrent.SynchronousQueue$Transferer)
	at java.util.concurrent.locks.LockSupport.parkNanos(java.base@23.0.1/LockSupport.java:410)
	at java.util.concurrent.LinkedTransferQueue$DualNode.await(java.base@23.0.1/LinkedTransferQueue.java:452)
	at java.util.concurrent.SynchronousQueue$Transferer.xferLifo(java.base@23.0.1/SynchronousQueue.java:194)
	at java.util.concurrent.SynchronousQueue.xfer(java.base@23.0.1/SynchronousQueue.java:235)
	at java.util.concurrent.SynchronousQueue.poll(java.base@23.0.1/SynchronousQueue.java:338)
	at java.util.concurrent.ThreadPoolExecutor.getTask(java.base@23.0.1/ThreadPoolExecutor.java:1069)
	at java.util.concurrent.ThreadPoolExecutor.runWorker(java.base@23.0.1/ThreadPoolExecutor.java:1130)
	at java.util.concurrent.ThreadPoolExecutor$Worker.run(java.base@23.0.1/ThreadPoolExecutor.java:642)
	at java.lang.Thread.runWith(java.base@23.0.1/Thread.java:1588)
	at java.lang.Thread.run(java.base@23.0.1/Thread.java:1575)

"CompletableFutureDelayScheduler" #70 [12644] daemon prio=5 os_prio=0 cpu=0.00ms elapsed=52.59s tid=0x0000011c0d7a5c40 nid=12644 waiting on condition  [0x0000000d4f2ff000]
   java.lang.Thread.State: TIMED_WAITING (parking)
	at jdk.internal.misc.Unsafe.park(java.base@23.0.1/Native Method)
	- parking to wait for  <0x000000069a5a23b8> (a java.util.concurrent.locks.AbstractQueuedSynchronizer$ConditionObject)
	at java.util.concurrent.locks.LockSupport.parkNanos(java.base@23.0.1/LockSupport.java:269)
	at java.util.concurrent.locks.AbstractQueuedSynchronizer$ConditionObject.awaitNanos(java.base@23.0.1/AbstractQueuedSynchronizer.java:1763)
	at java.util.concurrent.ScheduledThreadPoolExecutor$DelayedWorkQueue.take(java.base@23.0.1/ScheduledThreadPoolExecutor.java:1182)
	at java.util.concurrent.ScheduledThreadPoolExecutor$DelayedWorkQueue.take(java.base@23.0.1/ScheduledThreadPoolExecutor.java:899)
	at java.util.concurrent.ThreadPoolExecutor.getTask(java.base@23.0.1/ThreadPoolExecutor.java:1070)
	at java.util.concurrent.ThreadPoolExecutor.runWorker(java.base@23.0.1/ThreadPoolExecutor.java:1130)
	at java.util.concurrent.ThreadPoolExecutor$Worker.run(java.base@23.0.1/ThreadPoolExecutor.java:642)
	at java.lang.Thread.runWith(java.base@23.0.1/Thread.java:1588)
	at java.lang.Thread.run(java.base@23.0.1/Thread.java:1575)

"nioEventLoopGroup-3-2" #74 [27052] prio=10 os_prio=2 cpu=15.62ms elapsed=52.06s tid=0x0000011bc71c9330 nid=27052 runnable  [0x0000000d4ecff000]
   java.lang.Thread.State: RUNNABLE
	at sun.nio.ch.WEPoll.wait(java.base@23.0.1/Native Method)
	at sun.nio.ch.WEPollSelectorImpl.doSelect(java.base@23.0.1/WEPollSelectorImpl.java:114)
	at sun.nio.ch.SelectorImpl.lockAndDoSelect(java.base@23.0.1/SelectorImpl.java:130)
	- locked <0x000000069801d9f8> (a io.netty.channel.nio.SelectedSelectionKeySet)
	- locked <0x000000069801ea20> (a sun.nio.ch.WEPollSelectorImpl)
	at sun.nio.ch.SelectorImpl.select(java.base@23.0.1/SelectorImpl.java:147)
	at io.netty.channel.nio.SelectedSelectionKeySetSelector.select(SelectedSelectionKeySetSelector.java:68)
	at io.netty.channel.nio.NioEventLoop.select(NioEventLoop.java:887)
	at io.netty.channel.nio.NioEventLoop.run(NioEventLoop.java:526)
	at io.netty.util.concurrent.SingleThreadEventExecutor$4.run(SingleThreadEventExecutor.java:998)
	at io.netty.util.internal.ThreadExecutorMap$2.run(ThreadExecutorMap.java:74)
	at io.netty.util.concurrent.FastThreadLocalRunnable.run(FastThreadLocalRunnable.java:30)
	at java.lang.Thread.runWith(java.base@23.0.1/Thread.java:1588)
	at java.lang.Thread.run(java.base@23.0.1/Thread.java:1575)

"nioEventLoopGroup-3-3" #75 [13752] prio=10 os_prio=2 cpu=15.62ms elapsed=5.76s tid=0x0000011bc71c5820 nid=13752 runnable  [0x0000000d4edfe000]
   java.lang.Thread.State: RUNNABLE
	at sun.nio.ch.WEPoll.wait(java.base@23.0.1/Native Method)
	at sun.nio.ch.WEPollSelectorImpl.doSelect(java.base@23.0.1/WEPollSelectorImpl.java:114)
	at sun.nio.ch.SelectorImpl.lockAndDoSelect(java.base@23.0.1/SelectorImpl.java:130)
	- locked <0x000000069802dd78> (a io.netty.channel.nio.SelectedSelectionKeySet)
	- locked <0x000000069802eda0> (a sun.nio.ch.WEPollSelectorImpl)
	at sun.nio.ch.SelectorImpl.select(java.base@23.0.1/SelectorImpl.java:147)
	at io.netty.channel.nio.SelectedSelectionKeySetSelector.select(SelectedSelectionKeySetSelector.java:68)
	at io.netty.channel.nio.NioEventLoop.select(NioEventLoop.java:887)
	at io.netty.channel.nio.NioEventLoop.run(NioEventLoop.java:526)
	at io.netty.util.concurrent.SingleThreadEventExecutor$4.run(SingleThreadEventExecutor.java:998)
	at io.netty.util.internal.ThreadExecutorMap$2.run(ThreadExecutorMap.java:74)
	at io.netty.util.concurrent.FastThreadLocalRunnable.run(FastThreadLocalRunnable.java:30)
	at java.lang.Thread.runWith(java.base@23.0.1/Thread.java:1588)
	at java.lang.Thread.run(java.base@23.0.1/Thread.java:1575)

"Keep-Alive-Timer" #76 [28680] daemon prio=8 os_prio=1 cpu=0.00ms elapsed=0.41s tid=0x0000011bc71c6540 nid=28680 waiting on condition  [0x0000000d4f6fe000]
   java.lang.Thread.State: TIMED_WAITING (sleeping)
	at java.lang.Thread.sleepNanos0(java.base@23.0.1/Native Method)
	at java.lang.Thread.sleepNanos(java.base@23.0.1/Thread.java:496)
	at java.lang.Thread.sleep(java.base@23.0.1/Thread.java:527)
	at sun.net.www.http.KeepAliveCache.run(java.base@23.0.1/KeepAliveCache.java:238)
	at java.lang.Thread.runWith(java.base@23.0.1/Thread.java:1588)
	at java.lang.Thread.run(java.base@23.0.1/Thread.java:1575)
	at jdk.internal.misc.InnocuousThread.run(java.base@23.0.1/InnocuousThread.java:186)

"G1 Conc#2" os_prio=2 cpu=0.00ms elapsed=52.63s tid=0x0000011c0d61fe20 nid=26076 runnable  

"G1 Conc#1" os_prio=2 cpu=0.00ms elapsed=52.63s tid=0x0000011c0d61fa70 nid=26484 runnable  

"GC Thread#9" os_prio=2 cpu=0.00ms elapsed=59.38s tid=0x0000011bc7910930 nid=21020 runnable  

"GC Thread#8" os_prio=2 cpu=0.00ms elapsed=59.38s tid=0x0000011bc7910ce0 nid=20680 runnable  

"GC Thread#3" os_prio=2 cpu=0.00ms elapsed=59.38s tid=0x0000011bc76aec90 nid=17944 runnable  

"GC Thread#6" os_prio=2 cpu=0.00ms elapsed=59.38s tid=0x0000011bc7ad42a0 nid=8600 runnable  

"GC Thread#5" os_prio=2 cpu=0.00ms elapsed=59.38s tid=0x0000011bc7ad3ef0 nid=18392 runnable  

"GC Thread#4" os_prio=2 cpu=0.00ms elapsed=59.38s tid=0x0000011bc7ad3b40 nid=10684 runnable  

"GC Thread#7" os_prio=2 cpu=0.00ms elapsed=59.38s tid=0x0000011bc7911440 nid=29200 runnable  

"GC Thread#2" os_prio=2 cpu=0.00ms elapsed=59.38s tid=0x0000011bc76ae8e0 nid=18592 runnable  

"GC Thread#1" os_prio=2 cpu=0.00ms elapsed=59.38s tid=0x0000011bc7a860b0 nid=27084 runnable  

"VM Thread" os_prio=2 cpu=0.00ms elapsed=59.88s tid=0x0000011bc6b0a1c0 nid=22364 runnable  

"VM Periodic Task Thread" os_prio=2 cpu=0.00ms elapsed=59.88s tid=0x0000011bc6af8bd0 nid=25352 waiting on condition  

"G1 Service" os_prio=2 cpu=0.00ms elapsed=59.89s tid=0x0000011bc69cc320 nid=28380 runnable  

"G1 Refine#0" os_prio=2 cpu=0.00ms elapsed=59.89s tid=0x0000011ba50ee6f0 nid=20776 runnable  

"G1 Conc#0" os_prio=2 cpu=0.00ms elapsed=59.89s tid=0x0000011ba50c4990 nid=23752 runnable  

"G1 Main Marker" os_prio=2 cpu=0.00ms elapsed=59.89s tid=0x0000011ba50c3f70 nid=17132 runnable  

"GC Thread#0" os_prio=2 cpu=0.00ms elapsed=59.89s tid=0x0000011ba50b3ff0 nid=23760 runnable  

JNI global refs: 15, weak refs: 0

Heap
 garbage-first heap   total reserved 6250496K, committed 57344K, used 51042K [0x0000000682800000, 0x0000000800000000)
  region size 4096K, 8 young (32768K), 2 survivors (8192K)
 Metaspace       used 24203K, committed 24576K, reserved 1114112K
  class space    used 3063K, committed 3200K, reserved 1048576K

