20:58:35.375 INFO [LoggingOptions.configureLogEncoding] - Using the system default encoding
20:58:35.381 INFO [OpenTelemetryTracer.createTracer] - Using OpenTelemetry for tracing
20:58:35.538 INFO [UnboundZmqEventBus.<init>] - Connecting to tcp://0.0.0.0:4442 and tcp://0.0.0.0:4443
20:58:35.587 INFO [UnboundZmqEventBus.<init>] - Sockets created
20:58:36.596 INFO [UnboundZmqEventBus.<init>] - Event bus ready
20:58:36.750 INFO [NodeServer.createHandlers] - Reporting self as: http://192.168.56.1:7777
20:58:36.773 INFO [NodeOptions.getSessionFactories] - Detected 12 available processors
20:58:36.774 INFO [NodeOptions.discoverDrivers] - Looking for existing drivers on the PATH.
20:58:36.774 INFO [NodeOptions.discoverDrivers] - Add '--selenium-manager true' to the startup command to setup drivers automatically.
20:58:36.901 WARN [SeleniumManager.lambda$runCommand$1] - Unable to discover proper msedgedriver version in offline mode
20:58:36.961 WARN [SeleniumManager.lambda$runCommand$1] - Unable to discover proper geckodriver version in offline mode
20:58:37.023 WARN [SeleniumManager.lambda$runCommand$1] - Unable to discover proper IEDriverServer version in offline mode
20:58:37.053 INFO [NodeOptions.report] - Adding Firefox for {"browserName": "firefox","platformName": "Windows 11"} 12 times
20:58:37.054 INFO [NodeOptions.report] - Adding Chrome for {"browserName": "chrome","platformName": "Windows 11"} 12 times
20:58:37.055 INFO [NodeOptions.report] - Adding Edge for {"browserName": "MicrosoftEdge","platformName": "Windows 11"} 12 times
20:58:37.055 INFO [NodeOptions.report] - Adding Internet Explorer for {"browserName": "internet explorer","platformName": "Windows 11"} 1 times
20:58:37.098 INFO [Node.<init>] - Binding additional locator mechanisms: relative
20:58:37.305 INFO [NodeServer$2.start] - Starting registration process for Node http://192.168.56.1:7777
20:58:37.306 INFO [NodeServer.execute] - Started Selenium node 4.33.0 (revision 2c6aaad03a): http://192.168.56.1:7777
20:58:37.328 INFO [NodeServer$2.lambda$start$2] - Sending registration event...
20:58:37.616 INFO [NodeServer.lambda$createHandlers$2] - Node has been added
20:59:00.346 INFO [LocalNode.newSession] - Session created by the Node. Id: 76b582eeabae188ddbd38f31fbb11222, Caps: Capabilities {acceptInsecureCerts: false, browserName: chrome, browserVersion: 137.0.7151.69, chrome: {chromedriverVersion: 137.0.7151.68 (2989ffee9373..., userDataDir: C:\Users\nhuph\AppData\Loca...}, fedcm:accounts: true, goog:chromeOptions: {debuggerAddress: localhost:57267}, networkConnectionEnabled: false, pageLoadStrategy: normal, platformName: Windows 11, proxy: Proxy(), se:bidiEnabled: false, se:cdp: ws://192.168.56.1:4444/sess..., se:cdpVersion: 137.0.7151.69, setWindowRect: true, strictFileInteractability: false, timeouts: {implicit: 0, pageLoad: 300000, script: 30000}, unhandledPromptBehavior: dismiss and notify, webauthn:extension:credBlob: true, webauthn:extension:largeBlob: true, webauthn:extension:minPinLength: true, webauthn:extension:prf: true, webauthn:virtualAuthenticators: true}
20:59:34.738 INFO [LocalNode.stopTimedOutSession] - Session id 76b582eeabae188ddbd38f31fbb11222 is stopping on demand...
20:59:34.739 INFO [SessionSlot.stop] - Stopping session 76b582eeabae188ddbd38f31fbb11222
2025-06-09 20:59:35
Full thread dump Java HotSpot(TM) 64-Bit Server VM (23.0.1+11-39 mixed mode, sharing):

Threads class SMR info:
_java_thread_list=0x000002496a789e40, length=32, elements={
0x0000024922b68bc0, 0x0000024922b698e0, 0x0000024922b6b940, 0x0000024922b6c6f0,
0x0000024922b6f160, 0x0000024922b77d00, 0x0000024922b7c0c0, 0x0000024922b7ecb0,
0x0000024923620b60, 0x0000024923623230, 0x000002492370bed0, 0x000002492370c540,
0x000002492371dba0, 0x00000249693ae900, 0x00000249693aef70, 0x0000024969389d60,
0x00000249696c3de0, 0x000002496a6a9040, 0x000002496a3c9390, 0x000002496a3cadd0,
0x000002496a3c9a20, 0x000002496a3ca0b0, 0x000002496a3cc810, 0x000002496a3cb460,
0x000002496a3cbaf0, 0x000002496a3cc180, 0x000002496987c4b0, 0x000002496987aa70,
0x0000024969878310, 0x0000024969877c80, 0x000002496987d1d0, 0x000002496987b100
}

"Reference Handler" #9 [13012] daemon prio=10 os_prio=2 cpu=0.00ms elapsed=59.97s tid=0x0000024922b68bc0 nid=13012 waiting on condition  [0x000000a2013fe000]
   java.lang.Thread.State: RUNNABLE
	at java.lang.ref.Reference.waitForReferencePendingList(java.base@23.0.1/Native Method)
	at java.lang.ref.Reference.processPendingReferences(java.base@23.0.1/Reference.java:246)
	at java.lang.ref.Reference$ReferenceHandler.run(java.base@23.0.1/Reference.java:208)

"Finalizer" #10 [3320] daemon prio=8 os_prio=1 cpu=0.00ms elapsed=59.97s tid=0x0000024922b698e0 nid=3320 in Object.wait()  [0x000000a2014fe000]
   java.lang.Thread.State: WAITING (on object monitor)
	at java.lang.Object.wait0(java.base@23.0.1/Native Method)
	- waiting on <0x00000006830268e8> (a java.lang.ref.NativeReferenceQueue$Lock)
	at java.lang.Object.wait(java.base@23.0.1/Object.java:378)
	at java.lang.Object.wait(java.base@23.0.1/Object.java:352)
	at java.lang.ref.NativeReferenceQueue.await(java.base@23.0.1/NativeReferenceQueue.java:48)
	at java.lang.ref.ReferenceQueue.remove0(java.base@23.0.1/ReferenceQueue.java:166)
	at java.lang.ref.NativeReferenceQueue.remove(java.base@23.0.1/NativeReferenceQueue.java:89)
	- locked <0x00000006830268e8> (a java.lang.ref.NativeReferenceQueue$Lock)
	at java.lang.ref.Finalizer$FinalizerThread.run(java.base@23.0.1/Finalizer.java:173)

"Signal Dispatcher" #11 [28296] daemon prio=9 os_prio=2 cpu=0.00ms elapsed=59.97s tid=0x0000024922b6b940 nid=28296 waiting on condition  [0x0000000000000000]
   java.lang.Thread.State: RUNNABLE

"Attach Listener" #12 [13624] daemon prio=5 os_prio=2 cpu=0.00ms elapsed=59.97s tid=0x0000024922b6c6f0 nid=13624 runnable  [0x0000000000000000]
   java.lang.Thread.State: RUNNABLE

"Service Thread" #13 [26548] daemon prio=9 os_prio=0 cpu=0.00ms elapsed=59.97s tid=0x0000024922b6f160 nid=26548 runnable  [0x0000000000000000]
   java.lang.Thread.State: RUNNABLE

"Monitor Deflation Thread" #14 [22940] daemon prio=9 os_prio=0 cpu=0.00ms elapsed=59.97s tid=0x0000024922b77d00 nid=22940 runnable  [0x0000000000000000]
   java.lang.Thread.State: RUNNABLE

"C2 CompilerThread0" #15 [28884] daemon prio=9 os_prio=2 cpu=203.12ms elapsed=59.97s tid=0x0000024922b7c0c0 nid=28884 waiting on condition  [0x0000000000000000]
   java.lang.Thread.State: RUNNABLE
   No compile task

"C1 CompilerThread0" #18 [26748] daemon prio=9 os_prio=2 cpu=171.88ms elapsed=59.97s tid=0x0000024922b7ecb0 nid=26748 waiting on condition  [0x0000000000000000]
   java.lang.Thread.State: RUNNABLE
   No compile task

"Notification Thread" #19 [24132] daemon prio=9 os_prio=0 cpu=0.00ms elapsed=59.96s tid=0x0000024923620b60 nid=24132 runnable  [0x0000000000000000]
   java.lang.Thread.State: RUNNABLE

"Common-Cleaner" #20 [26156] daemon prio=8 os_prio=1 cpu=0.00ms elapsed=59.96s tid=0x0000024923623230 nid=26156 waiting on condition  [0x000000a201cfe000]
   java.lang.Thread.State: TIMED_WAITING (parking)
	at jdk.internal.misc.Unsafe.park(java.base@23.0.1/Native Method)
	- parking to wait for  <0x00000006830276f0> (a java.util.concurrent.locks.AbstractQueuedSynchronizer$ConditionObject)
	at java.util.concurrent.locks.LockSupport.parkNanos(java.base@23.0.1/LockSupport.java:269)
	at java.util.concurrent.locks.AbstractQueuedSynchronizer$ConditionObject.await(java.base@23.0.1/AbstractQueuedSynchronizer.java:1852)
	at java.lang.ref.ReferenceQueue.await(java.base@23.0.1/ReferenceQueue.java:79)
	at java.lang.ref.ReferenceQueue.remove0(java.base@23.0.1/ReferenceQueue.java:151)
	at java.lang.ref.ReferenceQueue.remove(java.base@23.0.1/ReferenceQueue.java:229)
	at jdk.internal.ref.CleanerImpl.run(java.base@23.0.1/CleanerImpl.java:140)
	at java.lang.Thread.runWith(java.base@23.0.1/Thread.java:1588)
	at java.lang.Thread.run(java.base@23.0.1/Thread.java:1575)
	at jdk.internal.misc.InnocuousThread.run(java.base@23.0.1/InnocuousThread.java:186)

"ForkJoinPool.commonPool-worker-1" #23 [17588] daemon prio=5 os_prio=0 cpu=0.00ms elapsed=59.89s tid=0x000002492370bed0 nid=17588 waiting on condition  [0x000000a201fff000]
   java.lang.Thread.State: TIMED_WAITING (parking)
	at jdk.internal.misc.Unsafe.park(java.base@23.0.1/Native Method)
	- parking to wait for  <0x0000000683025f60> (a java.util.concurrent.ForkJoinPool)
	at java.util.concurrent.ForkJoinPool.awaitWork(java.base@23.0.1/ForkJoinPool.java:2135)
	at java.util.concurrent.ForkJoinPool.deactivate(java.base@23.0.1/ForkJoinPool.java:2099)
	at java.util.concurrent.ForkJoinPool.runWorker(java.base@23.0.1/ForkJoinPool.java:2043)
	at java.util.concurrent.ForkJoinWorkerThread.run(java.base@23.0.1/ForkJoinWorkerThread.java:189)

"ForkJoinPool.commonPool-worker-2" #24 [25656] daemon prio=5 os_prio=0 cpu=0.00ms elapsed=59.89s tid=0x000002492370c540 nid=25656 waiting on condition  [0x000000a2020ff000]
   java.lang.Thread.State: WAITING (parking)
	at jdk.internal.misc.Unsafe.park(java.base@23.0.1/Native Method)
	- parking to wait for  <0x0000000683025f60> (a java.util.concurrent.ForkJoinPool)
	at java.util.concurrent.ForkJoinPool.awaitWork(java.base@23.0.1/ForkJoinPool.java:2135)
	at java.util.concurrent.ForkJoinPool.deactivate(java.base@23.0.1/ForkJoinPool.java:2099)
	at java.util.concurrent.ForkJoinPool.runWorker(java.base@23.0.1/ForkJoinPool.java:2043)
	at java.util.concurrent.ForkJoinWorkerThread.run(java.base@23.0.1/ForkJoinWorkerThread.java:189)

"ForkJoinPool.commonPool-worker-3" #25 [28700] daemon prio=5 os_prio=0 cpu=0.00ms elapsed=59.89s tid=0x000002492371dba0 nid=28700 waiting on condition  [0x000000a2021ff000]
   java.lang.Thread.State: WAITING (parking)
	at jdk.internal.misc.Unsafe.park(java.base@23.0.1/Native Method)
	- parking to wait for  <0x0000000683025f60> (a java.util.concurrent.ForkJoinPool)
	at java.util.concurrent.ForkJoinPool.awaitWork(java.base@23.0.1/ForkJoinPool.java:2135)
	at java.util.concurrent.ForkJoinPool.deactivate(java.base@23.0.1/ForkJoinPool.java:2099)
	at java.util.concurrent.ForkJoinPool.runWorker(java.base@23.0.1/ForkJoinPool.java:2043)
	at java.util.concurrent.ForkJoinWorkerThread.run(java.base@23.0.1/ForkJoinWorkerThread.java:189)

"reaper-1" #27 [27444] daemon prio=5 os_prio=0 cpu=0.00ms elapsed=59.50s tid=0x00000249693ae900 nid=27444 runnable  [0x000000a2022ff000]
   java.lang.Thread.State: RUNNABLE
	at sun.nio.ch.WEPoll.wait(java.base@23.0.1/Native Method)
	at sun.nio.ch.WEPollSelectorImpl.doSelect(java.base@23.0.1/WEPollSelectorImpl.java:114)
	at sun.nio.ch.SelectorImpl.lockAndDoSelect(java.base@23.0.1/SelectorImpl.java:130)
	- locked <0x0000000683026bd8> (a sun.nio.ch.Util$2)
	- locked <0x0000000683026b78> (a sun.nio.ch.WEPollSelectorImpl)
	at sun.nio.ch.SelectorImpl.select(java.base@23.0.1/SelectorImpl.java:142)
	at zmq.poll.Poller.run(Poller.java:236)
	at java.lang.Thread.runWith(java.base@23.0.1/Thread.java:1588)
	at java.lang.Thread.run(java.base@23.0.1/Thread.java:1575)

"iothread-2" #28 [23820] daemon prio=5 os_prio=0 cpu=0.00ms elapsed=59.49s tid=0x00000249693aef70 nid=23820 runnable  [0x000000a2023ff000]
   java.lang.Thread.State: RUNNABLE
	at sun.nio.ch.WEPoll.wait(java.base@23.0.1/Native Method)
	at sun.nio.ch.WEPollSelectorImpl.doSelect(java.base@23.0.1/WEPollSelectorImpl.java:114)
	at sun.nio.ch.SelectorImpl.lockAndDoSelect(java.base@23.0.1/SelectorImpl.java:130)
	- locked <0x00000006830263d0> (a sun.nio.ch.Util$2)
	- locked <0x0000000683026370> (a sun.nio.ch.WEPollSelectorImpl)
	at sun.nio.ch.SelectorImpl.select(java.base@23.0.1/SelectorImpl.java:142)
	at zmq.poll.Poller.run(Poller.java:236)
	at java.lang.Thread.runWith(java.base@23.0.1/Thread.java:1588)
	at java.lang.Thread.run(java.base@23.0.1/Thread.java:1575)

"Event Bus Poller" #29 [27904] daemon prio=5 os_prio=0 cpu=31.25ms elapsed=59.46s tid=0x0000024969389d60 nid=27904 runnable  [0x000000a2025fe000]
   java.lang.Thread.State: RUNNABLE
	at sun.nio.ch.WEPoll.wait(java.base@23.0.1/Native Method)
	at sun.nio.ch.WEPollSelectorImpl.doSelect(java.base@23.0.1/WEPollSelectorImpl.java:114)
	at sun.nio.ch.SelectorImpl.lockAndDoSelect(java.base@23.0.1/SelectorImpl.java:130)
	- locked <0x000000068302a908> (a sun.nio.ch.Util$2)
	- locked <0x000000068302a8a8> (a sun.nio.ch.WEPollSelectorImpl)
	at sun.nio.ch.SelectorImpl.select(java.base@23.0.1/SelectorImpl.java:142)
	at zmq.ZMQ.poll(ZMQ.java:1061)
	at org.zeromq.ZMQ$Poller.poll(ZMQ.java:4251)
	at org.openqa.selenium.events.zeromq.UnboundZmqEventBus$PollingRunnable.run(UnboundZmqEventBus.java:244)
	at java.util.concurrent.Executors$RunnableAdapter.call(java.base@23.0.1/Executors.java:572)
	at java.util.concurrent.FutureTask.run(java.base@23.0.1/FutureTask.java:317)
	at java.util.concurrent.ThreadPoolExecutor.runWorker(java.base@23.0.1/ThreadPoolExecutor.java:1144)
	at java.util.concurrent.ThreadPoolExecutor$Worker.run(java.base@23.0.1/ThreadPoolExecutor.java:642)
	at java.lang.Thread.runWith(java.base@23.0.1/Thread.java:1588)
	at java.lang.Thread.run(java.base@23.0.1/Thread.java:1575)

"Local Node - Session Cleanup http://192.168.56.1:7777" #44 [5316] daemon prio=5 os_prio=0 cpu=0.00ms elapsed=57.92s tid=0x00000249696c3de0 nid=5316 waiting on condition  [0x000000a201eff000]
   java.lang.Thread.State: TIMED_WAITING (parking)
	at jdk.internal.misc.Unsafe.park(java.base@23.0.1/Native Method)
	- parking to wait for  <0x00000006984353e0> (a java.util.concurrent.locks.AbstractQueuedSynchronizer$ConditionObject)
	at java.util.concurrent.locks.LockSupport.parkNanos(java.base@23.0.1/LockSupport.java:269)
	at java.util.concurrent.locks.AbstractQueuedSynchronizer$ConditionObject.awaitNanos(java.base@23.0.1/AbstractQueuedSynchronizer.java:1763)
	at java.util.concurrent.ScheduledThreadPoolExecutor$DelayedWorkQueue.take(java.base@23.0.1/ScheduledThreadPoolExecutor.java:1182)
	at java.util.concurrent.ScheduledThreadPoolExecutor$DelayedWorkQueue.take(java.base@23.0.1/ScheduledThreadPoolExecutor.java:899)
	at java.util.concurrent.ThreadPoolExecutor.getTask(java.base@23.0.1/ThreadPoolExecutor.java:1070)
	at java.util.concurrent.ThreadPoolExecutor.runWorker(java.base@23.0.1/ThreadPoolExecutor.java:1130)
	at java.util.concurrent.ThreadPoolExecutor$Worker.run(java.base@23.0.1/ThreadPoolExecutor.java:642)
	at java.lang.Thread.runWith(java.base@23.0.1/Thread.java:1588)
	at java.lang.Thread.run(java.base@23.0.1/Thread.java:1575)

"UploadTempFile Cleanup Node http://192.168.56.1:7777" #45 [25624] daemon prio=5 os_prio=0 cpu=0.00ms elapsed=57.92s tid=0x000002496a6a9040 nid=25624 waiting on condition  [0x000000a202fff000]
   java.lang.Thread.State: TIMED_WAITING (parking)
	at jdk.internal.misc.Unsafe.park(java.base@23.0.1/Native Method)
	- parking to wait for  <0x0000000698415508> (a java.util.concurrent.locks.AbstractQueuedSynchronizer$ConditionObject)
	at java.util.concurrent.locks.LockSupport.parkNanos(java.base@23.0.1/LockSupport.java:269)
	at java.util.concurrent.locks.AbstractQueuedSynchronizer$ConditionObject.awaitNanos(java.base@23.0.1/AbstractQueuedSynchronizer.java:1763)
	at java.util.concurrent.ScheduledThreadPoolExecutor$DelayedWorkQueue.take(java.base@23.0.1/ScheduledThreadPoolExecutor.java:1182)
	at java.util.concurrent.ScheduledThreadPoolExecutor$DelayedWorkQueue.take(java.base@23.0.1/ScheduledThreadPoolExecutor.java:899)
	at java.util.concurrent.ThreadPoolExecutor.getTask(java.base@23.0.1/ThreadPoolExecutor.java:1070)
	at java.util.concurrent.ThreadPoolExecutor.runWorker(java.base@23.0.1/ThreadPoolExecutor.java:1130)
	at java.util.concurrent.ThreadPoolExecutor$Worker.run(java.base@23.0.1/ThreadPoolExecutor.java:642)
	at java.lang.Thread.runWith(java.base@23.0.1/Thread.java:1588)
	at java.lang.Thread.run(java.base@23.0.1/Thread.java:1575)

"DownloadTempFile Cleanup Node http://192.168.56.1:7777" #46 [26724] daemon prio=5 os_prio=0 cpu=0.00ms elapsed=57.92s tid=0x000002496a3c9390 nid=26724 waiting on condition  [0x000000a2030ff000]
   java.lang.Thread.State: TIMED_WAITING (parking)
	at jdk.internal.misc.Unsafe.park(java.base@23.0.1/Native Method)
	- parking to wait for  <0x000000069841ff50> (a java.util.concurrent.locks.AbstractQueuedSynchronizer$ConditionObject)
	at java.util.concurrent.locks.LockSupport.parkNanos(java.base@23.0.1/LockSupport.java:269)
	at java.util.concurrent.locks.AbstractQueuedSynchronizer$ConditionObject.awaitNanos(java.base@23.0.1/AbstractQueuedSynchronizer.java:1763)
	at java.util.concurrent.ScheduledThreadPoolExecutor$DelayedWorkQueue.take(java.base@23.0.1/ScheduledThreadPoolExecutor.java:1182)
	at java.util.concurrent.ScheduledThreadPoolExecutor$DelayedWorkQueue.take(java.base@23.0.1/ScheduledThreadPoolExecutor.java:899)
	at java.util.concurrent.ThreadPoolExecutor.getTask(java.base@23.0.1/ThreadPoolExecutor.java:1070)
	at java.util.concurrent.ThreadPoolExecutor.runWorker(java.base@23.0.1/ThreadPoolExecutor.java:1130)
	at java.util.concurrent.ThreadPoolExecutor$Worker.run(java.base@23.0.1/ThreadPoolExecutor.java:642)
	at java.lang.Thread.runWith(java.base@23.0.1/Thread.java:1588)
	at java.lang.Thread.run(java.base@23.0.1/Thread.java:1575)

"HeartBeat Node http://192.168.56.1:7777" #47 [15684] daemon prio=5 os_prio=0 cpu=0.00ms elapsed=57.92s tid=0x000002496a3cadd0 nid=15684 waiting on condition  [0x000000a2031ff000]
   java.lang.Thread.State: TIMED_WAITING (parking)
	at jdk.internal.misc.Unsafe.park(java.base@23.0.1/Native Method)
	- parking to wait for  <0x000000069840aac0> (a java.util.concurrent.locks.AbstractQueuedSynchronizer$ConditionObject)
	at java.util.concurrent.locks.LockSupport.parkNanos(java.base@23.0.1/LockSupport.java:269)
	at java.util.concurrent.locks.AbstractQueuedSynchronizer$ConditionObject.awaitNanos(java.base@23.0.1/AbstractQueuedSynchronizer.java:1763)
	at java.util.concurrent.ScheduledThreadPoolExecutor$DelayedWorkQueue.take(java.base@23.0.1/ScheduledThreadPoolExecutor.java:1182)
	at java.util.concurrent.ScheduledThreadPoolExecutor$DelayedWorkQueue.take(java.base@23.0.1/ScheduledThreadPoolExecutor.java:899)
	at java.util.concurrent.ThreadPoolExecutor.getTask(java.base@23.0.1/ThreadPoolExecutor.java:1070)
	at java.util.concurrent.ThreadPoolExecutor.runWorker(java.base@23.0.1/ThreadPoolExecutor.java:1130)
	at java.util.concurrent.ThreadPoolExecutor$Worker.run(java.base@23.0.1/ThreadPoolExecutor.java:642)
	at java.lang.Thread.runWith(java.base@23.0.1/Thread.java:1588)
	at java.lang.Thread.run(java.base@23.0.1/Thread.java:1575)

"nioEventLoopGroup-2-1" #49 [25956] prio=10 os_prio=2 cpu=0.00ms elapsed=57.75s tid=0x000002496a3c9a20 nid=25956 runnable  [0x000000a2032fe000]
   java.lang.Thread.State: RUNNABLE
	at sun.nio.ch.WEPoll.wait(java.base@23.0.1/Native Method)
	at sun.nio.ch.WEPollSelectorImpl.doSelect(java.base@23.0.1/WEPollSelectorImpl.java:114)
	at sun.nio.ch.SelectorImpl.lockAndDoSelect(java.base@23.0.1/SelectorImpl.java:130)
	- locked <0x000000069842aa00> (a io.netty.channel.nio.SelectedSelectionKeySet)
	- locked <0x000000069842a9a0> (a sun.nio.ch.WEPollSelectorImpl)
	at sun.nio.ch.SelectorImpl.select(java.base@23.0.1/SelectorImpl.java:147)
	at io.netty.channel.nio.SelectedSelectionKeySetSelector.select(SelectedSelectionKeySetSelector.java:68)
	at io.netty.channel.nio.NioEventLoop.select(NioEventLoop.java:887)
	at io.netty.channel.nio.NioEventLoop.run(NioEventLoop.java:526)
	at io.netty.util.concurrent.SingleThreadEventExecutor$4.run(SingleThreadEventExecutor.java:998)
	at io.netty.util.internal.ThreadExecutorMap$2.run(ThreadExecutorMap.java:74)
	at io.netty.util.concurrent.FastThreadLocalRunnable.run(FastThreadLocalRunnable.java:30)
	at java.lang.Thread.runWith(java.base@23.0.1/Thread.java:1588)
	at java.lang.Thread.run(java.base@23.0.1/Thread.java:1575)

"DestroyJavaVM" #51 [16168] prio=5 os_prio=0 cpu=171.88ms elapsed=57.75s tid=0x000002496a3ca0b0 nid=16168 waiting on condition  [0x0000000000000000]
   java.lang.Thread.State: RUNNABLE

"Event Bus Publisher" #52 [16612] daemon prio=5 os_prio=0 cpu=0.00ms elapsed=57.73s tid=0x000002496a3cc810 nid=16612 waiting on condition  [0x000000a2034fe000]
   java.lang.Thread.State: WAITING (parking)
	at jdk.internal.misc.Unsafe.park(java.base@23.0.1/Native Method)
	- parking to wait for  <0x00000006830d0540> (a java.util.concurrent.locks.AbstractQueuedSynchronizer$ConditionObject)
	at java.util.concurrent.locks.LockSupport.park(java.base@23.0.1/LockSupport.java:371)
	at java.util.concurrent.locks.AbstractQueuedSynchronizer$ConditionNode.block(java.base@23.0.1/AbstractQueuedSynchronizer.java:519)
	at java.util.concurrent.ForkJoinPool.unmanagedBlock(java.base@23.0.1/ForkJoinPool.java:4021)
	at java.util.concurrent.ForkJoinPool.managedBlock(java.base@23.0.1/ForkJoinPool.java:3967)
	at java.util.concurrent.locks.AbstractQueuedSynchronizer$ConditionObject.await(java.base@23.0.1/AbstractQueuedSynchronizer.java:1712)
	at java.util.concurrent.LinkedBlockingQueue.take(java.base@23.0.1/LinkedBlockingQueue.java:435)
	at java.util.concurrent.ThreadPoolExecutor.getTask(java.base@23.0.1/ThreadPoolExecutor.java:1070)
	at java.util.concurrent.ThreadPoolExecutor.runWorker(java.base@23.0.1/ThreadPoolExecutor.java:1130)
	at java.util.concurrent.ThreadPoolExecutor$Worker.run(java.base@23.0.1/ThreadPoolExecutor.java:642)
	at java.lang.Thread.runWith(java.base@23.0.1/Thread.java:1588)
	at java.lang.Thread.run(java.base@23.0.1/Thread.java:1575)

"nioEventLoopGroup-3-1" #53 [25660] prio=10 os_prio=2 cpu=15.62ms elapsed=57.53s tid=0x000002496a3cb460 nid=25660 runnable  [0x000000a2035ff000]
   java.lang.Thread.State: RUNNABLE
	at sun.nio.ch.WEPoll.wait(java.base@23.0.1/Native Method)
	at sun.nio.ch.WEPollSelectorImpl.doSelect(java.base@23.0.1/WEPollSelectorImpl.java:114)
	at sun.nio.ch.SelectorImpl.lockAndDoSelect(java.base@23.0.1/SelectorImpl.java:130)
	- locked <0x000000069844a8d8> (a io.netty.channel.nio.SelectedSelectionKeySet)
	- locked <0x000000069844a878> (a sun.nio.ch.WEPollSelectorImpl)
	at sun.nio.ch.SelectorImpl.select(java.base@23.0.1/SelectorImpl.java:147)
	at io.netty.channel.nio.SelectedSelectionKeySetSelector.select(SelectedSelectionKeySetSelector.java:68)
	at io.netty.channel.nio.NioEventLoop.select(NioEventLoop.java:887)
	at io.netty.channel.nio.NioEventLoop.run(NioEventLoop.java:526)
	at io.netty.util.concurrent.SingleThreadEventExecutor$4.run(SingleThreadEventExecutor.java:998)
	at io.netty.util.internal.ThreadExecutorMap$2.run(ThreadExecutorMap.java:74)
	at io.netty.util.concurrent.FastThreadLocalRunnable.run(FastThreadLocalRunnable.java:30)
	at java.lang.Thread.runWith(java.base@23.0.1/Thread.java:1588)
	at java.lang.Thread.run(java.base@23.0.1/Thread.java:1575)

"pool-2-thread-1" #54 [27764] prio=5 os_prio=0 cpu=62.50ms elapsed=57.49s tid=0x000002496a3cbaf0 nid=27764 waiting on condition  [0x000000a2036fe000]
   java.lang.Thread.State: TIMED_WAITING (parking)
	at jdk.internal.misc.Unsafe.park(java.base@23.0.1/Native Method)
	- parking to wait for  <0x0000000698539668> (a java.util.concurrent.SynchronousQueue$Transferer)
	at java.util.concurrent.locks.LockSupport.parkNanos(java.base@23.0.1/LockSupport.java:410)
	at java.util.concurrent.LinkedTransferQueue$DualNode.await(java.base@23.0.1/LinkedTransferQueue.java:452)
	at java.util.concurrent.SynchronousQueue$Transferer.xferLifo(java.base@23.0.1/SynchronousQueue.java:194)
	at java.util.concurrent.SynchronousQueue.xfer(java.base@23.0.1/SynchronousQueue.java:235)
	at java.util.concurrent.SynchronousQueue.poll(java.base@23.0.1/SynchronousQueue.java:338)
	at java.util.concurrent.ThreadPoolExecutor.getTask(java.base@23.0.1/ThreadPoolExecutor.java:1069)
	at java.util.concurrent.ThreadPoolExecutor.runWorker(java.base@23.0.1/ThreadPoolExecutor.java:1130)
	at java.util.concurrent.ThreadPoolExecutor$Worker.run(java.base@23.0.1/ThreadPoolExecutor.java:642)
	at java.lang.Thread.runWith(java.base@23.0.1/Thread.java:1588)
	at java.lang.Thread.run(java.base@23.0.1/Thread.java:1575)

"Event Bus Listener Notifier" #55 [28436] daemon prio=5 os_prio=0 cpu=0.00ms elapsed=57.44s tid=0x000002496a3cc180 nid=28436 waiting on condition  [0x000000a2038fe000]
   java.lang.Thread.State: WAITING (parking)
	at jdk.internal.misc.Unsafe.park(java.base@23.0.1/Native Method)
	- parking to wait for  <0x0000000683127ec0> (a java.util.concurrent.locks.AbstractQueuedSynchronizer$ConditionObject)
	at java.util.concurrent.locks.LockSupport.park(java.base@23.0.1/LockSupport.java:371)
	at java.util.concurrent.locks.AbstractQueuedSynchronizer$ConditionNode.block(java.base@23.0.1/AbstractQueuedSynchronizer.java:519)
	at java.util.concurrent.ForkJoinPool.unmanagedBlock(java.base@23.0.1/ForkJoinPool.java:4021)
	at java.util.concurrent.ForkJoinPool.managedBlock(java.base@23.0.1/ForkJoinPool.java:3967)
	at java.util.concurrent.locks.AbstractQueuedSynchronizer$ConditionObject.await(java.base@23.0.1/AbstractQueuedSynchronizer.java:1712)
	at java.util.concurrent.LinkedBlockingQueue.take(java.base@23.0.1/LinkedBlockingQueue.java:435)
	at java.util.concurrent.ThreadPoolExecutor.getTask(java.base@23.0.1/ThreadPoolExecutor.java:1070)
	at java.util.concurrent.ThreadPoolExecutor.runWorker(java.base@23.0.1/ThreadPoolExecutor.java:1130)
	at java.util.concurrent.ThreadPoolExecutor$Worker.run(java.base@23.0.1/ThreadPoolExecutor.java:642)
	at java.lang.Thread.runWith(java.base@23.0.1/Thread.java:1588)
	at java.lang.Thread.run(java.base@23.0.1/Thread.java:1575)

"Event Bus Listener Notifier" #56 [18176] daemon prio=5 os_prio=0 cpu=0.00ms elapsed=57.36s tid=0x000002496987c4b0 nid=18176 waiting on condition  [0x000000a2039fe000]
   java.lang.Thread.State: WAITING (parking)
	at jdk.internal.misc.Unsafe.park(java.base@23.0.1/Native Method)
	- parking to wait for  <0x0000000683127ec0> (a java.util.concurrent.locks.AbstractQueuedSynchronizer$ConditionObject)
	at java.util.concurrent.locks.LockSupport.park(java.base@23.0.1/LockSupport.java:371)
	at java.util.concurrent.locks.AbstractQueuedSynchronizer$ConditionNode.block(java.base@23.0.1/AbstractQueuedSynchronizer.java:519)
	at java.util.concurrent.ForkJoinPool.unmanagedBlock(java.base@23.0.1/ForkJoinPool.java:4021)
	at java.util.concurrent.ForkJoinPool.managedBlock(java.base@23.0.1/ForkJoinPool.java:3967)
	at java.util.concurrent.locks.AbstractQueuedSynchronizer$ConditionObject.await(java.base@23.0.1/AbstractQueuedSynchronizer.java:1712)
	at java.util.concurrent.LinkedBlockingQueue.take(java.base@23.0.1/LinkedBlockingQueue.java:435)
	at java.util.concurrent.ThreadPoolExecutor.getTask(java.base@23.0.1/ThreadPoolExecutor.java:1070)
	at java.util.concurrent.ThreadPoolExecutor.runWorker(java.base@23.0.1/ThreadPoolExecutor.java:1130)
	at java.util.concurrent.ThreadPoolExecutor$Worker.run(java.base@23.0.1/ThreadPoolExecutor.java:642)
	at java.lang.Thread.runWith(java.base@23.0.1/Thread.java:1588)
	at java.lang.Thread.run(java.base@23.0.1/Thread.java:1575)

"Event Bus Listener Notifier" #57 [24124] daemon prio=5 os_prio=0 cpu=0.00ms elapsed=57.28s tid=0x000002496987aa70 nid=24124 waiting on condition  [0x000000a2037ff000]
   java.lang.Thread.State: WAITING (parking)
	at jdk.internal.misc.Unsafe.park(java.base@23.0.1/Native Method)
	- parking to wait for  <0x0000000683127ec0> (a java.util.concurrent.locks.AbstractQueuedSynchronizer$ConditionObject)
	at java.util.concurrent.locks.LockSupport.park(java.base@23.0.1/LockSupport.java:371)
	at java.util.concurrent.locks.AbstractQueuedSynchronizer$ConditionNode.block(java.base@23.0.1/AbstractQueuedSynchronizer.java:519)
	at java.util.concurrent.ForkJoinPool.unmanagedBlock(java.base@23.0.1/ForkJoinPool.java:4021)
	at java.util.concurrent.ForkJoinPool.managedBlock(java.base@23.0.1/ForkJoinPool.java:3967)
	at java.util.concurrent.locks.AbstractQueuedSynchronizer$ConditionObject.await(java.base@23.0.1/AbstractQueuedSynchronizer.java:1712)
	at java.util.concurrent.LinkedBlockingQueue.take(java.base@23.0.1/LinkedBlockingQueue.java:435)
	at java.util.concurrent.ThreadPoolExecutor.getTask(java.base@23.0.1/ThreadPoolExecutor.java:1070)
	at java.util.concurrent.ThreadPoolExecutor.runWorker(java.base@23.0.1/ThreadPoolExecutor.java:1130)
	at java.util.concurrent.ThreadPoolExecutor$Worker.run(java.base@23.0.1/ThreadPoolExecutor.java:642)
	at java.lang.Thread.runWith(java.base@23.0.1/Thread.java:1588)
	at java.lang.Thread.run(java.base@23.0.1/Thread.java:1575)

"UrlChecker-2" #62 [28788] daemon prio=5 os_prio=0 cpu=15.62ms elapsed=35.47s tid=0x0000024969878310 nid=28788 waiting on condition  [0x000000a203bfe000]
   java.lang.Thread.State: TIMED_WAITING (parking)
	at jdk.internal.misc.Unsafe.park(java.base@23.0.1/Native Method)
	- parking to wait for  <0x00000006984356b8> (a java.util.concurrent.SynchronousQueue$Transferer)
	at java.util.concurrent.locks.LockSupport.parkNanos(java.base@23.0.1/LockSupport.java:410)
	at java.util.concurrent.LinkedTransferQueue$DualNode.await(java.base@23.0.1/LinkedTransferQueue.java:452)
	at java.util.concurrent.SynchronousQueue$Transferer.xferLifo(java.base@23.0.1/SynchronousQueue.java:194)
	at java.util.concurrent.SynchronousQueue.xfer(java.base@23.0.1/SynchronousQueue.java:235)
	at java.util.concurrent.SynchronousQueue.poll(java.base@23.0.1/SynchronousQueue.java:338)
	at java.util.concurrent.ThreadPoolExecutor.getTask(java.base@23.0.1/ThreadPoolExecutor.java:1069)
	at java.util.concurrent.ThreadPoolExecutor.runWorker(java.base@23.0.1/ThreadPoolExecutor.java:1130)
	at java.util.concurrent.ThreadPoolExecutor$Worker.run(java.base@23.0.1/ThreadPoolExecutor.java:642)
	at java.lang.Thread.runWith(java.base@23.0.1/Thread.java:1588)
	at java.lang.Thread.run(java.base@23.0.1/Thread.java:1575)

"CompletableFutureDelayScheduler" #68 [352] daemon prio=5 os_prio=0 cpu=0.00ms elapsed=35.29s tid=0x0000024969877c80 nid=352 waiting on condition  [0x000000a2042ff000]
   java.lang.Thread.State: TIMED_WAITING (parking)
	at jdk.internal.misc.Unsafe.park(java.base@23.0.1/Native Method)
	- parking to wait for  <0x000000069a5fcf58> (a java.util.concurrent.locks.AbstractQueuedSynchronizer$ConditionObject)
	at java.util.concurrent.locks.LockSupport.parkNanos(java.base@23.0.1/LockSupport.java:269)
	at java.util.concurrent.locks.AbstractQueuedSynchronizer$ConditionObject.awaitNanos(java.base@23.0.1/AbstractQueuedSynchronizer.java:1763)
	at java.util.concurrent.ScheduledThreadPoolExecutor$DelayedWorkQueue.take(java.base@23.0.1/ScheduledThreadPoolExecutor.java:1182)
	at java.util.concurrent.ScheduledThreadPoolExecutor$DelayedWorkQueue.take(java.base@23.0.1/ScheduledThreadPoolExecutor.java:899)
	at java.util.concurrent.ThreadPoolExecutor.getTask(java.base@23.0.1/ThreadPoolExecutor.java:1070)
	at java.util.concurrent.ThreadPoolExecutor.runWorker(java.base@23.0.1/ThreadPoolExecutor.java:1130)
	at java.util.concurrent.ThreadPoolExecutor$Worker.run(java.base@23.0.1/ThreadPoolExecutor.java:642)
	at java.lang.Thread.runWith(java.base@23.0.1/Thread.java:1588)
	at java.lang.Thread.run(java.base@23.0.1/Thread.java:1575)

"nioEventLoopGroup-3-2" #72 [9368] prio=10 os_prio=2 cpu=62.50ms elapsed=34.70s tid=0x000002496987d1d0 nid=9368 runnable  [0x000000a2046ff000]
   java.lang.Thread.State: RUNNABLE
	at sun.nio.ch.WEPoll.wait(java.base@23.0.1/Native Method)
	at sun.nio.ch.WEPollSelectorImpl.doSelect(java.base@23.0.1/WEPollSelectorImpl.java:114)
	at sun.nio.ch.SelectorImpl.lockAndDoSelect(java.base@23.0.1/SelectorImpl.java:130)
	- locked <0x0000000698088830> (a io.netty.channel.nio.SelectedSelectionKeySet)
	- locked <0x0000000698089858> (a sun.nio.ch.WEPollSelectorImpl)
	at sun.nio.ch.SelectorImpl.select(java.base@23.0.1/SelectorImpl.java:147)
	at io.netty.channel.nio.SelectedSelectionKeySetSelector.select(SelectedSelectionKeySetSelector.java:68)
	at io.netty.channel.nio.NioEventLoop.select(NioEventLoop.java:887)
	at io.netty.channel.nio.NioEventLoop.run(NioEventLoop.java:526)
	at io.netty.util.concurrent.SingleThreadEventExecutor$4.run(SingleThreadEventExecutor.java:998)
	at io.netty.util.internal.ThreadExecutorMap$2.run(ThreadExecutorMap.java:74)
	at io.netty.util.concurrent.FastThreadLocalRunnable.run(FastThreadLocalRunnable.java:30)
	at java.lang.Thread.runWith(java.base@23.0.1/Thread.java:1588)
	at java.lang.Thread.run(java.base@23.0.1/Thread.java:1575)

"Keep-Alive-Timer" #73 [26416] daemon prio=8 os_prio=1 cpu=0.00ms elapsed=0.33s tid=0x000002496987b100 nid=26416 waiting on condition  [0x000000a203cff000]
   java.lang.Thread.State: TIMED_WAITING (sleeping)
	at java.lang.Thread.sleepNanos0(java.base@23.0.1/Native Method)
	at java.lang.Thread.sleepNanos(java.base@23.0.1/Thread.java:496)
	at java.lang.Thread.sleep(java.base@23.0.1/Thread.java:527)
	at sun.net.www.http.KeepAliveCache.run(java.base@23.0.1/KeepAliveCache.java:238)
	at java.lang.Thread.runWith(java.base@23.0.1/Thread.java:1588)
	at java.lang.Thread.run(java.base@23.0.1/Thread.java:1575)
	at jdk.internal.misc.InnocuousThread.run(java.base@23.0.1/InnocuousThread.java:186)

"G1 Conc#2" os_prio=2 cpu=0.00ms elapsed=35.33s tid=0x00000249693f9d10 nid=29252 runnable  

"G1 Conc#1" os_prio=2 cpu=0.00ms elapsed=35.33s tid=0x00000249693fa820 nid=20376 runnable  

"GC Thread#9" os_prio=2 cpu=15.62ms elapsed=59.46s tid=0x00000249693fa470 nid=23588 runnable  

"GC Thread#8" os_prio=2 cpu=0.00ms elapsed=59.47s tid=0x00000249693fabd0 nid=18504 runnable  

"GC Thread#7" os_prio=2 cpu=0.00ms elapsed=59.47s tid=0x00000249693f9910 nid=28280 runnable  

"GC Thread#6" os_prio=2 cpu=0.00ms elapsed=59.47s tid=0x00000249693f9150 nid=28624 runnable  

"GC Thread#3" os_prio=2 cpu=0.00ms elapsed=59.47s tid=0x00000249694400b0 nid=8180 runnable  

"GC Thread#4" os_prio=2 cpu=15.62ms elapsed=59.47s tid=0x0000024969440860 nid=20908 runnable  

"GC Thread#5" os_prio=2 cpu=0.00ms elapsed=59.47s tid=0x00000249693f8590 nid=28648 runnable  

"GC Thread#2" os_prio=2 cpu=15.62ms elapsed=59.47s tid=0x000002496943f900 nid=21520 runnable  

"GC Thread#1" os_prio=2 cpu=0.00ms elapsed=59.47s tid=0x0000024969445f10 nid=27440 runnable  

"VM Thread" os_prio=2 cpu=15.62ms elapsed=59.98s tid=0x0000024922b4de20 nid=17764 runnable  

"VM Periodic Task Thread" os_prio=2 cpu=0.00ms elapsed=59.98s tid=0x0000024922b3c930 nid=8868 waiting on condition  

"G1 Service" os_prio=2 cpu=0.00ms elapsed=59.99s tid=0x0000024922a116e0 nid=26552 runnable  

"G1 Refine#0" os_prio=2 cpu=0.00ms elapsed=59.99s tid=0x0000024922a10eb0 nid=25728 runnable  

"G1 Conc#0" os_prio=2 cpu=0.00ms elapsed=59.99s tid=0x0000024901500430 nid=23184 runnable  

"G1 Main Marker" os_prio=2 cpu=0.00ms elapsed=59.99s tid=0x00000249014ffb10 nid=28720 runnable  

"GC Thread#0" os_prio=2 cpu=15.62ms elapsed=59.99s tid=0x00000249014d2bc0 nid=8920 runnable  

JNI global refs: 15, weak refs: 0

Heap
 garbage-first heap   total reserved 6250496K, committed 57344K, used 45838K [0x0000000682800000, 0x0000000800000000)
  region size 4096K, 8 young (32768K), 2 survivors (8192K)
 Metaspace       used 24383K, committed 24768K, reserved 1114112K
  class space    used 3064K, committed 3200K, reserved 1048576K

